[2019-05-31T19:39:07.196] [INFO] pinus - [game-server-1 application.js] application inited: "game-server-1"
[2019-05-31T19:39:07.205] [INFO] logger - [game-server-1 console] game-server-1 !!!before startup
[2019-05-31T19:39:07.206] [INFO] pinus - [game-server-1 application.js] "game-server-1" enter before start...
[2019-05-31T19:39:07.207] [INFO] pinus - [game-server-1 application.js] "game-server-1" enter after start...
[2019-05-31T19:39:07.215] [INFO] pinus-admin - [game-server-1 consoleService.js] try to connect master: "game", "127.0.0.1", 3005
[2019-05-31T19:39:07.237] [INFO] game - [game-server-1 componentsMgr.js] 组件加载完成
[2019-05-31T19:39:07.284] [INFO] game - [game-server-1 conn.js] "game-server-1"[game-server-1]mongoose db connected OK!
[2019-05-31T19:39:07.306] [INFO] pinus - [game-server-1 application.js] "game-server-1" enter after start...
[2019-05-31T19:39:07.307] [INFO] pinus - [game-server-1 application.js] "game-server-1" finish start
[2019-05-31T19:39:07.307] [INFO] logger - [game-server-1 console] game-server-1 !!afterStartup
[2019-05-31T19:39:07.307] [INFO] pinus - [game-server-1 application.js] "game-server-1" startup in 105 ms
[2019-05-31T19:39:07.312] [DEBUG] pinus - [game-server-1 monitorwatcher.js] [game-server-1] receive addServer signal: {"action":"addServer","server":{"main":"D:\\工作目录\\trunk\\05_server\\tyrannosaurus\\game-server\\dist\\app","env":"development","zone":"cn","id":"name-server-1","host":"127.0.0.1","port":7170,"auto-restart":"true","serverType":"name","remoterPaths":[{"namespace":"sys","serverType":"name","path":"D:\\工作目录\\trunk\\05_server\\tyrannosaurus\\game-server\\node_modules\\pinus\\dist\\lib\\common\\remote\\backend"},{"namespace":"user","serverType":"name","path":"D:\\工作目录\\trunk\\05_server\\tyrannosaurus\\game-server\\dist\\app\\servers\\name\\remote"}],"handlerPaths":[],"pid":17612}}
[2019-05-31T19:39:07.333] [INFO] logger - [game-server-1 console] game-server-1 !!after start all
[2019-05-31T19:39:53.584] [INFO] logger - [game-server-1 console] connected
[2019-05-31T19:39:53.585] [DEBUG] forward-log - [game-server-1 msgRemote.js] session:[1,10000001,connector-server-1], handle message: {"id":3,"type":0,"compressRoute":0,"route":"game.p01_playerHandler.p01_loadPlayer","body":{"sign":"97385ec52154f35a"},"compressGzip":0}
[2019-05-31T19:39:53.589] [DEBUG] forward-log - [game-server-1 msgRemote.js] session:[1,10000001,connector-server-1], handle message result,err:null,msg:{"id":3,"type":0,"compressRoute":0,"route":"game.p01_playerHandler.p01_loadPlayer","body":{"sign":"97385ec52154f35a"},"compressGzip":0},resp:{"code":500,"desc":"验证数据失败","key":"VERIFY FAIL"}
[2019-05-31T19:39:59.465] [DEBUG] forward-log - [game-server-1 msgRemote.js] session:[2,10000001,connector-server-1], handle message: {"id":6,"type":0,"compressRoute":0,"route":"game.p01_playerHandler.p01_loadPlayer","body":{"sign":"97385ec52154f35a"},"compressGzip":0}
[2019-05-31T19:39:59.466] [DEBUG] forward-log - [game-server-1 msgRemote.js] session:[2,10000001,connector-server-1], handle message result,err:null,msg:{"id":6,"type":0,"compressRoute":0,"route":"game.p01_playerHandler.p01_loadPlayer","body":{"sign":"97385ec52154f35a"},"compressGzip":0},resp:{"code":500,"desc":"验证数据失败","key":"VERIFY FAIL"}
[2019-05-31T19:45:29.482] [DEBUG] forward-log - [game-server-1 msgRemote.js] session:[3,10000001,connector-server-1], handle message: {"id":9,"type":0,"compressRoute":0,"route":"game.p01_playerHandler.p01_loadPlayer","body":{"sign":"97385ec52154f35a"},"compressGzip":0}
[2019-05-31T19:45:29.483] [DEBUG] forward-log - [game-server-1 msgRemote.js] session:[3,10000001,connector-server-1], handle message result,err:null,msg:{"id":9,"type":0,"compressRoute":0,"route":"game.p01_playerHandler.p01_loadPlayer","body":{"sign":"97385ec52154f35a"},"compressGzip":0},resp:{"code":500,"desc":"验证数据失败","key":"VERIFY FAIL"}
[2019-05-31T19:48:57.412] [INFO] pinus - [game-server-1 application.js] application inited: "game-server-1"
[2019-05-31T19:48:57.427] [INFO] logger - [game-server-1 console] game-server-1 !!!before startup
[2019-05-31T19:48:57.428] [INFO] pinus - [game-server-1 application.js] "game-server-1" enter before start...
[2019-05-31T19:48:57.428] [INFO] pinus - [game-server-1 application.js] "game-server-1" enter after start...
[2019-05-31T19:48:57.435] [INFO] pinus-admin - [game-server-1 consoleService.js] try to connect master: "game", "127.0.0.1", 3005
[2019-05-31T19:48:57.460] [INFO] game - [game-server-1 componentsMgr.js] 组件加载完成
[2019-05-31T19:48:57.508] [INFO] game - [game-server-1 conn.js] "game-server-1"[game-server-1]mongoose db connected OK!
[2019-05-31T19:48:57.529] [INFO] pinus - [game-server-1 application.js] "game-server-1" enter after start...
[2019-05-31T19:48:57.529] [INFO] pinus - [game-server-1 application.js] "game-server-1" finish start
[2019-05-31T19:48:57.530] [INFO] logger - [game-server-1 console] game-server-1 !!afterStartup
[2019-05-31T19:48:57.530] [INFO] pinus - [game-server-1 application.js] "game-server-1" startup in 106 ms
[2019-05-31T19:48:57.533] [INFO] logger - [game-server-1 console] game-server-1 !!after start all
[2019-05-31T20:06:43.600] [INFO] pinus - [game-server-1 application.js] application inited: "game-server-1"
[2019-05-31T20:06:43.612] [INFO] logger - [game-server-1 console] game-server-1 !!!before startup
[2019-05-31T20:06:43.613] [INFO] pinus - [game-server-1 application.js] "game-server-1" enter before start...
[2019-05-31T20:06:43.614] [INFO] pinus - [game-server-1 application.js] "game-server-1" enter after start...
[2019-05-31T20:06:43.630] [INFO] pinus-admin - [game-server-1 consoleService.js] try to connect master: "game", "127.0.0.1", 3005
[2019-05-31T20:06:43.650] [INFO] game - [game-server-1 componentsMgr.js] 组件加载完成
[2019-05-31T20:06:43.692] [INFO] game - [game-server-1 conn.js] "game-server-1"[game-server-1]mongoose db connected OK!
[2019-05-31T20:06:43.743] [INFO] pinus - [game-server-1 application.js] "game-server-1" enter after start...
[2019-05-31T20:06:43.744] [INFO] pinus - [game-server-1 application.js] "game-server-1" finish start
[2019-05-31T20:06:43.745] [INFO] logger - [game-server-1 console] game-server-1 !!afterStartup
[2019-05-31T20:06:43.745] [INFO] pinus - [game-server-1 application.js] "game-server-1" startup in 137 ms
[2019-05-31T20:06:43.746] [DEBUG] pinus - [game-server-1 monitorwatcher.js] [game-server-1] receive addServer signal: {"action":"addServer","server":{"main":"D:\\工作目录\\trunk\\05_server\\tyrannosaurus\\game-server\\dist\\app","env":"development","zone":"cn","id":"name-server-1","host":"127.0.0.1","port":7170,"auto-restart":"true","serverType":"name","remoterPaths":[{"namespace":"sys","serverType":"name","path":"D:\\工作目录\\trunk\\05_server\\tyrannosaurus\\game-server\\node_modules\\pinus\\dist\\lib\\common\\remote\\backend"},{"namespace":"user","serverType":"name","path":"D:\\工作目录\\trunk\\05_server\\tyrannosaurus\\game-server\\dist\\app\\servers\\name\\remote"}],"handlerPaths":[],"pid":16552}}
[2019-05-31T20:06:43.762] [INFO] logger - [game-server-1 console] game-server-1 !!after start all
[2019-05-31T20:11:33.825] [INFO] pinus - [game-server-1 application.js] application inited: "game-server-1"
[2019-05-31T20:11:33.834] [INFO] logger - [game-server-1 console] game-server-1 !!!before startup
[2019-05-31T20:11:33.835] [INFO] pinus - [game-server-1 application.js] "game-server-1" enter before start...
[2019-05-31T20:11:33.835] [INFO] pinus - [game-server-1 application.js] "game-server-1" enter after start...
[2019-05-31T20:11:33.844] [INFO] pinus-admin - [game-server-1 consoleService.js] try to connect master: "game", "127.0.0.1", 3005
[2019-05-31T20:11:33.865] [INFO] game - [game-server-1 componentsMgr.js] 组件加载完成
[2019-05-31T20:11:33.916] [INFO] game - [game-server-1 conn.js] "game-server-1"[game-server-1]mongoose db connected OK!
[2019-05-31T20:11:33.950] [INFO] pinus - [game-server-1 application.js] "game-server-1" enter after start...
[2019-05-31T20:11:33.951] [INFO] pinus - [game-server-1 application.js] "game-server-1" finish start
[2019-05-31T20:11:33.951] [INFO] logger - [game-server-1 console] game-server-1 !!afterStartup
[2019-05-31T20:11:33.951] [INFO] pinus - [game-server-1 application.js] "game-server-1" startup in 120 ms
[2019-05-31T20:11:33.952] [DEBUG] pinus - [game-server-1 monitorwatcher.js] [game-server-1] receive addServer signal: {"action":"addServer","server":{"main":"D:\\工作目录\\trunk\\05_server\\tyrannosaurus\\game-server\\dist\\app","env":"development","zone":"cn","id":"name-server-1","host":"127.0.0.1","port":7170,"auto-restart":"true","serverType":"name","remoterPaths":[{"namespace":"sys","serverType":"name","path":"D:\\工作目录\\trunk\\05_server\\tyrannosaurus\\game-server\\node_modules\\pinus\\dist\\lib\\common\\remote\\backend"},{"namespace":"user","serverType":"name","path":"D:\\工作目录\\trunk\\05_server\\tyrannosaurus\\game-server\\dist\\app\\servers\\name\\remote"}],"handlerPaths":[],"pid":2324}}
[2019-05-31T20:11:33.976] [INFO] logger - [game-server-1 console] game-server-1 !!after start all
[2019-05-31T20:13:15.108] [INFO] pinus - [game-server-1 application.js] application inited: "game-server-1"
[2019-05-31T20:13:15.118] [INFO] logger - [game-server-1 console] game-server-1 !!!before startup
[2019-05-31T20:13:15.119] [INFO] pinus - [game-server-1 application.js] "game-server-1" enter before start...
[2019-05-31T20:13:15.119] [INFO] pinus - [game-server-1 application.js] "game-server-1" enter after start...
[2019-05-31T20:13:15.128] [INFO] pinus-admin - [game-server-1 consoleService.js] try to connect master: "game", "127.0.0.1", 3005
[2019-05-31T20:13:15.146] [INFO] game - [game-server-1 componentsMgr.js] 组件加载完成
[2019-05-31T20:13:15.214] [INFO] game - [game-server-1 conn.js] "game-server-1"[game-server-1]mongoose db connected OK!
[2019-05-31T20:13:15.256] [INFO] pinus - [game-server-1 application.js] "game-server-1" enter after start...
[2019-05-31T20:13:15.258] [INFO] pinus - [game-server-1 application.js] "game-server-1" finish start
[2019-05-31T20:13:15.258] [INFO] logger - [game-server-1 console] game-server-1 !!afterStartup
[2019-05-31T20:13:15.258] [INFO] pinus - [game-server-1 application.js] "game-server-1" startup in 142 ms
[2019-05-31T20:13:15.260] [DEBUG] pinus - [game-server-1 monitorwatcher.js] [game-server-1] receive addServer signal: {"action":"addServer","server":{"main":"D:\\工作目录\\trunk\\05_server\\tyrannosaurus\\game-server\\dist\\app","env":"development","zone":"cn","id":"name-server-1","host":"127.0.0.1","port":7170,"auto-restart":"true","serverType":"name","remoterPaths":[{"namespace":"sys","serverType":"name","path":"D:\\工作目录\\trunk\\05_server\\tyrannosaurus\\game-server\\node_modules\\pinus\\dist\\lib\\common\\remote\\backend"},{"namespace":"user","serverType":"name","path":"D:\\工作目录\\trunk\\05_server\\tyrannosaurus\\game-server\\dist\\app\\servers\\name\\remote"}],"handlerPaths":[],"pid":13524}}
[2019-05-31T20:13:15.293] [INFO] logger - [game-server-1 console] game-server-1 !!after start all
[2019-05-31T20:13:39.557] [INFO] logger - [game-server-1 console] connected
[2019-05-31T20:13:39.558] [DEBUG] forward-log - [game-server-1 msgRemote.js] session:[1,10000001,connector-server-1], handle message: {"id":3,"type":0,"compressRoute":0,"route":"game.p01_playerHandler.p01_loadPlayer","body":{"sign":"97385ec52154f35a"},"compressGzip":0}
[2019-05-31T20:13:39.583] [DEBUG] forward-log - [game-server-1 msgRemote.js] session:[1,10000001,connector-server-1], handle message result,err:null,msg:{"id":3,"type":0,"compressRoute":0,"route":"game.p01_playerHandler.p01_loadPlayer","body":{"sign":"97385ec52154f35a"},"compressGzip":0},resp:{"code":200,"itemData":[],"userData":{"item":[],"hero":["5cf0f99eb3a82716c8cd0d9c"],"_id":"5cf0f99eb3a82716c8cd0d9b","uid":10000001,"name":"拳头之德玛安","avatar":"21401","level":1,"serverId":3,"exp":0,"gold":0,"gem":0,"totalRecharge":0,"__v":0,"createAt":"2019-05-31T10:43:06.115Z","lastLoginTime":"2019-05-31T10:43:06.115Z","updateAt":"2019-05-31T10:43:06.115Z"},"heroList":[{"_id":"5cf0f99eb3a82716c8cd0d9c","id":21401,"name":"21401","uid":10000001,"quality":4,"level":1,"activie_skill_lv":1,"passive_skill1_lv":0,"passive_skill2_lv":0,"passive_skill3_lv":0,"ctime":1,"__v":0,"createAt":"2019-05-31T10:43:06.115Z","server_id":"5cf0f99eb3a82716c8cd0d9c","updateAt":"2019-05-31T10:43:06.115Z"}]}
[2019-05-31T20:14:11.106] [INFO] pinus - [game-server-1 application.js] application inited: "game-server-1"
[2019-05-31T20:14:11.118] [INFO] logger - [game-server-1 console] game-server-1 !!!before startup
[2019-05-31T20:14:11.119] [INFO] pinus - [game-server-1 application.js] "game-server-1" enter before start...
[2019-05-31T20:14:11.120] [INFO] pinus - [game-server-1 application.js] "game-server-1" enter after start...
[2019-05-31T20:14:11.129] [INFO] pinus-admin - [game-server-1 consoleService.js] try to connect master: "game", "127.0.0.1", 3005
[2019-05-31T20:14:11.153] [INFO] game - [game-server-1 componentsMgr.js] 组件加载完成
[2019-05-31T20:14:11.193] [INFO] game - [game-server-1 conn.js] "game-server-1"[game-server-1]mongoose db connected OK!
[2019-05-31T20:14:11.249] [INFO] pinus - [game-server-1 application.js] "game-server-1" enter after start...
[2019-05-31T20:14:11.250] [INFO] pinus - [game-server-1 application.js] "game-server-1" finish start
[2019-05-31T20:14:11.251] [INFO] logger - [game-server-1 console] game-server-1 !!afterStartup
[2019-05-31T20:14:11.251] [INFO] pinus - [game-server-1 application.js] "game-server-1" startup in 136 ms
[2019-05-31T20:14:11.254] [INFO] logger - [game-server-1 console] game-server-1 !!after start all
[2019-05-31T20:14:49.870] [INFO] logger - [game-server-1 console] connected
[2019-05-31T20:14:49.871] [DEBUG] forward-log - [game-server-1 msgRemote.js] session:[1,10000001,connector-server-1], handle message: {"id":3,"type":0,"compressRoute":0,"route":"game.p01_playerHandler.p01_loadPlayer","body":{"sign":"97385ec52154f35a"},"compressGzip":0}
[2019-05-31T20:14:49.898] [DEBUG] forward-log - [game-server-1 msgRemote.js] session:[1,10000001,connector-server-1], handle message result,err:null,msg:{"id":3,"type":0,"compressRoute":0,"route":"game.p01_playerHandler.p01_loadPlayer","body":{"sign":"97385ec52154f35a"},"compressGzip":0},resp:{"code":200,"itemData":[],"userData":{"item":[],"hero":["5cf0f99eb3a82716c8cd0d9c"],"_id":"5cf0f99eb3a82716c8cd0d9b","uid":10000001,"name":"拳头之德玛安","avatar":"21401","level":1,"serverId":3,"exp":0,"gold":0,"gem":0,"totalRecharge":0,"__v":0,"createAt":"2019-05-31T10:43:06.115Z","lastLoginTime":"2019-05-31T10:43:06.115Z","updateAt":"2019-05-31T10:43:06.115Z"},"heroList":[{"_id":"5cf0f99eb3a82716c8cd0d9c","id":21401,"name":"21401","uid":10000001,"quality":4,"level":1,"activie_skill_lv":1,"passive_skill1_lv":0,"passive_skill2_lv":0,"passive_skill3_lv":0,"ctime":1,"__v":0,"createAt":"2019-05-31T10:43:06.115Z","server_id":"5cf0f99eb3a82716c8cd0d9c","updateAt":"2019-05-31T10:43:06.115Z"}]}
[2019-05-31T20:15:19.241] [INFO] pinus - [game-server-1 application.js] application inited: "game-server-1"
[2019-05-31T20:15:19.250] [INFO] logger - [game-server-1 console] game-server-1 !!!before startup
[2019-05-31T20:15:19.250] [INFO] pinus - [game-server-1 application.js] "game-server-1" enter before start...
[2019-05-31T20:15:19.250] [INFO] pinus - [game-server-1 application.js] "game-server-1" enter after start...
[2019-05-31T20:15:19.259] [INFO] pinus-admin - [game-server-1 consoleService.js] try to connect master: "game", "127.0.0.1", 3005
[2019-05-31T20:15:19.286] [INFO] game - [game-server-1 componentsMgr.js] 组件加载完成
[2019-05-31T20:15:19.330] [INFO] game - [game-server-1 conn.js] "game-server-1"[game-server-1]mongoose db connected OK!
[2019-05-31T20:15:19.375] [INFO] pinus - [game-server-1 application.js] "game-server-1" enter after start...
[2019-05-31T20:15:19.376] [INFO] pinus - [game-server-1 application.js] "game-server-1" finish start
[2019-05-31T20:15:19.377] [INFO] logger - [game-server-1 console] game-server-1 !!afterStartup
[2019-05-31T20:15:19.377] [INFO] pinus - [game-server-1 application.js] "game-server-1" startup in 130 ms
[2019-05-31T20:15:19.378] [DEBUG] pinus - [game-server-1 monitorwatcher.js] [game-server-1] receive addServer signal: {"action":"addServer","server":{"main":"D:\\工作目录\\trunk\\05_server\\tyrannosaurus\\game-server\\dist\\app","env":"development","zone":"cn","id":"name-server-1","host":"127.0.0.1","port":7170,"auto-restart":"true","serverType":"name","remoterPaths":[{"namespace":"sys","serverType":"name","path":"D:\\工作目录\\trunk\\05_server\\tyrannosaurus\\game-server\\node_modules\\pinus\\dist\\lib\\common\\remote\\backend"},{"namespace":"user","serverType":"name","path":"D:\\工作目录\\trunk\\05_server\\tyrannosaurus\\game-server\\dist\\app\\servers\\name\\remote"}],"handlerPaths":[],"pid":19004}}
[2019-05-31T20:15:19.402] [INFO] logger - [game-server-1 console] game-server-1 !!after start all
[2019-05-31T20:16:22.400] [INFO] pinus - [game-server-1 application.js] application inited: "game-server-1"
[2019-05-31T20:16:22.410] [INFO] logger - [game-server-1 console] game-server-1 !!!before startup
[2019-05-31T20:16:22.411] [INFO] pinus - [game-server-1 application.js] "game-server-1" enter before start...
[2019-05-31T20:16:22.411] [INFO] pinus - [game-server-1 application.js] "game-server-1" enter after start...
[2019-05-31T20:16:22.418] [INFO] pinus-admin - [game-server-1 consoleService.js] try to connect master: "game", "127.0.0.1", 3005
[2019-05-31T20:16:22.438] [INFO] game - [game-server-1 componentsMgr.js] 组件加载完成
[2019-05-31T20:16:22.501] [INFO] game - [game-server-1 conn.js] "game-server-1"[game-server-1]mongoose db connected OK!
[2019-05-31T20:16:22.547] [INFO] pinus - [game-server-1 application.js] "game-server-1" enter after start...
[2019-05-31T20:16:22.548] [INFO] pinus - [game-server-1 application.js] "game-server-1" finish start
[2019-05-31T20:16:22.548] [INFO] logger - [game-server-1 console] game-server-1 !!afterStartup
[2019-05-31T20:16:22.549] [INFO] pinus - [game-server-1 application.js] "game-server-1" startup in 143 ms
[2019-05-31T20:16:22.560] [DEBUG] pinus - [game-server-1 monitorwatcher.js] [game-server-1] receive addServer signal: {"action":"addServer","server":{"main":"D:\\工作目录\\trunk\\05_server\\tyrannosaurus\\game-server\\dist\\app","env":"development","zone":"cn","id":"name-server-1","host":"127.0.0.1","port":7170,"auto-restart":"true","serverType":"name","remoterPaths":[{"namespace":"sys","serverType":"name","path":"D:\\工作目录\\trunk\\05_server\\tyrannosaurus\\game-server\\node_modules\\pinus\\dist\\lib\\common\\remote\\backend"},{"namespace":"user","serverType":"name","path":"D:\\工作目录\\trunk\\05_server\\tyrannosaurus\\game-server\\dist\\app\\servers\\name\\remote"}],"handlerPaths":[],"pid":19420}}
[2019-05-31T20:16:22.585] [INFO] logger - [game-server-1 console] game-server-1 !!after start all
[2019-05-31T20:16:31.650] [INFO] logger - [game-server-1 console] connected
[2019-05-31T20:16:31.651] [DEBUG] forward-log - [game-server-1 msgRemote.js] session:[1,10000001,connector-server-1], handle message: {"id":3,"type":0,"compressRoute":1,"route":"game.p01_playerHandler.p01_loadPlayer","body":{"sign":"97385ec52154f35a"},"compressGzip":0}
[2019-05-31T20:16:31.676] [DEBUG] forward-log - [game-server-1 msgRemote.js] session:[1,10000001,connector-server-1], handle message result,err:null,msg:{"id":3,"type":0,"compressRoute":1,"route":"game.p01_playerHandler.p01_loadPlayer","body":{"sign":"97385ec52154f35a"},"compressGzip":0},resp:{"code":200,"itemData":[],"userData":{"item":[],"hero":["5cf0f99eb3a82716c8cd0d9c"],"_id":"5cf0f99eb3a82716c8cd0d9b","uid":10000001,"name":"拳头之德玛安","avatar":"21401","level":1,"serverId":3,"exp":0,"gold":0,"gem":0,"totalRecharge":0,"__v":0,"createAt":"2019-05-31T10:43:06.115Z","lastLoginTime":"2019-05-31T10:43:06.115Z","updateAt":"2019-05-31T10:43:06.115Z"},"heroList":[{"_id":"5cf0f99eb3a82716c8cd0d9c","id":21401,"name":"21401","uid":10000001,"quality":4,"level":1,"activie_skill_lv":1,"passive_skill1_lv":0,"passive_skill2_lv":0,"passive_skill3_lv":0,"ctime":1,"__v":0,"createAt":"2019-05-31T10:43:06.115Z","server_id":"5cf0f99eb3a82716c8cd0d9c","updateAt":"2019-05-31T10:43:06.115Z"}]}
[2019-05-31T20:18:16.075] [DEBUG] forward-log - [game-server-1 msgRemote.js] session:[2,10000001,connector-server-1], handle message: {"id":3,"type":0,"compressRoute":1,"route":"game.p01_playerHandler.p01_loadPlayer","body":{"sign":"97385ec52154f35a"},"compressGzip":0}
[2019-05-31T20:18:16.080] [DEBUG] forward-log - [game-server-1 msgRemote.js] session:[2,10000001,connector-server-1], handle message result,err:null,msg:{"id":3,"type":0,"compressRoute":1,"route":"game.p01_playerHandler.p01_loadPlayer","body":{"sign":"97385ec52154f35a"},"compressGzip":0},resp:{"code":200,"itemData":[],"userData":{"item":[],"hero":["5cf0f99eb3a82716c8cd0d9c"],"_id":"5cf0f99eb3a82716c8cd0d9b","uid":10000001,"name":"拳头之德玛安","avatar":"21401","level":1,"serverId":3,"exp":0,"gold":0,"gem":0,"totalRecharge":0,"__v":0,"createAt":"2019-05-31T10:43:06.115Z","lastLoginTime":"2019-05-31T10:43:06.115Z","updateAt":"2019-05-31T10:43:06.115Z"},"heroList":[{"_id":"5cf0f99eb3a82716c8cd0d9c","id":21401,"name":"21401","uid":10000001,"quality":4,"level":1,"activie_skill_lv":1,"passive_skill1_lv":0,"passive_skill2_lv":0,"passive_skill3_lv":0,"ctime":1,"__v":0,"createAt":"2019-05-31T10:43:06.115Z","server_id":"5cf0f99eb3a82716c8cd0d9c","updateAt":"2019-05-31T10:43:06.115Z"}]}
[2019-06-02T23:23:12.454] [INFO] pinus - [game-server-1 application.js] application inited: "game-server-1"
[2019-06-02T23:23:12.491] [INFO] logger - [game-server-1 console] game-server-1 !!!before startup
[2019-06-02T23:23:12.497] [INFO] pinus - [game-server-1 application.js] "game-server-1" enter before start...
[2019-06-02T23:23:12.501] [INFO] pinus - [game-server-1 application.js] "game-server-1" enter after start...
[2019-06-02T23:23:12.656] [INFO] pinus-admin - [game-server-1 consoleService.js] try to connect master: "game", "127.0.0.1", 3005
[2019-06-02T23:23:12.780] [INFO] game - [game-server-1 componentsMgr.js] 组件加载完成
[2019-06-02T23:23:12.977] [INFO] pinus - [game-server-1 application.js] "game-server-1" enter after start...
[2019-06-02T23:23:12.979] [INFO] pinus - [game-server-1 application.js] "game-server-1" finish start
[2019-06-02T23:23:12.980] [INFO] logger - [game-server-1 console] game-server-1 !!afterStartup
[2019-06-02T23:23:12.980] [INFO] pinus - [game-server-1 application.js] "game-server-1" startup in 507 ms
[2019-06-02T23:23:13.048] [INFO] game - [game-server-1 conn.js] "game-server-1"[game-server-1]mongoose db connected OK!
[2019-06-02T23:23:13.095] [DEBUG] pinus - [game-server-1 monitorwatcher.js] [game-server-1] receive addServer signal: {"action":"addServer","server":{"main":"/Users/macbookpro/Desktop/tyrannosaurus/game-server/dist/app","env":"development","id":"connector-server-1","host":"127.0.0.1","port":4050,"clientPort":3050,"frontend":"true","args":"--inspect=10001","serverType":"connector","remoterPaths":[{"namespace":"sys","serverType":"connector","path":"/Users/macbookpro/Desktop/tyrannosaurus/game-server/node_modules/pinus/dist/lib/common/remote/frontend"}],"handlerPaths":["/Users/macbookpro/Desktop/tyrannosaurus/game-server/dist/app/servers/connector/handler"],"pid":8060}}
[2019-06-02T23:23:13.208] [DEBUG] pinus - [game-server-1 monitorwatcher.js] [game-server-1] receive addServer signal: {"action":"addServer","server":{"main":"/Users/macbookpro/Desktop/tyrannosaurus/game-server/dist/app","env":"development","zone":"cn","id":"http-server-1","host":"127.0.0.1","port":6170,"auto-restart":"true","serverType":"http","remoterPaths":[{"namespace":"sys","serverType":"http","path":"/Users/macbookpro/Desktop/tyrannosaurus/game-server/node_modules/pinus/dist/lib/common/remote/backend"}],"handlerPaths":["/Users/macbookpro/Desktop/tyrannosaurus/game-server/dist/app/servers/http/handler"],"pid":8063}}
[2019-06-02T23:23:13.294] [INFO] logger - [game-server-1 console] game-server-1 !!after start all
[2019-06-03T01:10:36.266] [INFO] logger - [game-server-1 console] connected
[2019-06-03T01:10:36.279] [DEBUG] forward-log - [game-server-1 msgRemote.js] session:[1,10000001,connector-server-1], handle message: {"id":3,"type":0,"compressRoute":1,"route":"game.p01_playerHandler.p01_loadPlayer","body":{"sign":"97385ec52154f35a"},"compressGzip":0}
[2019-06-03T01:10:36.596] [DEBUG] forward-log - [game-server-1 msgRemote.js] session:[1,10000001,connector-server-1], handle message result,err:null,msg:{"id":3,"type":0,"compressRoute":1,"route":"game.p01_playerHandler.p01_loadPlayer","body":{"sign":"97385ec52154f35a"},"compressGzip":0},resp:{"code":200,"itemData":[],"userData":{"item":[],"hero":["5cf226adabc47010ce749623"],"_id":"5cf226adabc47010ce749622","uid":10000001,"name":"艾尔女孩熊","avatar":"21401","level":1,"serverId":1,"exp":0,"gold":0,"gem":0,"totalRecharge":0,"__v":0,"createAt":"2019-06-01T07:26:53.993Z","lastLoginTime":"2019-06-01T07:26:53.993Z","updateAt":"2019-06-01T07:26:53.993Z"},"heroList":[{"_id":"5cf226adabc47010ce749623","id":21401,"name":"21401","uid":10000001,"quality":4,"level":1,"activie_skill_lv":1,"passive_skill1_lv":0,"passive_skill2_lv":0,"passive_skill3_lv":0,"ctime":1,"__v":0,"createAt":"2019-06-01T07:26:53.995Z","server_id":"5cf226adabc47010ce749623","updateAt":"2019-06-01T07:26:53.995Z"}]}
[2019-06-03T05:48:28.063] [ERROR] game - [game-server-1 conn.js] 断开数据库链接Error
    at Object.pLogger.(anonymous function) [as error] (/Users/macbookpro/Desktop/tyrannosaurus/game-server/node_modules/pinus-logger/lib/logger.ts:72:34)
    at DBConnection.OnDisconnected (/Users/macbookpro/Desktop/tyrannosaurus/game-server/app/dao/conn.ts:122:16)
    at NativeConnection.emit (events.js:182:13)
    at NativeConnection.set (/Users/macbookpro/Desktop/tyrannosaurus/game-server/node_modules/mongoose/lib/connection.js:121:12)
    at Db.<anonymous> (/Users/macbookpro/Desktop/tyrannosaurus/game-server/node_modules/mongoose/lib/connection.js:593:26)
    at Db.emit (events.js:182:13)
    at Server.listener (/Users/macbookpro/Desktop/tyrannosaurus/game-server/node_modules/mongodb/lib/operations/db_ops.js:340:14)
    at Server.emit (events.js:187:15)
    at Server.<anonymous> (/Users/macbookpro/Desktop/tyrannosaurus/game-server/node_modules/mongodb/lib/topologies/server.js:250:16)
    at Server.emit (events.js:182:13)
    at Pool.<anonymous> (/Users/macbookpro/Desktop/tyrannosaurus/game-server/node_modules/mongodb-core/lib/topologies/server.js:452:12)
    at Pool.emit (events.js:182:13)
    at connectionFailureHandler (/Users/macbookpro/Desktop/tyrannosaurus/game-server/node_modules/mongodb-core/lib/connection/pool.js:268:10)
    at Connection.Pool._connectionCloseHandler (/Users/macbookpro/Desktop/tyrannosaurus/game-server/node_modules/mongodb-core/lib/connection/pool.js:152:5)
    at Connection.emit (events.js:182:13)
    at Socket.<anonymous> (/Users/macbookpro/Desktop/tyrannosaurus/game-server/node_modules/mongodb-core/lib/connection/connection.js:350:12)
    at Object.onceWrapper (events.js:273:13)
    at Socket.emit (events.js:182:13)
    at TCP._handle.close (net.js:611:12) undefined
[2019-06-03T05:48:28.318] [ERROR] logger - [game-server-1 console] game-server-1Caught exception: Error: Redis connection to 127.0.0.1:6379 failed - connect ECONNREFUSED 127.0.0.1:6379
    at TCPConnectWrap.afterConnect [as oncomplete] (net.js:1117:14)Error
    at Object.pLogger.(anonymous function) [as error] (/Users/macbookpro/Desktop/tyrannosaurus/game-server/node_modules/pinus-logger/lib/logger.ts:72:34)
    at process.<anonymous> (/Users/macbookpro/Desktop/tyrannosaurus/game-server/preload.ts:33:17)
    at process.emit (events.js:182:13)
    at process._fatalException (internal/bootstrap/node.js:622:27)
[2019-06-03T05:48:28.666] [ERROR] logger - [game-server-1 console] game-server-1Caught exception: Error: Redis connection to 127.0.0.1:6379 failed - connect ECONNREFUSED 127.0.0.1:6379
    at TCPConnectWrap.afterConnect [as oncomplete] (net.js:1117:14)Error
    at Object.pLogger.(anonymous function) [as error] (/Users/macbookpro/Desktop/tyrannosaurus/game-server/node_modules/pinus-logger/lib/logger.ts:72:34)
    at process.<anonymous> (/Users/macbookpro/Desktop/tyrannosaurus/game-server/preload.ts:33:17)
    at process.emit (events.js:182:13)
    at process._fatalException (internal/bootstrap/node.js:622:27)
[2019-06-03T05:48:29.252] [ERROR] logger - [game-server-1 console] game-server-1Caught exception: Error: Redis connection to 127.0.0.1:6379 failed - connect ECONNREFUSED 127.0.0.1:6379
    at TCPConnectWrap.afterConnect [as oncomplete] (net.js:1117:14)Error
    at Object.pLogger.(anonymous function) [as error] (/Users/macbookpro/Desktop/tyrannosaurus/game-server/node_modules/pinus-logger/lib/logger.ts:72:34)
    at process.<anonymous> (/Users/macbookpro/Desktop/tyrannosaurus/game-server/preload.ts:33:17)
    at process.emit (events.js:182:13)
    at process._fatalException (internal/bootstrap/node.js:622:27)
[2019-06-03T05:48:30.244] [ERROR] logger - [game-server-1 console] game-server-1Caught exception: Error: Redis connection to 127.0.0.1:6379 failed - connect ECONNREFUSED 127.0.0.1:6379
    at TCPConnectWrap.afterConnect [as oncomplete] (net.js:1117:14)Error
    at Object.pLogger.(anonymous function) [as error] (/Users/macbookpro/Desktop/tyrannosaurus/game-server/node_modules/pinus-logger/lib/logger.ts:72:34)
    at process.<anonymous> (/Users/macbookpro/Desktop/tyrannosaurus/game-server/preload.ts:33:17)
    at process.emit (events.js:182:13)
    at process._fatalException (internal/bootstrap/node.js:622:27)
[2019-06-04T00:26:59.820] [INFO] pinus - [game-server-1 application.js] application inited: "game-server-1"
[2019-06-04T00:26:59.844] [INFO] logger - [game-server-1 console] game-server-1 !!!before startup
[2019-06-04T00:26:59.912] [INFO] pinus - [game-server-1 application.js] "game-server-1" enter before start...
[2019-06-04T00:26:59.913] [INFO] pinus - [game-server-1 application.js] "game-server-1" enter after start...
[2019-06-04T00:26:59.958] [INFO] pinus-admin - [game-server-1 consoleService.js] try to connect master: "game", "127.0.0.1", 3005
[2019-06-04T00:27:00.100] [INFO] game - [game-server-1 componentsMgr.js] 组件加载完成
[2019-06-04T00:27:00.287] [INFO] game - [game-server-1 conn.js] "game-server-1"[game-server-1]mongoose db connected OK!
[2019-06-04T00:27:00.472] [INFO] pinus - [game-server-1 application.js] "game-server-1" enter after start...
[2019-06-04T00:27:00.480] [INFO] pinus - [game-server-1 application.js] "game-server-1" finish start
[2019-06-04T00:27:00.481] [INFO] logger - [game-server-1 console] game-server-1 !!afterStartup
[2019-06-04T00:27:00.482] [INFO] pinus - [game-server-1 application.js] "game-server-1" startup in 646 ms
[2019-06-04T00:27:00.503] [DEBUG] pinus - [game-server-1 monitorwatcher.js] [game-server-1] receive addServer signal: {"action":"addServer","server":{"main":"/Users/macbookpro/Desktop/tyrannosaurus/game-server/dist/app","env":"development","zone":"cn","id":"http-server-1","host":"127.0.0.1","port":6170,"auto-restart":"true","args":"--inspect=10005","serverType":"http","remoterPaths":[{"namespace":"sys","serverType":"http","path":"/Users/macbookpro/Desktop/tyrannosaurus/game-server/node_modules/pinus/dist/lib/common/remote/backend"}],"handlerPaths":["/Users/macbookpro/Desktop/tyrannosaurus/game-server/dist/app/servers/http/handler"],"pid":659}}
[2019-06-04T00:27:00.576] [INFO] logger - [game-server-1 console] game-server-1 !!after start all
[2019-06-07T00:21:29.582] [INFO] pinus - [game-server-1 application.js] application inited: "game-server-1"
[2019-06-07T00:21:29.657] [INFO] logger - [game-server-1 console] game-server-1 !!!before startup
[2019-06-07T00:21:29.661] [INFO] pinus - [game-server-1 application.js] "game-server-1" enter before start...
[2019-06-07T00:21:29.666] [INFO] pinus - [game-server-1 application.js] "game-server-1" enter after start...
[2019-06-07T00:21:29.741] [INFO] pinus-admin - [game-server-1 consoleService.js] try to connect master: "game", "127.0.0.1", 3005
[2019-06-07T00:21:29.904] [INFO] game - [game-server-1 componentsMgr.js] 组件加载完成
[2019-06-07T00:21:30.101] [INFO] game - [game-server-1 conn.js] "game-server-1"[game-server-1]mongoose db connected OK!
[2019-06-07T00:21:30.166] [INFO] pinus - [game-server-1 application.js] "game-server-1" enter after start...
[2019-06-07T00:21:30.191] [INFO] pinus - [game-server-1 application.js] "game-server-1" finish start
[2019-06-07T00:21:30.194] [INFO] logger - [game-server-1 console] game-server-1 !!afterStartup
[2019-06-07T00:21:30.195] [INFO] pinus - [game-server-1 application.js] "game-server-1" startup in 552 ms
[2019-06-07T00:21:30.277] [INFO] logger - [game-server-1 console] game-server-1 !!after start all
[2019-06-07T00:22:10.784] [INFO] logger - [game-server-1 console] connected
[2019-06-07T00:22:10.789] [DEBUG] forward-log - [game-server-1 msgRemote.js] session:[1,10000001,connector-server-1], handle message: {"id":3,"type":0,"compressRoute":1,"route":"game.p01_playerHandler.p01_loadPlayer","body":{"sign":"97385ec52154f35a"},"compressGzip":0}
[2019-06-07T00:22:10.924] [DEBUG] forward-log - [game-server-1 msgRemote.js] session:[1,10000001,connector-server-1], handle message result,err:null,msg:{"id":3,"type":0,"compressRoute":1,"route":"game.p01_playerHandler.p01_loadPlayer","body":{"sign":"97385ec52154f35a"},"compressGzip":0},resp:{"code":200,"itemData":[],"userData":{"item":[],"hero":["5cf226adabc47010ce749623"],"_id":"5cf226adabc47010ce749622","uid":10000001,"name":"艾尔女孩熊","avatar":"21401","level":1,"serverId":1,"exp":0,"gold":0,"gem":0,"totalRecharge":0,"__v":0,"createAt":"2019-06-01T07:26:53.993Z","lastLoginTime":"2019-06-01T07:26:53.993Z","updateAt":"2019-06-01T07:26:53.993Z"},"heroList":[{"_id":"5cf226adabc47010ce749623","id":21401,"name":"21401","uid":10000001,"quality":4,"level":1,"activie_skill_lv":1,"passive_skill1_lv":0,"passive_skill2_lv":0,"passive_skill3_lv":0,"ctime":1,"__v":0,"createAt":"2019-06-01T07:26:53.995Z","server_id":"5cf226adabc47010ce749623","updateAt":"2019-06-01T07:26:53.995Z"}]}
[2019-06-07T03:18:02.239] [ERROR] game - [game-server-1 conn.js] 断开数据库链接Error
    at Object.pLogger.(anonymous function) [as error] (/Users/macbookpro/Desktop/tyrannosaurus/game-server/node_modules/pinus-logger/lib/logger.ts:72:34)
    at DBConnection.OnDisconnected (/Users/macbookpro/Desktop/tyrannosaurus/game-server/app/dao/conn.ts:122:16)
    at NativeConnection.emit (events.js:182:13)
    at NativeConnection.set (/Users/macbookpro/Desktop/tyrannosaurus/game-server/node_modules/mongoose/lib/connection.js:121:12)
    at Db.<anonymous> (/Users/macbookpro/Desktop/tyrannosaurus/game-server/node_modules/mongoose/lib/connection.js:593:26)
    at Db.emit (events.js:182:13)
    at Server.listener (/Users/macbookpro/Desktop/tyrannosaurus/game-server/node_modules/mongodb/lib/operations/db_ops.js:340:14)
    at Server.emit (events.js:187:15)
    at Server.<anonymous> (/Users/macbookpro/Desktop/tyrannosaurus/game-server/node_modules/mongodb/lib/topologies/server.js:250:16)
    at Server.emit (events.js:182:13)
    at Pool.<anonymous> (/Users/macbookpro/Desktop/tyrannosaurus/game-server/node_modules/mongodb-core/lib/topologies/server.js:452:12)
    at Pool.emit (events.js:182:13)
    at connectionFailureHandler (/Users/macbookpro/Desktop/tyrannosaurus/game-server/node_modules/mongodb-core/lib/connection/pool.js:268:10)
    at Connection.Pool._connectionCloseHandler (/Users/macbookpro/Desktop/tyrannosaurus/game-server/node_modules/mongodb-core/lib/connection/pool.js:152:5)
    at Connection.emit (events.js:182:13)
    at Socket.<anonymous> (/Users/macbookpro/Desktop/tyrannosaurus/game-server/node_modules/mongodb-core/lib/connection/connection.js:350:12)
    at Object.onceWrapper (events.js:273:13)
    at Socket.emit (events.js:182:13)
    at TCP._handle.close (net.js:611:12) undefined
[2019-06-07T03:18:02.496] [ERROR] logger - [game-server-1 console] game-server-1Caught exception: Error: Redis connection to 127.0.0.1:6379 failed - connect ECONNREFUSED 127.0.0.1:6379
    at TCPConnectWrap.afterConnect [as oncomplete] (net.js:1117:14)Error
    at Object.pLogger.(anonymous function) [as error] (/Users/macbookpro/Desktop/tyrannosaurus/game-server/node_modules/pinus-logger/lib/logger.ts:72:34)
    at process.<anonymous> (/Users/macbookpro/Desktop/tyrannosaurus/game-server/preload.ts:33:17)
    at process.emit (events.js:182:13)
    at process._fatalException (internal/bootstrap/node.js:622:27)
[2019-06-07T03:18:02.841] [ERROR] logger - [game-server-1 console] game-server-1Caught exception: Error: Redis connection to 127.0.0.1:6379 failed - connect ECONNREFUSED 127.0.0.1:6379
    at TCPConnectWrap.afterConnect [as oncomplete] (net.js:1117:14)Error
    at Object.pLogger.(anonymous function) [as error] (/Users/macbookpro/Desktop/tyrannosaurus/game-server/node_modules/pinus-logger/lib/logger.ts:72:34)
    at process.<anonymous> (/Users/macbookpro/Desktop/tyrannosaurus/game-server/preload.ts:33:17)
    at process.emit (events.js:182:13)
    at process._fatalException (internal/bootstrap/node.js:622:27)
[2019-06-07T03:18:03.426] [ERROR] logger - [game-server-1 console] game-server-1Caught exception: Error: Redis connection to 127.0.0.1:6379 failed - connect ECONNREFUSED 127.0.0.1:6379
    at TCPConnectWrap.afterConnect [as oncomplete] (net.js:1117:14)Error
    at Object.pLogger.(anonymous function) [as error] (/Users/macbookpro/Desktop/tyrannosaurus/game-server/node_modules/pinus-logger/lib/logger.ts:72:34)
    at process.<anonymous> (/Users/macbookpro/Desktop/tyrannosaurus/game-server/preload.ts:33:17)
    at process.emit (events.js:182:13)
    at process._fatalException (internal/bootstrap/node.js:622:27)
[2019-06-07T03:18:04.418] [ERROR] logger - [game-server-1 console] game-server-1Caught exception: Error: Redis connection to 127.0.0.1:6379 failed - connect ECONNREFUSED 127.0.0.1:6379
    at TCPConnectWrap.afterConnect [as oncomplete] (net.js:1117:14)Error
    at Object.pLogger.(anonymous function) [as error] (/Users/macbookpro/Desktop/tyrannosaurus/game-server/node_modules/pinus-logger/lib/logger.ts:72:34)
    at process.<anonymous> (/Users/macbookpro/Desktop/tyrannosaurus/game-server/preload.ts:33:17)
    at process.emit (events.js:182:13)
    at process._fatalException (internal/bootstrap/node.js:622:27)
[2019-06-08T00:02:38.404] [INFO] pinus - [game-server-1 application.js] application inited: "game-server-1"
[2019-06-08T00:02:38.482] [INFO] logger - [game-server-1 console] game-server-1 !!!before startup
[2019-06-08T00:02:38.486] [INFO] pinus - [game-server-1 application.js] "game-server-1" enter before start...
[2019-06-08T00:02:38.498] [INFO] pinus - [game-server-1 application.js] "game-server-1" enter after start...
[2019-06-08T00:02:38.597] [INFO] pinus-admin - [game-server-1 consoleService.js] try to connect master: "game", "127.0.0.1", 3005
[2019-06-08T00:02:38.758] [INFO] game - [game-server-1 componentsMgr.js] 组件加载完成
[2019-06-08T00:02:39.450] [INFO] game - [game-server-1 conn.js] "game-server-1"[game-server-1]mongoose db connected OK!
[2019-06-08T00:02:39.673] [INFO] pinus - [game-server-1 application.js] "game-server-1" enter after start...
[2019-06-08T00:02:39.678] [INFO] pinus - [game-server-1 application.js] "game-server-1" finish start
[2019-06-08T00:02:39.679] [INFO] logger - [game-server-1 console] game-server-1 !!afterStartup
[2019-06-08T00:02:39.680] [INFO] pinus - [game-server-1 application.js] "game-server-1" startup in 1220 ms
[2019-06-08T00:02:39.891] [DEBUG] pinus - [game-server-1 monitorwatcher.js] [game-server-1] receive addServer signal: {"action":"addServer","server":{"main":"/Users/macbookpro/Desktop/tyrannosaurus/game-server/dist/app","env":"development","zone":"cn","id":"name-server-1","host":"127.0.0.1","port":7170,"auto-restart":"true","args":"--inspect=10006","serverType":"name","remoterPaths":[{"namespace":"sys","serverType":"name","path":"/Users/macbookpro/Desktop/tyrannosaurus/game-server/node_modules/pinus/dist/lib/common/remote/backend"},{"namespace":"user","serverType":"name","path":"/Users/macbookpro/Desktop/tyrannosaurus/game-server/dist/app/servers/name/remote"}],"handlerPaths":[],"pid":8245}}
[2019-06-08T00:02:40.225] [INFO] logger - [game-server-1 console] game-server-1 !!after start all
[2019-06-08T00:02:48.667] [INFO] logger - [game-server-1 console] connected
[2019-06-08T00:02:48.673] [DEBUG] forward-log - [game-server-1 msgRemote.js] session:[1,10000001,connector-server-1], handle message: {"id":3,"type":0,"compressRoute":1,"route":"game.p01_playerHandler.p01_loadPlayer","body":{"sign":"97385ec52154f35a"},"compressGzip":0}
[2019-06-08T00:02:48.813] [DEBUG] forward-log - [game-server-1 msgRemote.js] session:[1,10000001,connector-server-1], handle message result,err:null,msg:{"id":3,"type":0,"compressRoute":1,"route":"game.p01_playerHandler.p01_loadPlayer","body":{"sign":"97385ec52154f35a"},"compressGzip":0},resp:{"code":200,"itemData":[],"userData":{"item":[],"hero":["5cf226adabc47010ce749623"],"_id":"5cf226adabc47010ce749622","uid":10000001,"name":"艾尔女孩熊","avatar":"21401","level":1,"serverId":1,"exp":0,"gold":0,"gem":0,"totalRecharge":0,"__v":0,"createAt":"2019-06-01T07:26:53.993Z","lastLoginTime":"2019-06-01T07:26:53.993Z","updateAt":"2019-06-01T07:26:53.993Z"},"heroList":[{"_id":"5cf226adabc47010ce749623","id":21401,"name":"21401","uid":10000001,"quality":4,"level":1,"activie_skill_lv":1,"passive_skill1_lv":0,"passive_skill2_lv":0,"passive_skill3_lv":0,"ctime":1,"__v":0,"createAt":"2019-06-01T07:26:53.995Z","server_id":"5cf226adabc47010ce749623","updateAt":"2019-06-01T07:26:53.995Z"}]}
[2019-06-08T02:53:46.675] [ERROR] game - [game-server-1 conn.js] 断开数据库链接Error
    at Object.pLogger.(anonymous function) [as error] (/Users/macbookpro/Desktop/tyrannosaurus/game-server/node_modules/pinus-logger/lib/logger.ts:72:34)
    at DBConnection.OnDisconnected (/Users/macbookpro/Desktop/tyrannosaurus/game-server/app/dao/conn.ts:122:16)
    at NativeConnection.emit (events.js:182:13)
    at NativeConnection.set (/Users/macbookpro/Desktop/tyrannosaurus/game-server/node_modules/mongoose/lib/connection.js:121:12)
    at Db.<anonymous> (/Users/macbookpro/Desktop/tyrannosaurus/game-server/node_modules/mongoose/lib/connection.js:593:26)
    at Db.emit (events.js:182:13)
    at Server.listener (/Users/macbookpro/Desktop/tyrannosaurus/game-server/node_modules/mongodb/lib/operations/db_ops.js:340:14)
    at Server.emit (events.js:187:15)
    at Server.<anonymous> (/Users/macbookpro/Desktop/tyrannosaurus/game-server/node_modules/mongodb/lib/topologies/server.js:250:16)
    at Server.emit (events.js:182:13)
    at Pool.<anonymous> (/Users/macbookpro/Desktop/tyrannosaurus/game-server/node_modules/mongodb-core/lib/topologies/server.js:452:12)
    at Pool.emit (events.js:182:13)
    at connectionFailureHandler (/Users/macbookpro/Desktop/tyrannosaurus/game-server/node_modules/mongodb-core/lib/connection/pool.js:268:10)
    at Connection.Pool._connectionCloseHandler (/Users/macbookpro/Desktop/tyrannosaurus/game-server/node_modules/mongodb-core/lib/connection/pool.js:152:5)
    at Connection.emit (events.js:182:13)
    at Socket.<anonymous> (/Users/macbookpro/Desktop/tyrannosaurus/game-server/node_modules/mongodb-core/lib/connection/connection.js:350:12)
    at Object.onceWrapper (events.js:273:13)
    at Socket.emit (events.js:182:13)
    at TCP._handle.close (net.js:611:12) undefined
[2019-06-08T02:53:46.948] [ERROR] logger - [game-server-1 console] game-server-1Caught exception: Error: Redis connection to 127.0.0.1:6379 failed - connect ECONNREFUSED 127.0.0.1:6379
    at TCPConnectWrap.afterConnect [as oncomplete] (net.js:1117:14)Error
    at Object.pLogger.(anonymous function) [as error] (/Users/macbookpro/Desktop/tyrannosaurus/game-server/node_modules/pinus-logger/lib/logger.ts:72:34)
    at process.<anonymous> (/Users/macbookpro/Desktop/tyrannosaurus/game-server/preload.ts:33:17)
    at process.emit (events.js:182:13)
    at process._fatalException (internal/bootstrap/node.js:622:27)
[2019-06-08T02:53:47.295] [ERROR] logger - [game-server-1 console] game-server-1Caught exception: Error: Redis connection to 127.0.0.1:6379 failed - connect ECONNREFUSED 127.0.0.1:6379
    at TCPConnectWrap.afterConnect [as oncomplete] (net.js:1117:14)Error
    at Object.pLogger.(anonymous function) [as error] (/Users/macbookpro/Desktop/tyrannosaurus/game-server/node_modules/pinus-logger/lib/logger.ts:72:34)
    at process.<anonymous> (/Users/macbookpro/Desktop/tyrannosaurus/game-server/preload.ts:33:17)
    at process.emit (events.js:182:13)
    at process._fatalException (internal/bootstrap/node.js:622:27)
[2019-06-08T02:53:47.881] [ERROR] logger - [game-server-1 console] game-server-1Caught exception: Error: Redis connection to 127.0.0.1:6379 failed - connect ECONNREFUSED 127.0.0.1:6379
    at TCPConnectWrap.afterConnect [as oncomplete] (net.js:1117:14)Error
    at Object.pLogger.(anonymous function) [as error] (/Users/macbookpro/Desktop/tyrannosaurus/game-server/node_modules/pinus-logger/lib/logger.ts:72:34)
    at process.<anonymous> (/Users/macbookpro/Desktop/tyrannosaurus/game-server/preload.ts:33:17)
    at process.emit (events.js:182:13)
    at process._fatalException (internal/bootstrap/node.js:622:27)
[2019-06-08T02:53:48.873] [ERROR] logger - [game-server-1 console] game-server-1Caught exception: Error: Redis connection to 127.0.0.1:6379 failed - connect ECONNREFUSED 127.0.0.1:6379
    at TCPConnectWrap.afterConnect [as oncomplete] (net.js:1117:14)Error
    at Object.pLogger.(anonymous function) [as error] (/Users/macbookpro/Desktop/tyrannosaurus/game-server/node_modules/pinus-logger/lib/logger.ts:72:34)
    at process.<anonymous> (/Users/macbookpro/Desktop/tyrannosaurus/game-server/preload.ts:33:17)
    at process.emit (events.js:182:13)
    at process._fatalException (internal/bootstrap/node.js:622:27)
