[2019-05-31T19:39:07.162] [INFO] pinus - [connector-server-1 application.js] application inited: "connector-server-1"
[2019-05-31T19:39:07.174] [INFO] logger - [connector-server-1 console] connector-server-1 !!!before startup
[2019-05-31T19:39:07.175] [INFO] pinus - [connector-server-1 application.js] "connector-server-1" enter before start...
[2019-05-31T19:39:07.175] [INFO] pinus - [connector-server-1 application.js] "connector-server-1" enter after start...
[2019-05-31T19:39:07.184] [INFO] pinus-admin - [connector-server-1 consoleService.js] try to connect master: "connector", "127.0.0.1", 3005
[2019-05-31T19:39:07.257] [INFO] game - [connector-server-1 conn.js] "connector-server-1"[1]mongoose db connected OK!
[2019-05-31T19:39:07.281] [INFO] pinus - [connector-server-1 application.js] "connector-server-1" enter after start...
[2019-05-31T19:39:07.285] [WARN] logger - [connector-server-1 console] after start all server, use route dictionary :
 connector.entryHandler.enter
connector.entryHandler.onUserLeave
gate.gateHandler.queryEntry
[2019-05-31T19:39:07.287] [INFO] pinus - [connector-server-1 application.js] "connector-server-1" finish start
[2019-05-31T19:39:07.287] [INFO] logger - [connector-server-1 console] connector-server-1 !!afterStartup
[2019-05-31T19:39:07.288] [INFO] pinus - [connector-server-1 application.js] "connector-server-1" startup in 121 ms
[2019-05-31T19:39:07.289] [DEBUG] pinus - [connector-server-1 monitorwatcher.js] [connector-server-1] receive addServer signal: {"action":"addServer","server":{"main":"D:\\工作目录\\trunk\\05_server\\tyrannosaurus\\game-server\\dist\\app","env":"development","zone":"cn","id":"game-server-1","host":"127.0.0.1","port":5170,"auto-restart":"true","serverType":"game","remoterPaths":[{"namespace":"sys","serverType":"game","path":"D:\\工作目录\\trunk\\05_server\\tyrannosaurus\\game-server\\node_modules\\pinus\\dist\\lib\\common\\remote\\backend"}],"handlerPaths":["D:\\工作目录\\trunk\\05_server\\tyrannosaurus\\game-server\\dist\\app\\servers\\game\\handler"],"pid":13456}}
[2019-05-31T19:39:07.312] [DEBUG] pinus - [connector-server-1 monitorwatcher.js] [connector-server-1] receive addServer signal: {"action":"addServer","server":{"main":"D:\\工作目录\\trunk\\05_server\\tyrannosaurus\\game-server\\dist\\app","env":"development","zone":"cn","id":"name-server-1","host":"127.0.0.1","port":7170,"auto-restart":"true","serverType":"name","remoterPaths":[{"namespace":"sys","serverType":"name","path":"D:\\工作目录\\trunk\\05_server\\tyrannosaurus\\game-server\\node_modules\\pinus\\dist\\lib\\common\\remote\\backend"},{"namespace":"user","serverType":"name","path":"D:\\工作目录\\trunk\\05_server\\tyrannosaurus\\game-server\\dist\\app\\servers\\name\\remote"}],"handlerPaths":[],"pid":17612}}
[2019-05-31T19:39:07.333] [INFO] logger - [connector-server-1 console] connector-server-1 !!after start all
[2019-05-31T19:39:53.560] [DEBUG] pinus - [connector-server-1 connector.js] [connector-server-1] getSession session is created with session id: 1
[2019-05-31T19:39:53.574] [DEBUG] pinus - [connector-server-1 connector.js] session on [connector-server-1] bind with uid: 10000001
[2019-05-31T19:39:53.578] [DEBUG] pinus - [connector-server-1 connector.js] [connector-server-1] send message reqId: 2, route: connector.entryHandler.enter, msg: {"code":200,"desc":"登录成功","key":"LOGIN_SUCCESS"}, receivers: [1], opts: {"type":"response"}
[2019-05-31T19:39:53.591] [DEBUG] pinus - [connector-server-1 connector.js] [connector-server-1] send message reqId: 3, route: game.p01_playerHandler.p01_loadPlayer, msg: {"code":500,"desc":"验证数据失败","key":"VERIFY FAIL"}, receivers: [1], opts: {"type":"response"}
[2019-05-31T19:39:57.354] [DEBUG] pinus - [connector-server-1 sessionService.js] session on [connector-server-1] is closed with session id: 1,uid:10000001,reason:1000
[2019-05-31T19:39:59.458] [DEBUG] pinus - [connector-server-1 connector.js] [connector-server-1] getSession session is created with session id: 2
[2019-05-31T19:39:59.463] [DEBUG] pinus - [connector-server-1 connector.js] session on [connector-server-1] bind with uid: 10000001
[2019-05-31T19:39:59.463] [DEBUG] pinus - [connector-server-1 connector.js] [connector-server-1] send message reqId: 5, route: connector.entryHandler.enter, msg: {"code":200,"desc":"登录成功","key":"LOGIN_SUCCESS"}, receivers: [2], opts: {"type":"response"}
[2019-05-31T19:39:59.466] [DEBUG] pinus - [connector-server-1 connector.js] [connector-server-1] send message reqId: 6, route: game.p01_playerHandler.p01_loadPlayer, msg: {"code":500,"desc":"验证数据失败","key":"VERIFY FAIL"}, receivers: [2], opts: {"type":"response"}
[2019-05-31T19:40:00.478] [DEBUG] pinus - [connector-server-1 sessionService.js] session on [connector-server-1] is closed with session id: 2,uid:10000001,reason:1000
[2019-05-31T19:45:29.478] [DEBUG] pinus - [connector-server-1 connector.js] [connector-server-1] getSession session is created with session id: 3
[2019-05-31T19:45:29.481] [DEBUG] pinus - [connector-server-1 connector.js] session on [connector-server-1] bind with uid: 10000001
[2019-05-31T19:45:29.481] [DEBUG] pinus - [connector-server-1 connector.js] [connector-server-1] send message reqId: 8, route: connector.entryHandler.enter, msg: {"code":200,"desc":"登录成功","key":"LOGIN_SUCCESS"}, receivers: [3], opts: {"type":"response"}
[2019-05-31T19:45:29.484] [DEBUG] pinus - [connector-server-1 connector.js] [connector-server-1] send message reqId: 9, route: game.p01_playerHandler.p01_loadPlayer, msg: {"code":500,"desc":"验证数据失败","key":"VERIFY FAIL"}, receivers: [3], opts: {"type":"response"}
[2019-05-31T19:48:57.383] [INFO] pinus - [connector-server-1 application.js] application inited: "connector-server-1"
[2019-05-31T19:48:57.394] [INFO] logger - [connector-server-1 console] connector-server-1 !!!before startup
[2019-05-31T19:48:57.395] [INFO] pinus - [connector-server-1 application.js] "connector-server-1" enter before start...
[2019-05-31T19:48:57.396] [INFO] pinus - [connector-server-1 application.js] "connector-server-1" enter after start...
[2019-05-31T19:48:57.404] [INFO] pinus-admin - [connector-server-1 consoleService.js] try to connect master: "connector", "127.0.0.1", 3005
[2019-05-31T19:48:57.480] [INFO] game - [connector-server-1 conn.js] "connector-server-1"[1]mongoose db connected OK!
[2019-05-31T19:48:57.513] [INFO] pinus - [connector-server-1 application.js] "connector-server-1" enter after start...
[2019-05-31T19:48:57.517] [WARN] logger - [connector-server-1 console] after start all server, use route dictionary :
 connector.entryHandler.enter
connector.entryHandler.onUserLeave
game.p01_playerHandler.onUserLeave
game.p01_playerHandler.p01_loadPlayer
game.p01_playerHandler.p02_ping
gate.gateHandler.queryEntry
[2019-05-31T19:48:57.519] [INFO] pinus - [connector-server-1 application.js] "connector-server-1" finish start
[2019-05-31T19:48:57.520] [INFO] logger - [connector-server-1 console] connector-server-1 !!afterStartup
[2019-05-31T19:48:57.520] [INFO] pinus - [connector-server-1 application.js] "connector-server-1" startup in 133 ms
[2019-05-31T19:48:57.533] [INFO] logger - [connector-server-1 console] connector-server-1 !!after start all
[2019-05-31T19:49:40.833] [DEBUG] pinus - [connector-server-1 connector.js] [connector-server-1] getSession session is created with session id: 1
[2019-05-31T19:49:40.839] [DEBUG] pinus - [connector-server-1 connector.js] [connector-server-1] send message reqId: 2, route: connector.entryHandler.enter, msg: {"code":500,"desc":"登录失败","key":"LOGIN_FAIL"}, receivers: [1], opts: {"type":"response"}
[2019-05-31T20:01:29.090] [INFO] pinus - [connector-server-1 protobuf.js] change proto file , type : "client", path : "D:\\工作目录\\trunk\\05_server\\tyrannosaurus\\game-server\\dist\\config\\clientProtos.js", version : "2zWPnSlRsRxjqgcU215Uxg=="
[2019-05-31T20:01:29.093] [INFO] pinus - [connector-server-1 protobuf.js] change proto file , type : "server", path : "D:\\工作目录\\trunk\\05_server\\tyrannosaurus\\game-server\\dist\\config\\serverProtos.js", version : "2zWPnSlRsRxjqgcU215Uxg=="
[2019-05-31T20:06:43.570] [INFO] pinus - [connector-server-1 application.js] application inited: "connector-server-1"
[2019-05-31T20:06:43.587] [INFO] logger - [connector-server-1 console] connector-server-1 !!!before startup
[2019-05-31T20:06:43.587] [INFO] pinus - [connector-server-1 application.js] "connector-server-1" enter before start...
[2019-05-31T20:06:43.588] [INFO] pinus - [connector-server-1 application.js] "connector-server-1" enter after start...
[2019-05-31T20:06:43.596] [INFO] pinus-admin - [connector-server-1 consoleService.js] try to connect master: "connector", "127.0.0.1", 3005
[2019-05-31T20:06:43.669] [INFO] game - [connector-server-1 conn.js] "connector-server-1"[1]mongoose db connected OK!
[2019-05-31T20:06:43.721] [INFO] pinus - [connector-server-1 application.js] "connector-server-1" enter after start...
[2019-05-31T20:06:43.726] [WARN] logger - [connector-server-1 console] after start all server, use route dictionary :
 connector.entryHandler.enter
connector.entryHandler.onUserLeave
gate.gateHandler.queryEntry
[2019-05-31T20:06:43.727] [INFO] pinus - [connector-server-1 application.js] "connector-server-1" finish start
[2019-05-31T20:06:43.728] [INFO] logger - [connector-server-1 console] connector-server-1 !!afterStartup
[2019-05-31T20:06:43.728] [INFO] pinus - [connector-server-1 application.js] "connector-server-1" startup in 147 ms
[2019-05-31T20:06:43.729] [DEBUG] pinus - [connector-server-1 monitorwatcher.js] [connector-server-1] receive addServer signal: {"action":"addServer","server":{"main":"D:\\工作目录\\trunk\\05_server\\tyrannosaurus\\game-server\\dist\\app","env":"development","zone":"cn","id":"game-server-1","host":"127.0.0.1","port":5170,"auto-restart":"true","serverType":"game","remoterPaths":[{"namespace":"sys","serverType":"game","path":"D:\\工作目录\\trunk\\05_server\\tyrannosaurus\\game-server\\node_modules\\pinus\\dist\\lib\\common\\remote\\backend"}],"handlerPaths":["D:\\工作目录\\trunk\\05_server\\tyrannosaurus\\game-server\\dist\\app\\servers\\game\\handler"],"pid":18324}}
[2019-05-31T20:06:43.743] [DEBUG] pinus - [connector-server-1 monitorwatcher.js] [connector-server-1] receive addServer signal: {"action":"addServer","server":{"main":"D:\\工作目录\\trunk\\05_server\\tyrannosaurus\\game-server\\dist\\app","env":"development","zone":"cn","id":"name-server-1","host":"127.0.0.1","port":7170,"auto-restart":"true","serverType":"name","remoterPaths":[{"namespace":"sys","serverType":"name","path":"D:\\工作目录\\trunk\\05_server\\tyrannosaurus\\game-server\\node_modules\\pinus\\dist\\lib\\common\\remote\\backend"},{"namespace":"user","serverType":"name","path":"D:\\工作目录\\trunk\\05_server\\tyrannosaurus\\game-server\\dist\\app\\servers\\name\\remote"}],"handlerPaths":[],"pid":16552}}
[2019-05-31T20:06:43.761] [INFO] logger - [connector-server-1 console] connector-server-1 !!after start all
[2019-05-31T20:06:53.998] [DEBUG] pinus - [connector-server-1 connector.js] [connector-server-1] getSession session is created with session id: 1
[2019-05-31T20:06:54.004] [DEBUG] pinus - [connector-server-1 connector.js] [connector-server-1] send message reqId: 2, route: connector.entryHandler.enter, msg: {"code":500,"desc":"登录失败","key":"LOGIN_FAIL"}, receivers: [1], opts: {"type":"response"}
[2019-05-31T20:11:33.797] [INFO] pinus - [connector-server-1 application.js] application inited: "connector-server-1"
[2019-05-31T20:11:33.810] [INFO] logger - [connector-server-1 console] connector-server-1 !!!before startup
[2019-05-31T20:11:33.811] [INFO] pinus - [connector-server-1 application.js] "connector-server-1" enter before start...
[2019-05-31T20:11:33.811] [INFO] pinus - [connector-server-1 application.js] "connector-server-1" enter after start...
[2019-05-31T20:11:33.820] [INFO] pinus-admin - [connector-server-1 consoleService.js] try to connect master: "connector", "127.0.0.1", 3005
[2019-05-31T20:11:33.899] [INFO] game - [connector-server-1 conn.js] "connector-server-1"[1]mongoose db connected OK!
[2019-05-31T20:11:33.933] [INFO] pinus - [connector-server-1 application.js] "connector-server-1" enter after start...
[2019-05-31T20:11:33.939] [WARN] logger - [connector-server-1 console] after start all server, use route dictionary :
 connector.entryHandler.enter
connector.entryHandler.onUserLeave
gate.gateHandler.queryEntry
[2019-05-31T20:11:33.941] [INFO] pinus - [connector-server-1 application.js] "connector-server-1" finish start
[2019-05-31T20:11:33.941] [INFO] logger - [connector-server-1 console] connector-server-1 !!afterStartup
[2019-05-31T20:11:33.941] [INFO] pinus - [connector-server-1 application.js] "connector-server-1" startup in 138 ms
[2019-05-31T20:11:33.943] [DEBUG] pinus - [connector-server-1 monitorwatcher.js] [connector-server-1] receive addServer signal: {"action":"addServer","server":{"main":"D:\\工作目录\\trunk\\05_server\\tyrannosaurus\\game-server\\dist\\app","env":"development","zone":"cn","id":"game-server-1","host":"127.0.0.1","port":5170,"auto-restart":"true","serverType":"game","remoterPaths":[{"namespace":"sys","serverType":"game","path":"D:\\工作目录\\trunk\\05_server\\tyrannosaurus\\game-server\\node_modules\\pinus\\dist\\lib\\common\\remote\\backend"}],"handlerPaths":["D:\\工作目录\\trunk\\05_server\\tyrannosaurus\\game-server\\dist\\app\\servers\\game\\handler"],"pid":19120}}
[2019-05-31T20:11:33.948] [DEBUG] pinus - [connector-server-1 monitorwatcher.js] [connector-server-1] receive addServer signal: {"action":"addServer","server":{"main":"D:\\工作目录\\trunk\\05_server\\tyrannosaurus\\game-server\\dist\\app","env":"development","zone":"cn","id":"name-server-1","host":"127.0.0.1","port":7170,"auto-restart":"true","serverType":"name","remoterPaths":[{"namespace":"sys","serverType":"name","path":"D:\\工作目录\\trunk\\05_server\\tyrannosaurus\\game-server\\node_modules\\pinus\\dist\\lib\\common\\remote\\backend"},{"namespace":"user","serverType":"name","path":"D:\\工作目录\\trunk\\05_server\\tyrannosaurus\\game-server\\dist\\app\\servers\\name\\remote"}],"handlerPaths":[],"pid":2324}}
[2019-05-31T20:11:33.976] [INFO] logger - [connector-server-1 console] connector-server-1 !!after start all
[2019-05-31T20:11:43.947] [DEBUG] pinus - [connector-server-1 connector.js] [connector-server-1] getSession session is created with session id: 1
[2019-05-31T20:11:43.955] [DEBUG] pinus - [connector-server-1 connector.js] [connector-server-1] send message reqId: 2, route: connector.entryHandler.enter, msg: {"code":500,"desc":"登录失败","key":"LOGIN_FAIL"}, receivers: [1], opts: {"type":"response"}
[2019-05-31T20:12:04.180] [DEBUG] pinus - [connector-server-1 switcher.js] connection error:read ECONNRESET, the remote ip is ::ffff:192.168.1.4 && port is 63708
[2019-05-31T20:12:04.181] [DEBUG] pinus - [connector-server-1 sessionService.js] session on [connector-server-1] is closed with session id: 1,uid:null,reason:{}
[2019-05-31T20:12:08.259] [DEBUG] pinus - [connector-server-1 connector.js] [connector-server-1] getSession session is created with session id: 2
[2019-05-31T20:12:08.261] [DEBUG] pinus - [connector-server-1 connector.js] [connector-server-1] send message reqId: 2, route: connector.entryHandler.enter, msg: {"code":500,"desc":"登录失败","key":"LOGIN_FAIL"}, receivers: [2], opts: {"type":"response"}
[2019-05-31T20:13:15.092] [INFO] pinus - [connector-server-1 application.js] application inited: "connector-server-1"
[2019-05-31T20:13:15.108] [INFO] logger - [connector-server-1 console] connector-server-1 !!!before startup
[2019-05-31T20:13:15.109] [INFO] pinus - [connector-server-1 application.js] "connector-server-1" enter before start...
[2019-05-31T20:13:15.109] [INFO] pinus - [connector-server-1 application.js] "connector-server-1" enter after start...
[2019-05-31T20:13:15.117] [INFO] pinus-admin - [connector-server-1 consoleService.js] try to connect master: "connector", "127.0.0.1", 3005
[2019-05-31T20:13:15.194] [INFO] game - [connector-server-1 conn.js] "connector-server-1"[1]mongoose db connected OK!
[2019-05-31T20:13:15.230] [INFO] pinus - [connector-server-1 application.js] "connector-server-1" enter after start...
[2019-05-31T20:13:15.236] [WARN] logger - [connector-server-1 console] after start all server, use route dictionary :
 connector.entryHandler.enter
connector.entryHandler.onUserLeave
gate.gateHandler.queryEntry
[2019-05-31T20:13:15.238] [INFO] pinus - [connector-server-1 application.js] "connector-server-1" finish start
[2019-05-31T20:13:15.239] [INFO] logger - [connector-server-1 console] connector-server-1 !!afterStartup
[2019-05-31T20:13:15.239] [INFO] pinus - [connector-server-1 application.js] "connector-server-1" startup in 142 ms
[2019-05-31T20:13:15.246] [DEBUG] pinus - [connector-server-1 monitorwatcher.js] [connector-server-1] receive addServer signal: {"action":"addServer","server":{"main":"D:\\工作目录\\trunk\\05_server\\tyrannosaurus\\game-server\\dist\\app","env":"development","zone":"cn","id":"game-server-1","host":"127.0.0.1","port":5170,"auto-restart":"true","serverType":"game","remoterPaths":[{"namespace":"sys","serverType":"game","path":"D:\\工作目录\\trunk\\05_server\\tyrannosaurus\\game-server\\node_modules\\pinus\\dist\\lib\\common\\remote\\backend"}],"handlerPaths":["D:\\工作目录\\trunk\\05_server\\tyrannosaurus\\game-server\\dist\\app\\servers\\game\\handler"],"pid":13528}}
[2019-05-31T20:13:15.260] [DEBUG] pinus - [connector-server-1 monitorwatcher.js] [connector-server-1] receive addServer signal: {"action":"addServer","server":{"main":"D:\\工作目录\\trunk\\05_server\\tyrannosaurus\\game-server\\dist\\app","env":"development","zone":"cn","id":"name-server-1","host":"127.0.0.1","port":7170,"auto-restart":"true","serverType":"name","remoterPaths":[{"namespace":"sys","serverType":"name","path":"D:\\工作目录\\trunk\\05_server\\tyrannosaurus\\game-server\\node_modules\\pinus\\dist\\lib\\common\\remote\\backend"},{"namespace":"user","serverType":"name","path":"D:\\工作目录\\trunk\\05_server\\tyrannosaurus\\game-server\\dist\\app\\servers\\name\\remote"}],"handlerPaths":[],"pid":13524}}
[2019-05-31T20:13:15.293] [INFO] logger - [connector-server-1 console] connector-server-1 !!after start all
[2019-05-31T20:13:39.533] [DEBUG] pinus - [connector-server-1 connector.js] [connector-server-1] getSession session is created with session id: 1
[2019-05-31T20:13:39.549] [DEBUG] pinus - [connector-server-1 connector.js] session on [connector-server-1] bind with uid: 10000001
[2019-05-31T20:13:39.552] [DEBUG] pinus - [connector-server-1 connector.js] [connector-server-1] send message reqId: 2, route: connector.entryHandler.enter, msg: {"code":200,"desc":"登录成功","key":"LOGIN_SUCCESS"}, receivers: [1], opts: {"type":"response"}
[2019-05-31T20:13:39.586] [DEBUG] pinus - [connector-server-1 connector.js] [connector-server-1] send message reqId: 3, route: game.p01_playerHandler.p01_loadPlayer, msg: {"code":200,"itemData":[],"userData":{"item":[],"hero":["5cf0f99eb3a82716c8cd0d9c"],"_id":"5cf0f99eb3a82716c8cd0d9b","uid":10000001,"name":"拳头之德玛安","avatar":"21401","level":1,"serverId":3,"exp":0,"gold":0,"gem":0,"totalRecharge":0,"__v":0,"createAt":"2019-05-31T10:43:06.115Z","lastLoginTime":"2019-05-31T10:43:06.115Z","updateAt":"2019-05-31T10:43:06.115Z"},"heroList":[{"_id":"5cf0f99eb3a82716c8cd0d9c","id":21401,"name":"21401","uid":10000001,"quality":4,"level":1,"activie_skill_lv":1,"passive_skill1_lv":0,"passive_skill2_lv":0,"passive_skill3_lv":0,"ctime":1,"__v":0,"createAt":"2019-05-31T10:43:06.115Z","server_id":"5cf0f99eb3a82716c8cd0d9c","updateAt":"2019-05-31T10:43:06.115Z"}]}, receivers: [1], opts: {"type":"response"}
[2019-05-31T20:14:11.041] [INFO] pinus - [connector-server-1 application.js] application inited: "connector-server-1"
[2019-05-31T20:14:11.054] [INFO] logger - [connector-server-1 console] connector-server-1 !!!before startup
[2019-05-31T20:14:11.055] [INFO] pinus - [connector-server-1 application.js] "connector-server-1" enter before start...
[2019-05-31T20:14:11.055] [INFO] pinus - [connector-server-1 application.js] "connector-server-1" enter after start...
[2019-05-31T20:14:11.062] [INFO] pinus-admin - [connector-server-1 consoleService.js] try to connect master: "connector", "127.0.0.1", 3005
[2019-05-31T20:14:11.138] [INFO] game - [connector-server-1 conn.js] "connector-server-1"[1]mongoose db connected OK!
[2019-05-31T20:14:11.201] [INFO] pinus - [connector-server-1 application.js] "connector-server-1" enter after start...
[2019-05-31T20:14:11.207] [WARN] logger - [connector-server-1 console] after start all server, use route dictionary :
 connector.entryHandler.enter
connector.entryHandler.onUserLeave
gate.gateHandler.queryEntry
[2019-05-31T20:14:11.210] [INFO] pinus - [connector-server-1 application.js] "connector-server-1" finish start
[2019-05-31T20:14:11.210] [INFO] logger - [connector-server-1 console] connector-server-1 !!afterStartup
[2019-05-31T20:14:11.210] [INFO] pinus - [connector-server-1 application.js] "connector-server-1" startup in 164 ms
[2019-05-31T20:14:11.212] [DEBUG] pinus - [connector-server-1 monitorwatcher.js] [connector-server-1] receive addServer signal: {"action":"addServer","server":{"main":"D:\\工作目录\\trunk\\05_server\\tyrannosaurus\\game-server\\dist\\app","env":"development","zone":"cn","id":"name-server-1","host":"127.0.0.1","port":7170,"auto-restart":"true","serverType":"name","remoterPaths":[{"namespace":"sys","serverType":"name","path":"D:\\工作目录\\trunk\\05_server\\tyrannosaurus\\game-server\\node_modules\\pinus\\dist\\lib\\common\\remote\\backend"},{"namespace":"user","serverType":"name","path":"D:\\工作目录\\trunk\\05_server\\tyrannosaurus\\game-server\\dist\\app\\servers\\name\\remote"}],"handlerPaths":[],"pid":19380}}
[2019-05-31T20:14:11.232] [DEBUG] pinus - [connector-server-1 monitorwatcher.js] [connector-server-1] receive addServer signal: {"action":"addServer","server":{"main":"D:\\工作目录\\trunk\\05_server\\tyrannosaurus\\game-server\\dist\\app","env":"development","zone":"cn","id":"game-server-1","host":"127.0.0.1","port":5170,"auto-restart":"true","serverType":"game","remoterPaths":[{"namespace":"sys","serverType":"game","path":"D:\\工作目录\\trunk\\05_server\\tyrannosaurus\\game-server\\node_modules\\pinus\\dist\\lib\\common\\remote\\backend"}],"handlerPaths":["D:\\工作目录\\trunk\\05_server\\tyrannosaurus\\game-server\\dist\\app\\servers\\game\\handler"],"pid":19016}}
[2019-05-31T20:14:11.253] [INFO] logger - [connector-server-1 console] connector-server-1 !!after start all
[2019-05-31T20:14:49.844] [DEBUG] pinus - [connector-server-1 connector.js] [connector-server-1] getSession session is created with session id: 1
[2019-05-31T20:14:49.860] [DEBUG] pinus - [connector-server-1 connector.js] session on [connector-server-1] bind with uid: 10000001
[2019-05-31T20:14:49.863] [DEBUG] pinus - [connector-server-1 connector.js] [connector-server-1] send message reqId: 2, route: connector.entryHandler.enter, msg: {"code":200,"desc":"登录成功","key":"LOGIN_SUCCESS"}, receivers: [1], opts: {"type":"response"}
[2019-05-31T20:14:49.901] [DEBUG] pinus - [connector-server-1 connector.js] [connector-server-1] send message reqId: 3, route: game.p01_playerHandler.p01_loadPlayer, msg: {"code":200,"itemData":[],"userData":{"item":[],"hero":["5cf0f99eb3a82716c8cd0d9c"],"_id":"5cf0f99eb3a82716c8cd0d9b","uid":10000001,"name":"拳头之德玛安","avatar":"21401","level":1,"serverId":3,"exp":0,"gold":0,"gem":0,"totalRecharge":0,"__v":0,"createAt":"2019-05-31T10:43:06.115Z","lastLoginTime":"2019-05-31T10:43:06.115Z","updateAt":"2019-05-31T10:43:06.115Z"},"heroList":[{"_id":"5cf0f99eb3a82716c8cd0d9c","id":21401,"name":"21401","uid":10000001,"quality":4,"level":1,"activie_skill_lv":1,"passive_skill1_lv":0,"passive_skill2_lv":0,"passive_skill3_lv":0,"ctime":1,"__v":0,"createAt":"2019-05-31T10:43:06.115Z","server_id":"5cf0f99eb3a82716c8cd0d9c","updateAt":"2019-05-31T10:43:06.115Z"}]}, receivers: [1], opts: {"type":"response"}
[2019-05-31T20:15:19.202] [INFO] pinus - [connector-server-1 application.js] application inited: "connector-server-1"
[2019-05-31T20:15:19.218] [INFO] logger - [connector-server-1 console] connector-server-1 !!!before startup
[2019-05-31T20:15:19.218] [INFO] pinus - [connector-server-1 application.js] "connector-server-1" enter before start...
[2019-05-31T20:15:19.219] [INFO] pinus - [connector-server-1 application.js] "connector-server-1" enter after start...
[2019-05-31T20:15:19.227] [INFO] pinus-admin - [connector-server-1 consoleService.js] try to connect master: "connector", "127.0.0.1", 3005
[2019-05-31T20:15:19.290] [INFO] game - [connector-server-1 conn.js] "connector-server-1"[1]mongoose db connected OK!
[2019-05-31T20:15:19.339] [INFO] pinus - [connector-server-1 application.js] "connector-server-1" enter after start...
[2019-05-31T20:15:19.344] [WARN] logger - [connector-server-1 console] after start all server, use route dictionary :
 connector.entryHandler.enter
connector.entryHandler.onUserLeave
gate.gateHandler.queryEntry
[2019-05-31T20:15:19.346] [INFO] pinus - [connector-server-1 application.js] "connector-server-1" finish start
[2019-05-31T20:15:19.346] [INFO] logger - [connector-server-1 console] connector-server-1 !!afterStartup
[2019-05-31T20:15:19.347] [INFO] pinus - [connector-server-1 application.js] "connector-server-1" startup in 140 ms
[2019-05-31T20:15:19.350] [DEBUG] pinus - [connector-server-1 monitorwatcher.js] [connector-server-1] receive addServer signal: {"action":"addServer","server":{"main":"D:\\工作目录\\trunk\\05_server\\tyrannosaurus\\game-server\\dist\\app","env":"development","zone":"cn","id":"game-server-1","host":"127.0.0.1","port":5170,"auto-restart":"true","serverType":"game","remoterPaths":[{"namespace":"sys","serverType":"game","path":"D:\\工作目录\\trunk\\05_server\\tyrannosaurus\\game-server\\node_modules\\pinus\\dist\\lib\\common\\remote\\backend"}],"handlerPaths":["D:\\工作目录\\trunk\\05_server\\tyrannosaurus\\game-server\\dist\\app\\servers\\game\\handler"],"pid":13392}}
[2019-05-31T20:15:19.373] [DEBUG] pinus - [connector-server-1 monitorwatcher.js] [connector-server-1] receive addServer signal: {"action":"addServer","server":{"main":"D:\\工作目录\\trunk\\05_server\\tyrannosaurus\\game-server\\dist\\app","env":"development","zone":"cn","id":"name-server-1","host":"127.0.0.1","port":7170,"auto-restart":"true","serverType":"name","remoterPaths":[{"namespace":"sys","serverType":"name","path":"D:\\工作目录\\trunk\\05_server\\tyrannosaurus\\game-server\\node_modules\\pinus\\dist\\lib\\common\\remote\\backend"},{"namespace":"user","serverType":"name","path":"D:\\工作目录\\trunk\\05_server\\tyrannosaurus\\game-server\\dist\\app\\servers\\name\\remote"}],"handlerPaths":[],"pid":19004}}
[2019-05-31T20:15:19.402] [INFO] logger - [connector-server-1 console] connector-server-1 !!after start all
[2019-05-31T20:15:26.389] [DEBUG] pinus - [connector-server-1 connector.js] [connector-server-1] getSession session is created with session id: 1
[2019-05-31T20:15:26.395] [DEBUG] pinus - [connector-server-1 connector.js] [connector-server-1] send message reqId: 2, route: connector.entryHandler.enter, msg: {"code":500,"desc":"登录失败","key":"SERVER_NOT_READY"}, receivers: [1], opts: {"type":"response"}
[2019-05-31T20:15:29.877] [DEBUG] pinus - [connector-server-1 switcher.js] connection error:read ECONNRESET, the remote ip is ::ffff:192.168.1.4 && port is 64116
[2019-05-31T20:15:29.878] [DEBUG] pinus - [connector-server-1 sessionService.js] session on [connector-server-1] is closed with session id: 1,uid:null,reason:{}
[2019-05-31T20:15:33.545] [DEBUG] pinus - [connector-server-1 connector.js] [connector-server-1] getSession session is created with session id: 2
[2019-05-31T20:15:33.548] [DEBUG] pinus - [connector-server-1 connector.js] [connector-server-1] send message reqId: 2, route: connector.entryHandler.enter, msg: {"code":500,"desc":"登录失败","key":"SERVER_NOT_READY"}, receivers: [2], opts: {"type":"response"}
[2019-05-31T20:16:22.389] [INFO] pinus - [connector-server-1 application.js] application inited: "connector-server-1"
[2019-05-31T20:16:22.400] [INFO] logger - [connector-server-1 console] connector-server-1 !!!before startup
[2019-05-31T20:16:22.401] [INFO] pinus - [connector-server-1 application.js] "connector-server-1" enter before start...
[2019-05-31T20:16:22.401] [INFO] pinus - [connector-server-1 application.js] "connector-server-1" enter after start...
[2019-05-31T20:16:22.409] [INFO] pinus-admin - [connector-server-1 consoleService.js] try to connect master: "connector", "127.0.0.1", 3005
[2019-05-31T20:16:22.487] [INFO] game - [connector-server-1 conn.js] "connector-server-1"[1]mongoose db connected OK!
[2019-05-31T20:16:22.547] [INFO] pinus - [connector-server-1 application.js] "connector-server-1" enter after start...
[2019-05-31T20:16:22.553] [WARN] logger - [connector-server-1 console] after start all server, use route dictionary :
 connector.entryHandler.enter
connector.entryHandler.onUserLeave
game.p01_playerHandler.onUserLeave
game.p01_playerHandler.p01_loadPlayer
game.p01_playerHandler.p02_ping
gate.gateHandler.queryEntry
[2019-05-31T20:16:22.555] [INFO] pinus - [connector-server-1 application.js] "connector-server-1" finish start
[2019-05-31T20:16:22.555] [INFO] logger - [connector-server-1 console] connector-server-1 !!afterStartup
[2019-05-31T20:16:22.556] [INFO] pinus - [connector-server-1 application.js] "connector-server-1" startup in 162 ms
[2019-05-31T20:16:22.560] [DEBUG] pinus - [connector-server-1 monitorwatcher.js] [connector-server-1] receive addServer signal: {"action":"addServer","server":{"main":"D:\\工作目录\\trunk\\05_server\\tyrannosaurus\\game-server\\dist\\app","env":"development","zone":"cn","id":"name-server-1","host":"127.0.0.1","port":7170,"auto-restart":"true","serverType":"name","remoterPaths":[{"namespace":"sys","serverType":"name","path":"D:\\工作目录\\trunk\\05_server\\tyrannosaurus\\game-server\\node_modules\\pinus\\dist\\lib\\common\\remote\\backend"},{"namespace":"user","serverType":"name","path":"D:\\工作目录\\trunk\\05_server\\tyrannosaurus\\game-server\\dist\\app\\servers\\name\\remote"}],"handlerPaths":[],"pid":19420}}
[2019-05-31T20:16:22.585] [INFO] logger - [connector-server-1 console] connector-server-1 !!after start all
[2019-05-31T20:16:31.625] [DEBUG] pinus - [connector-server-1 connector.js] [connector-server-1] getSession session is created with session id: 1
[2019-05-31T20:16:31.641] [DEBUG] pinus - [connector-server-1 connector.js] session on [connector-server-1] bind with uid: 10000001
[2019-05-31T20:16:31.644] [DEBUG] pinus - [connector-server-1 connector.js] [connector-server-1] send message reqId: 2, route: connector.entryHandler.enter, msg: {"code":200,"desc":"登录成功","key":"LOGIN_SUCCESS"}, receivers: [1], opts: {"type":"response"}
[2019-05-31T20:16:31.680] [DEBUG] pinus - [connector-server-1 connector.js] [connector-server-1] send message reqId: 3, route: game.p01_playerHandler.p01_loadPlayer, msg: {"code":200,"itemData":[],"userData":{"item":[],"hero":["5cf0f99eb3a82716c8cd0d9c"],"_id":"5cf0f99eb3a82716c8cd0d9b","uid":10000001,"name":"拳头之德玛安","avatar":"21401","level":1,"serverId":3,"exp":0,"gold":0,"gem":0,"totalRecharge":0,"__v":0,"createAt":"2019-05-31T10:43:06.115Z","lastLoginTime":"2019-05-31T10:43:06.115Z","updateAt":"2019-05-31T10:43:06.115Z"},"heroList":[{"_id":"5cf0f99eb3a82716c8cd0d9c","id":21401,"name":"21401","uid":10000001,"quality":4,"level":1,"activie_skill_lv":1,"passive_skill1_lv":0,"passive_skill2_lv":0,"passive_skill3_lv":0,"ctime":1,"__v":0,"createAt":"2019-05-31T10:43:06.115Z","server_id":"5cf0f99eb3a82716c8cd0d9c","updateAt":"2019-05-31T10:43:06.115Z"}]}, receivers: [1], opts: {"type":"response"}
[2019-05-31T20:18:11.047] [DEBUG] pinus - [connector-server-1 switcher.js] connection error:read ECONNRESET, the remote ip is ::ffff:192.168.1.4 && port is 64245
[2019-05-31T20:18:11.048] [DEBUG] pinus - [connector-server-1 sessionService.js] session on [connector-server-1] is closed with session id: 1,uid:10000001,reason:{}
[2019-05-31T20:18:16.067] [DEBUG] pinus - [connector-server-1 connector.js] [connector-server-1] getSession session is created with session id: 2
[2019-05-31T20:18:16.071] [DEBUG] pinus - [connector-server-1 connector.js] session on [connector-server-1] bind with uid: 10000001
[2019-05-31T20:18:16.072] [DEBUG] pinus - [connector-server-1 connector.js] [connector-server-1] send message reqId: 2, route: connector.entryHandler.enter, msg: {"code":200,"desc":"登录成功","key":"LOGIN_SUCCESS"}, receivers: [2], opts: {"type":"response"}
[2019-05-31T20:18:16.083] [DEBUG] pinus - [connector-server-1 connector.js] [connector-server-1] send message reqId: 3, route: game.p01_playerHandler.p01_loadPlayer, msg: {"code":200,"itemData":[],"userData":{"item":[],"hero":["5cf0f99eb3a82716c8cd0d9c"],"_id":"5cf0f99eb3a82716c8cd0d9b","uid":10000001,"name":"拳头之德玛安","avatar":"21401","level":1,"serverId":3,"exp":0,"gold":0,"gem":0,"totalRecharge":0,"__v":0,"createAt":"2019-05-31T10:43:06.115Z","lastLoginTime":"2019-05-31T10:43:06.115Z","updateAt":"2019-05-31T10:43:06.115Z"},"heroList":[{"_id":"5cf0f99eb3a82716c8cd0d9c","id":21401,"name":"21401","uid":10000001,"quality":4,"level":1,"activie_skill_lv":1,"passive_skill1_lv":0,"passive_skill2_lv":0,"passive_skill3_lv":0,"ctime":1,"__v":0,"createAt":"2019-05-31T10:43:06.115Z","server_id":"5cf0f99eb3a82716c8cd0d9c","updateAt":"2019-05-31T10:43:06.115Z"}]}, receivers: [2], opts: {"type":"response"}
[2019-05-31T20:31:31.319] [DEBUG] pinus - [connector-server-1 switcher.js] connection error:read ECONNRESET, the remote ip is ::ffff:192.168.1.4 && port is 64399
[2019-05-31T20:31:31.319] [DEBUG] pinus - [connector-server-1 sessionService.js] session on [connector-server-1] is closed with session id: 2,uid:10000001,reason:{}
[2019-06-02T23:23:12.536] [INFO] pinus - [connector-server-1 application.js] application inited: "connector-server-1"
[2019-06-02T23:23:12.639] [INFO] logger - [connector-server-1 console] connector-server-1 !!!before startup
[2019-06-02T23:23:12.641] [INFO] pinus - [connector-server-1 application.js] "connector-server-1" enter before start...
[2019-06-02T23:23:12.685] [INFO] pinus - [connector-server-1 application.js] "connector-server-1" enter after start...
[2019-06-02T23:23:12.748] [INFO] pinus-admin - [connector-server-1 consoleService.js] try to connect master: "connector", "127.0.0.1", 3005
[2019-06-02T23:23:13.066] [INFO] game - [connector-server-1 conn.js] "connector-server-1"[1]mongoose db connected OK!
[2019-06-02T23:23:13.151] [INFO] pinus - [connector-server-1 application.js] "connector-server-1" enter after start...
[2019-06-02T23:23:13.173] [WARN] logger - [connector-server-1 console] after start all server, use route dictionary :
 connector.entryHandler.enter
connector.entryHandler.onUserLeave
game.p01_playerHandler.onUserLeave
game.p01_playerHandler.p01_loadPlayer
game.p01_playerHandler.p02_ping
gate.gateHandler.queryEntry
[2019-06-02T23:23:13.180] [INFO] pinus - [connector-server-1 application.js] "connector-server-1" finish start
[2019-06-02T23:23:13.181] [INFO] logger - [connector-server-1 console] connector-server-1 !!afterStartup
[2019-06-02T23:23:13.182] [INFO] pinus - [connector-server-1 application.js] "connector-server-1" startup in 571 ms
[2019-06-02T23:23:13.209] [DEBUG] pinus - [connector-server-1 monitorwatcher.js] [connector-server-1] receive addServer signal: {"action":"addServer","server":{"main":"/Users/macbookpro/Desktop/tyrannosaurus/game-server/dist/app","env":"development","zone":"cn","id":"http-server-1","host":"127.0.0.1","port":6170,"auto-restart":"true","serverType":"http","remoterPaths":[{"namespace":"sys","serverType":"http","path":"/Users/macbookpro/Desktop/tyrannosaurus/game-server/node_modules/pinus/dist/lib/common/remote/backend"}],"handlerPaths":["/Users/macbookpro/Desktop/tyrannosaurus/game-server/dist/app/servers/http/handler"],"pid":8063}}
[2019-06-02T23:23:13.295] [INFO] logger - [connector-server-1 console] connector-server-1 !!after start all
[2019-06-03T01:10:35.868] [DEBUG] pinus - [connector-server-1 connector.js] [connector-server-1] getSession session is created with session id: 1
[2019-06-03T01:10:36.143] [DEBUG] pinus - [connector-server-1 connector.js] session on [connector-server-1] bind with uid: 10000001
[2019-06-03T01:10:36.181] [DEBUG] pinus - [connector-server-1 connector.js] [connector-server-1] send message reqId: 2, route: connector.entryHandler.enter, msg: {"code":200,"desc":"登录成功","key":"LOGIN_SUCCESS"}, receivers: [1], opts: {"type":"response"}
[2019-06-03T01:10:36.635] [DEBUG] pinus - [connector-server-1 connector.js] [connector-server-1] send message reqId: 3, route: game.p01_playerHandler.p01_loadPlayer, msg: {"code":200,"itemData":[],"userData":{"item":[],"hero":["5cf226adabc47010ce749623"],"_id":"5cf226adabc47010ce749622","uid":10000001,"name":"艾尔女孩熊","avatar":"21401","level":1,"serverId":1,"exp":0,"gold":0,"gem":0,"totalRecharge":0,"__v":0,"createAt":"2019-06-01T07:26:53.993Z","lastLoginTime":"2019-06-01T07:26:53.993Z","updateAt":"2019-06-01T07:26:53.993Z"},"heroList":[{"_id":"5cf226adabc47010ce749623","id":21401,"name":"21401","uid":10000001,"quality":4,"level":1,"activie_skill_lv":1,"passive_skill1_lv":0,"passive_skill2_lv":0,"passive_skill3_lv":0,"ctime":1,"__v":0,"createAt":"2019-06-01T07:26:53.995Z","server_id":"5cf226adabc47010ce749623","updateAt":"2019-06-01T07:26:53.995Z"}]}, receivers: [1], opts: {"type":"response"}
[2019-06-03T01:46:47.629] [DEBUG] pinus - [connector-server-1 switcher.js] connection error:read ECONNRESET, the remote ip is ::ffff:127.0.0.1 && port is 52204
[2019-06-03T01:46:47.630] [DEBUG] pinus - [connector-server-1 sessionService.js] session on [connector-server-1] is closed with session id: 1,uid:10000001,reason:{}
[2019-06-03T05:48:28.029] [ERROR] game - [connector-server-1 conn.js] 断开数据库链接Error
    at Object.pLogger.(anonymous function) [as error] (/Users/macbookpro/Desktop/tyrannosaurus/game-server/node_modules/pinus-logger/lib/logger.ts:72:34)
    at DBConnection.OnDisconnected (/Users/macbookpro/Desktop/tyrannosaurus/game-server/app/dao/conn.ts:122:16)
    at NativeConnection.emit (events.js:182:13)
    at NativeConnection.set (/Users/macbookpro/Desktop/tyrannosaurus/game-server/node_modules/mongoose/lib/connection.js:121:12)
    at Db.<anonymous> (/Users/macbookpro/Desktop/tyrannosaurus/game-server/node_modules/mongoose/lib/connection.js:593:26)
    at Db.emit (events.js:182:13)
    at Server.listener (/Users/macbookpro/Desktop/tyrannosaurus/game-server/node_modules/mongodb/lib/operations/db_ops.js:340:14)
    at Server.emit (events.js:187:15)
    at Server.<anonymous> (/Users/macbookpro/Desktop/tyrannosaurus/game-server/node_modules/mongodb/lib/topologies/server.js:250:16)
    at Server.emit (events.js:182:13)
    at Pool.<anonymous> (/Users/macbookpro/Desktop/tyrannosaurus/game-server/node_modules/mongodb-core/lib/topologies/server.js:452:12)
    at Pool.emit (events.js:182:13)
    at connectionFailureHandler (/Users/macbookpro/Desktop/tyrannosaurus/game-server/node_modules/mongodb-core/lib/connection/pool.js:268:10)
    at Connection.Pool._connectionCloseHandler (/Users/macbookpro/Desktop/tyrannosaurus/game-server/node_modules/mongodb-core/lib/connection/pool.js:152:5)
    at Connection.emit (events.js:182:13)
    at Socket.<anonymous> (/Users/macbookpro/Desktop/tyrannosaurus/game-server/node_modules/mongodb-core/lib/connection/connection.js:350:12)
    at Object.onceWrapper (events.js:273:13)
    at Socket.emit (events.js:182:13)
    at TCP._handle.close (net.js:611:12) undefined
[2019-06-03T05:48:28.321] [ERROR] logger - [connector-server-1 console] connector-server-1Caught exception: Error: Redis connection to 127.0.0.1:6379 failed - connect ECONNREFUSED 127.0.0.1:6379
    at TCPConnectWrap.afterConnect [as oncomplete] (net.js:1117:14)Error
    at Object.pLogger.(anonymous function) [as error] (/Users/macbookpro/Desktop/tyrannosaurus/game-server/node_modules/pinus-logger/lib/logger.ts:72:34)
    at process.<anonymous> (/Users/macbookpro/Desktop/tyrannosaurus/game-server/preload.ts:33:17)
    at process.emit (events.js:182:13)
    at process._fatalException (internal/bootstrap/node.js:622:27)
[2019-06-03T05:48:28.669] [ERROR] logger - [connector-server-1 console] connector-server-1Caught exception: Error: Redis connection to 127.0.0.1:6379 failed - connect ECONNREFUSED 127.0.0.1:6379
    at TCPConnectWrap.afterConnect [as oncomplete] (net.js:1117:14)Error
    at Object.pLogger.(anonymous function) [as error] (/Users/macbookpro/Desktop/tyrannosaurus/game-server/node_modules/pinus-logger/lib/logger.ts:72:34)
    at process.<anonymous> (/Users/macbookpro/Desktop/tyrannosaurus/game-server/preload.ts:33:17)
    at process.emit (events.js:182:13)
    at process._fatalException (internal/bootstrap/node.js:622:27)
[2019-06-03T05:48:29.252] [ERROR] logger - [connector-server-1 console] connector-server-1Caught exception: Error: Redis connection to 127.0.0.1:6379 failed - connect ECONNREFUSED 127.0.0.1:6379
    at TCPConnectWrap.afterConnect [as oncomplete] (net.js:1117:14)Error
    at Object.pLogger.(anonymous function) [as error] (/Users/macbookpro/Desktop/tyrannosaurus/game-server/node_modules/pinus-logger/lib/logger.ts:72:34)
    at process.<anonymous> (/Users/macbookpro/Desktop/tyrannosaurus/game-server/preload.ts:33:17)
    at process.emit (events.js:182:13)
    at process._fatalException (internal/bootstrap/node.js:622:27)
[2019-06-03T05:48:30.245] [ERROR] logger - [connector-server-1 console] connector-server-1Caught exception: Error: Redis connection to 127.0.0.1:6379 failed - connect ECONNREFUSED 127.0.0.1:6379
    at TCPConnectWrap.afterConnect [as oncomplete] (net.js:1117:14)Error
    at Object.pLogger.(anonymous function) [as error] (/Users/macbookpro/Desktop/tyrannosaurus/game-server/node_modules/pinus-logger/lib/logger.ts:72:34)
    at process.<anonymous> (/Users/macbookpro/Desktop/tyrannosaurus/game-server/preload.ts:33:17)
    at process.emit (events.js:182:13)
    at process._fatalException (internal/bootstrap/node.js:622:27)
[2019-06-04T00:26:59.864] [INFO] pinus - [connector-server-1 application.js] application inited: "connector-server-1"
[2019-06-04T00:26:59.964] [INFO] logger - [connector-server-1 console] connector-server-1 !!!before startup
[2019-06-04T00:26:59.967] [INFO] pinus - [connector-server-1 application.js] "connector-server-1" enter before start...
[2019-06-04T00:26:59.970] [INFO] pinus - [connector-server-1 application.js] "connector-server-1" enter after start...
[2019-06-04T00:27:00.042] [INFO] pinus-admin - [connector-server-1 consoleService.js] try to connect master: "connector", "127.0.0.1", 3005
[2019-06-04T00:27:00.407] [INFO] game - [connector-server-1 conn.js] "connector-server-1"[1]mongoose db connected OK!
[2019-06-04T00:27:00.515] [INFO] pinus - [connector-server-1 application.js] "connector-server-1" enter after start...
[2019-06-04T00:27:00.531] [WARN] logger - [connector-server-1 console] after start all server, use route dictionary :
 connector.entryHandler.enter
connector.entryHandler.onUserLeave
game.p01_playerHandler.onUserLeave
game.p01_playerHandler.p01_loadPlayer
game.p01_playerHandler.p02_ping
gate.gateHandler.queryEntry
[2019-06-04T00:27:00.538] [INFO] pinus - [connector-server-1 application.js] "connector-server-1" finish start
[2019-06-04T00:27:00.539] [INFO] logger - [connector-server-1 console] connector-server-1 !!afterStartup
[2019-06-04T00:27:00.540] [INFO] pinus - [connector-server-1 application.js] "connector-server-1" startup in 634 ms
[2019-06-04T00:27:00.581] [INFO] logger - [connector-server-1 console] connector-server-1 !!after start all
[2019-06-07T00:21:29.638] [INFO] pinus - [connector-server-1 application.js] application inited: "connector-server-1"
[2019-06-07T00:21:29.767] [INFO] logger - [connector-server-1 console] connector-server-1 !!!before startup
[2019-06-07T00:21:29.770] [INFO] pinus - [connector-server-1 application.js] "connector-server-1" enter before start...
[2019-06-07T00:21:29.782] [INFO] pinus - [connector-server-1 application.js] "connector-server-1" enter after start...
[2019-06-07T00:21:29.823] [INFO] pinus-admin - [connector-server-1 consoleService.js] try to connect master: "connector", "127.0.0.1", 3005
[2019-06-07T00:21:30.149] [INFO] game - [connector-server-1 conn.js] "connector-server-1"[1]mongoose db connected OK!
[2019-06-07T00:21:30.238] [INFO] pinus - [connector-server-1 application.js] "connector-server-1" enter after start...
[2019-06-07T00:21:30.257] [WARN] logger - [connector-server-1 console] after start all server, use route dictionary :
 connector.entryHandler.enter
connector.entryHandler.onUserLeave
game.p01_playerHandler.onUserLeave
game.p01_playerHandler.p01_loadPlayer
game.p01_playerHandler.p02_ping
gate.gateHandler.queryEntry
[2019-06-07T00:21:30.271] [INFO] pinus - [connector-server-1 application.js] "connector-server-1" finish start
[2019-06-07T00:21:30.272] [INFO] logger - [connector-server-1 console] connector-server-1 !!afterStartup
[2019-06-07T00:21:30.272] [INFO] pinus - [connector-server-1 application.js] "connector-server-1" startup in 621 ms
[2019-06-07T00:21:30.281] [INFO] logger - [connector-server-1 console] connector-server-1 !!after start all
[2019-06-07T00:22:10.664] [DEBUG] pinus - [connector-server-1 connector.js] [connector-server-1] getSession session is created with session id: 1
[2019-06-07T00:22:10.744] [DEBUG] pinus - [connector-server-1 connector.js] session on [connector-server-1] bind with uid: 10000001
[2019-06-07T00:22:10.759] [DEBUG] pinus - [connector-server-1 connector.js] [connector-server-1] send message reqId: 2, route: connector.entryHandler.enter, msg: {"code":200,"desc":"登录成功","key":"LOGIN_SUCCESS"}, receivers: [1], opts: {"type":"response"}
[2019-06-07T00:22:10.932] [DEBUG] pinus - [connector-server-1 connector.js] [connector-server-1] send message reqId: 3, route: game.p01_playerHandler.p01_loadPlayer, msg: {"code":200,"itemData":[],"userData":{"item":[],"hero":["5cf226adabc47010ce749623"],"_id":"5cf226adabc47010ce749622","uid":10000001,"name":"艾尔女孩熊","avatar":"21401","level":1,"serverId":1,"exp":0,"gold":0,"gem":0,"totalRecharge":0,"__v":0,"createAt":"2019-06-01T07:26:53.993Z","lastLoginTime":"2019-06-01T07:26:53.993Z","updateAt":"2019-06-01T07:26:53.993Z"},"heroList":[{"_id":"5cf226adabc47010ce749623","id":21401,"name":"21401","uid":10000001,"quality":4,"level":1,"activie_skill_lv":1,"passive_skill1_lv":0,"passive_skill2_lv":0,"passive_skill3_lv":0,"ctime":1,"__v":0,"createAt":"2019-06-01T07:26:53.995Z","server_id":"5cf226adabc47010ce749623","updateAt":"2019-06-01T07:26:53.995Z"}]}, receivers: [1], opts: {"type":"response"}
[2019-06-07T00:22:34.101] [DEBUG] pinus - [connector-server-1 switcher.js] connection error:read ECONNRESET, the remote ip is ::ffff:127.0.0.1 && port is 52568
[2019-06-07T00:22:34.102] [DEBUG] pinus - [connector-server-1 sessionService.js] session on [connector-server-1] is closed with session id: 1,uid:10000001,reason:{}
[2019-06-07T03:18:02.229] [ERROR] game - [connector-server-1 conn.js] 断开数据库链接Error
    at Object.pLogger.(anonymous function) [as error] (/Users/macbookpro/Desktop/tyrannosaurus/game-server/node_modules/pinus-logger/lib/logger.ts:72:34)
    at DBConnection.OnDisconnected (/Users/macbookpro/Desktop/tyrannosaurus/game-server/app/dao/conn.ts:122:16)
    at NativeConnection.emit (events.js:182:13)
    at NativeConnection.set (/Users/macbookpro/Desktop/tyrannosaurus/game-server/node_modules/mongoose/lib/connection.js:121:12)
    at Db.<anonymous> (/Users/macbookpro/Desktop/tyrannosaurus/game-server/node_modules/mongoose/lib/connection.js:593:26)
    at Db.emit (events.js:182:13)
    at Server.listener (/Users/macbookpro/Desktop/tyrannosaurus/game-server/node_modules/mongodb/lib/operations/db_ops.js:340:14)
    at Server.emit (events.js:187:15)
    at Server.<anonymous> (/Users/macbookpro/Desktop/tyrannosaurus/game-server/node_modules/mongodb/lib/topologies/server.js:250:16)
    at Server.emit (events.js:182:13)
    at Pool.<anonymous> (/Users/macbookpro/Desktop/tyrannosaurus/game-server/node_modules/mongodb-core/lib/topologies/server.js:452:12)
    at Pool.emit (events.js:182:13)
    at connectionFailureHandler (/Users/macbookpro/Desktop/tyrannosaurus/game-server/node_modules/mongodb-core/lib/connection/pool.js:268:10)
    at Connection.Pool._connectionCloseHandler (/Users/macbookpro/Desktop/tyrannosaurus/game-server/node_modules/mongodb-core/lib/connection/pool.js:152:5)
    at Connection.emit (events.js:182:13)
    at Socket.<anonymous> (/Users/macbookpro/Desktop/tyrannosaurus/game-server/node_modules/mongodb-core/lib/connection/connection.js:350:12)
    at Object.onceWrapper (events.js:273:13)
    at Socket.emit (events.js:182:13)
    at TCP._handle.close (net.js:611:12) undefined
[2019-06-07T03:18:02.493] [ERROR] logger - [connector-server-1 console] connector-server-1Caught exception: Error: Redis connection to 127.0.0.1:6379 failed - connect ECONNREFUSED 127.0.0.1:6379
    at TCPConnectWrap.afterConnect [as oncomplete] (net.js:1117:14)Error
    at Object.pLogger.(anonymous function) [as error] (/Users/macbookpro/Desktop/tyrannosaurus/game-server/node_modules/pinus-logger/lib/logger.ts:72:34)
    at process.<anonymous> (/Users/macbookpro/Desktop/tyrannosaurus/game-server/preload.ts:33:17)
    at process.emit (events.js:182:13)
    at process._fatalException (internal/bootstrap/node.js:622:27)
[2019-06-07T03:18:02.838] [ERROR] logger - [connector-server-1 console] connector-server-1Caught exception: Error: Redis connection to 127.0.0.1:6379 failed - connect ECONNREFUSED 127.0.0.1:6379
    at TCPConnectWrap.afterConnect [as oncomplete] (net.js:1117:14)Error
    at Object.pLogger.(anonymous function) [as error] (/Users/macbookpro/Desktop/tyrannosaurus/game-server/node_modules/pinus-logger/lib/logger.ts:72:34)
    at process.<anonymous> (/Users/macbookpro/Desktop/tyrannosaurus/game-server/preload.ts:33:17)
    at process.emit (events.js:182:13)
    at process._fatalException (internal/bootstrap/node.js:622:27)
[2019-06-07T03:18:03.425] [ERROR] logger - [connector-server-1 console] connector-server-1Caught exception: Error: Redis connection to 127.0.0.1:6379 failed - connect ECONNREFUSED 127.0.0.1:6379
    at TCPConnectWrap.afterConnect [as oncomplete] (net.js:1117:14)Error
    at Object.pLogger.(anonymous function) [as error] (/Users/macbookpro/Desktop/tyrannosaurus/game-server/node_modules/pinus-logger/lib/logger.ts:72:34)
    at process.<anonymous> (/Users/macbookpro/Desktop/tyrannosaurus/game-server/preload.ts:33:17)
    at process.emit (events.js:182:13)
    at process._fatalException (internal/bootstrap/node.js:622:27)
[2019-06-07T03:18:04.415] [ERROR] logger - [connector-server-1 console] connector-server-1Caught exception: Error: Redis connection to 127.0.0.1:6379 failed - connect ECONNREFUSED 127.0.0.1:6379
    at TCPConnectWrap.afterConnect [as oncomplete] (net.js:1117:14)Error
    at Object.pLogger.(anonymous function) [as error] (/Users/macbookpro/Desktop/tyrannosaurus/game-server/node_modules/pinus-logger/lib/logger.ts:72:34)
    at process.<anonymous> (/Users/macbookpro/Desktop/tyrannosaurus/game-server/preload.ts:33:17)
    at process.emit (events.js:182:13)
    at process._fatalException (internal/bootstrap/node.js:622:27)
[2019-06-08T00:02:38.359] [INFO] pinus - [connector-server-1 application.js] application inited: "connector-server-1"
[2019-06-08T00:02:38.475] [INFO] logger - [connector-server-1 console] connector-server-1 !!!before startup
[2019-06-08T00:02:38.477] [INFO] pinus - [connector-server-1 application.js] "connector-server-1" enter before start...
[2019-06-08T00:02:38.478] [INFO] pinus - [connector-server-1 application.js] "connector-server-1" enter after start...
[2019-06-08T00:02:38.570] [INFO] pinus-admin - [connector-server-1 consoleService.js] try to connect master: "connector", "127.0.0.1", 3005
[2019-06-08T00:02:39.249] [INFO] game - [connector-server-1 conn.js] "connector-server-1"[1]mongoose db connected OK!
[2019-06-08T00:02:39.478] [INFO] pinus - [connector-server-1 application.js] "connector-server-1" enter after start...
[2019-06-08T00:02:39.574] [WARN] logger - [connector-server-1 console] after start all server, use route dictionary :
 connector.entryHandler.enter
connector.entryHandler.onUserLeave
game.p01_playerHandler.onUserLeave
game.p01_playerHandler.p01_loadPlayer
game.p01_playerHandler.p02_ping
gate.gateHandler.queryEntry
[2019-06-08T00:02:39.578] [INFO] pinus - [connector-server-1 application.js] "connector-server-1" finish start
[2019-06-08T00:02:39.580] [INFO] logger - [connector-server-1 console] connector-server-1 !!afterStartup
[2019-06-08T00:02:39.580] [INFO] pinus - [connector-server-1 application.js] "connector-server-1" startup in 1207 ms
[2019-06-08T00:02:39.876] [DEBUG] pinus - [connector-server-1 monitorwatcher.js] [connector-server-1] receive addServer signal: {"action":"addServer","server":{"main":"/Users/macbookpro/Desktop/tyrannosaurus/game-server/dist/app","env":"development","zone":"cn","id":"name-server-1","host":"127.0.0.1","port":7170,"auto-restart":"true","args":"--inspect=10006","serverType":"name","remoterPaths":[{"namespace":"sys","serverType":"name","path":"/Users/macbookpro/Desktop/tyrannosaurus/game-server/node_modules/pinus/dist/lib/common/remote/backend"},{"namespace":"user","serverType":"name","path":"/Users/macbookpro/Desktop/tyrannosaurus/game-server/dist/app/servers/name/remote"}],"handlerPaths":[],"pid":8245}}
[2019-06-08T00:02:40.225] [INFO] logger - [connector-server-1 console] connector-server-1 !!after start all
[2019-06-08T00:02:48.230] [DEBUG] pinus - [connector-server-1 connector.js] [connector-server-1] getSession session is created with session id: 1
[2019-06-08T00:02:48.623] [DEBUG] pinus - [connector-server-1 connector.js] session on [connector-server-1] bind with uid: 10000001
[2019-06-08T00:02:48.642] [DEBUG] pinus - [connector-server-1 connector.js] [connector-server-1] send message reqId: 2, route: connector.entryHandler.enter, msg: {"code":200,"desc":"登录成功","key":"LOGIN_SUCCESS"}, receivers: [1], opts: {"type":"response"}
[2019-06-08T00:02:48.842] [DEBUG] pinus - [connector-server-1 connector.js] [connector-server-1] send message reqId: 3, route: game.p01_playerHandler.p01_loadPlayer, msg: {"code":200,"itemData":[],"userData":{"item":[],"hero":["5cf226adabc47010ce749623"],"_id":"5cf226adabc47010ce749622","uid":10000001,"name":"艾尔女孩熊","avatar":"21401","level":1,"serverId":1,"exp":0,"gold":0,"gem":0,"totalRecharge":0,"__v":0,"createAt":"2019-06-01T07:26:53.993Z","lastLoginTime":"2019-06-01T07:26:53.993Z","updateAt":"2019-06-01T07:26:53.993Z"},"heroList":[{"_id":"5cf226adabc47010ce749623","id":21401,"name":"21401","uid":10000001,"quality":4,"level":1,"activie_skill_lv":1,"passive_skill1_lv":0,"passive_skill2_lv":0,"passive_skill3_lv":0,"ctime":1,"__v":0,"createAt":"2019-06-01T07:26:53.995Z","server_id":"5cf226adabc47010ce749623","updateAt":"2019-06-01T07:26:53.995Z"}]}, receivers: [1], opts: {"type":"response"}
[2019-06-08T00:03:16.304] [DEBUG] pinus - [connector-server-1 switcher.js] connection error:read ECONNRESET, the remote ip is ::ffff:127.0.0.1 && port is 61683
[2019-06-08T00:03:16.306] [DEBUG] pinus - [connector-server-1 sessionService.js] session on [connector-server-1] is closed with session id: 1,uid:10000001,reason:{}
[2019-06-08T02:53:46.663] [ERROR] game - [connector-server-1 conn.js] 断开数据库链接Error
    at Object.pLogger.(anonymous function) [as error] (/Users/macbookpro/Desktop/tyrannosaurus/game-server/node_modules/pinus-logger/lib/logger.ts:72:34)
    at DBConnection.OnDisconnected (/Users/macbookpro/Desktop/tyrannosaurus/game-server/app/dao/conn.ts:122:16)
    at NativeConnection.emit (events.js:182:13)
    at NativeConnection.set (/Users/macbookpro/Desktop/tyrannosaurus/game-server/node_modules/mongoose/lib/connection.js:121:12)
    at Db.<anonymous> (/Users/macbookpro/Desktop/tyrannosaurus/game-server/node_modules/mongoose/lib/connection.js:593:26)
    at Db.emit (events.js:182:13)
    at Server.listener (/Users/macbookpro/Desktop/tyrannosaurus/game-server/node_modules/mongodb/lib/operations/db_ops.js:340:14)
    at Server.emit (events.js:187:15)
    at Server.<anonymous> (/Users/macbookpro/Desktop/tyrannosaurus/game-server/node_modules/mongodb/lib/topologies/server.js:250:16)
    at Server.emit (events.js:182:13)
    at Pool.<anonymous> (/Users/macbookpro/Desktop/tyrannosaurus/game-server/node_modules/mongodb-core/lib/topologies/server.js:452:12)
    at Pool.emit (events.js:182:13)
    at connectionFailureHandler (/Users/macbookpro/Desktop/tyrannosaurus/game-server/node_modules/mongodb-core/lib/connection/pool.js:268:10)
    at Connection.Pool._connectionCloseHandler (/Users/macbookpro/Desktop/tyrannosaurus/game-server/node_modules/mongodb-core/lib/connection/pool.js:152:5)
    at Connection.emit (events.js:182:13)
    at Socket.<anonymous> (/Users/macbookpro/Desktop/tyrannosaurus/game-server/node_modules/mongodb-core/lib/connection/connection.js:350:12)
    at Object.onceWrapper (events.js:273:13)
    at Socket.emit (events.js:182:13)
    at TCP._handle.close (net.js:611:12) undefined
[2019-06-08T02:53:46.944] [ERROR] logger - [connector-server-1 console] connector-server-1Caught exception: Error: Redis connection to 127.0.0.1:6379 failed - connect ECONNREFUSED 127.0.0.1:6379
    at TCPConnectWrap.afterConnect [as oncomplete] (net.js:1117:14)Error
    at Object.pLogger.(anonymous function) [as error] (/Users/macbookpro/Desktop/tyrannosaurus/game-server/node_modules/pinus-logger/lib/logger.ts:72:34)
    at process.<anonymous> (/Users/macbookpro/Desktop/tyrannosaurus/game-server/preload.ts:33:17)
    at process.emit (events.js:182:13)
    at process._fatalException (internal/bootstrap/node.js:622:27)
[2019-06-08T02:53:47.295] [ERROR] logger - [connector-server-1 console] connector-server-1Caught exception: Error: Redis connection to 127.0.0.1:6379 failed - connect ECONNREFUSED 127.0.0.1:6379
    at TCPConnectWrap.afterConnect [as oncomplete] (net.js:1117:14)Error
    at Object.pLogger.(anonymous function) [as error] (/Users/macbookpro/Desktop/tyrannosaurus/game-server/node_modules/pinus-logger/lib/logger.ts:72:34)
    at process.<anonymous> (/Users/macbookpro/Desktop/tyrannosaurus/game-server/preload.ts:33:17)
    at process.emit (events.js:182:13)
    at process._fatalException (internal/bootstrap/node.js:622:27)
[2019-06-08T02:53:47.885] [ERROR] logger - [connector-server-1 console] connector-server-1Caught exception: Error: Redis connection to 127.0.0.1:6379 failed - connect ECONNREFUSED 127.0.0.1:6379
    at TCPConnectWrap.afterConnect [as oncomplete] (net.js:1117:14)Error
    at Object.pLogger.(anonymous function) [as error] (/Users/macbookpro/Desktop/tyrannosaurus/game-server/node_modules/pinus-logger/lib/logger.ts:72:34)
    at process.<anonymous> (/Users/macbookpro/Desktop/tyrannosaurus/game-server/preload.ts:33:17)
    at process.emit (events.js:182:13)
    at process._fatalException (internal/bootstrap/node.js:622:27)
[2019-06-08T02:53:48.873] [ERROR] logger - [connector-server-1 console] connector-server-1Caught exception: Error: Redis connection to 127.0.0.1:6379 failed - connect ECONNREFUSED 127.0.0.1:6379
    at TCPConnectWrap.afterConnect [as oncomplete] (net.js:1117:14)Error
    at Object.pLogger.(anonymous function) [as error] (/Users/macbookpro/Desktop/tyrannosaurus/game-server/node_modules/pinus-logger/lib/logger.ts:72:34)
    at process.<anonymous> (/Users/macbookpro/Desktop/tyrannosaurus/game-server/preload.ts:33:17)
    at process.emit (events.js:182:13)
    at process._fatalException (internal/bootstrap/node.js:622:27)
