[2019-05-31T19:39:07.230] [INFO] pinus - [name-server-1 application.js] application inited: "name-server-1"
[2019-05-31T19:39:07.240] [INFO] pinus - [name-server-1 application.js] "name-server-1" enter before start...
[2019-05-31T19:39:07.241] [INFO] pinus - [name-server-1 application.js] "name-server-1" enter after start...
[2019-05-31T19:39:07.252] [INFO] pinus-admin - [name-server-1 consoleService.js] try to connect master: "name", "127.0.0.1", 3005
[2019-05-31T19:39:07.310] [INFO] game - [name-server-1 conn.js] "name-server-1"[1]mongoose db connected OK!
[2019-05-31T19:39:07.330] [INFO] pinus - [name-server-1 application.js] "name-server-1" enter after start...
[2019-05-31T19:39:07.331] [INFO] pinus - [name-server-1 application.js] "name-server-1" finish start
[2019-05-31T19:39:07.331] [INFO] pinus - [name-server-1 application.js] "name-server-1" startup in 94 ms
[2019-05-31T19:48:57.381] [INFO] pinus - [name-server-1 application.js] application inited: "name-server-1"
[2019-05-31T19:48:57.388] [INFO] pinus - [name-server-1 application.js] "name-server-1" enter before start...
[2019-05-31T19:48:57.389] [INFO] pinus - [name-server-1 application.js] "name-server-1" enter after start...
[2019-05-31T19:48:57.398] [INFO] pinus-admin - [name-server-1 consoleService.js] try to connect master: "name", "127.0.0.1", 3005
[2019-05-31T19:48:57.473] [INFO] game - [name-server-1 conn.js] "name-server-1"[1]mongoose db connected OK!
[2019-05-31T19:48:57.496] [INFO] pinus - [name-server-1 application.js] "name-server-1" enter after start...
[2019-05-31T19:48:57.496] [INFO] pinus - [name-server-1 application.js] "name-server-1" finish start
[2019-05-31T19:48:57.497] [INFO] pinus - [name-server-1 application.js] "name-server-1" startup in 111 ms
[2019-05-31T19:48:57.505] [DEBUG] pinus - [name-server-1 monitorwatcher.js] [name-server-1] receive addServer signal: {"action":"addServer","server":{"main":"D:\\工作目录\\trunk\\05_server\\tyrannosaurus\\game-server\\dist\\app","env":"development","zone":"cn","id":"game-server-1","host":"127.0.0.1","port":5170,"auto-restart":"true","serverType":"game","remoterPaths":[{"namespace":"sys","serverType":"game","path":"D:\\工作目录\\trunk\\05_server\\tyrannosaurus\\game-server\\node_modules\\pinus\\dist\\lib\\common\\remote\\backend"}],"handlerPaths":["D:\\工作目录\\trunk\\05_server\\tyrannosaurus\\game-server\\dist\\app\\servers\\game\\handler"],"pid":16740}}
[2019-05-31T20:06:43.615] [INFO] pinus - [name-server-1 application.js] application inited: "name-server-1"
[2019-05-31T20:06:43.626] [INFO] pinus - [name-server-1 application.js] "name-server-1" enter before start...
[2019-05-31T20:06:43.626] [INFO] pinus - [name-server-1 application.js] "name-server-1" enter after start...
[2019-05-31T20:06:43.638] [INFO] pinus-admin - [name-server-1 consoleService.js] try to connect master: "name", "127.0.0.1", 3005
[2019-05-31T20:06:43.707] [INFO] game - [name-server-1 conn.js] "name-server-1"[1]mongoose db connected OK!
[2019-05-31T20:06:43.757] [INFO] pinus - [name-server-1 application.js] "name-server-1" enter after start...
[2019-05-31T20:06:43.758] [INFO] pinus - [name-server-1 application.js] "name-server-1" finish start
[2019-05-31T20:06:43.758] [INFO] pinus - [name-server-1 application.js] "name-server-1" startup in 136 ms
[2019-05-31T20:11:33.852] [INFO] pinus - [name-server-1 application.js] application inited: "name-server-1"
[2019-05-31T20:11:33.863] [INFO] pinus - [name-server-1 application.js] "name-server-1" enter before start...
[2019-05-31T20:11:33.864] [INFO] pinus - [name-server-1 application.js] "name-server-1" enter after start...
[2019-05-31T20:11:33.875] [INFO] pinus-admin - [name-server-1 consoleService.js] try to connect master: "name", "127.0.0.1", 3005
[2019-05-31T20:11:33.944] [INFO] game - [name-server-1 conn.js] "name-server-1"[1]mongoose db connected OK!
[2019-05-31T20:11:33.967] [INFO] pinus - [name-server-1 application.js] "name-server-1" enter after start...
[2019-05-31T20:11:33.967] [INFO] pinus - [name-server-1 application.js] "name-server-1" finish start
[2019-05-31T20:11:33.968] [INFO] pinus - [name-server-1 application.js] "name-server-1" startup in 107 ms
[2019-05-31T20:13:15.152] [INFO] pinus - [name-server-1 application.js] application inited: "name-server-1"
[2019-05-31T20:13:15.161] [INFO] pinus - [name-server-1 application.js] "name-server-1" enter before start...
[2019-05-31T20:13:15.162] [INFO] pinus - [name-server-1 application.js] "name-server-1" enter after start...
[2019-05-31T20:13:15.188] [INFO] pinus-admin - [name-server-1 consoleService.js] try to connect master: "name", "127.0.0.1", 3005
[2019-05-31T20:13:15.261] [INFO] game - [name-server-1 conn.js] "name-server-1"[1]mongoose db connected OK!
[2019-05-31T20:13:15.283] [INFO] pinus - [name-server-1 application.js] "name-server-1" enter after start...
[2019-05-31T20:13:15.284] [INFO] pinus - [name-server-1 application.js] "name-server-1" finish start
[2019-05-31T20:13:15.285] [INFO] pinus - [name-server-1 application.js] "name-server-1" startup in 128 ms
[2019-05-31T20:14:11.118] [INFO] pinus - [name-server-1 application.js] application inited: "name-server-1"
[2019-05-31T20:14:11.136] [INFO] pinus - [name-server-1 application.js] "name-server-1" enter before start...
[2019-05-31T20:14:11.137] [INFO] pinus - [name-server-1 application.js] "name-server-1" enter after start...
[2019-05-31T20:14:11.148] [INFO] pinus-admin - [name-server-1 consoleService.js] try to connect master: "name", "127.0.0.1", 3005
[2019-05-31T20:14:11.209] [INFO] game - [name-server-1 conn.js] "name-server-1"[1]mongoose db connected OK!
[2019-05-31T20:14:11.237] [INFO] pinus - [name-server-1 application.js] "name-server-1" enter after start...
[2019-05-31T20:14:11.238] [INFO] pinus - [name-server-1 application.js] "name-server-1" finish start
[2019-05-31T20:14:11.238] [INFO] pinus - [name-server-1 application.js] "name-server-1" startup in 112 ms
[2019-05-31T20:15:19.269] [INFO] pinus - [name-server-1 application.js] application inited: "name-server-1"
[2019-05-31T20:15:19.280] [INFO] pinus - [name-server-1 application.js] "name-server-1" enter before start...
[2019-05-31T20:15:19.281] [INFO] pinus - [name-server-1 application.js] "name-server-1" enter after start...
[2019-05-31T20:15:19.297] [INFO] pinus-admin - [name-server-1 consoleService.js] try to connect master: "name", "127.0.0.1", 3005
[2019-05-31T20:15:19.359] [INFO] game - [name-server-1 conn.js] "name-server-1"[1]mongoose db connected OK!
[2019-05-31T20:15:19.397] [INFO] pinus - [name-server-1 application.js] "name-server-1" enter after start...
[2019-05-31T20:15:19.398] [INFO] pinus - [name-server-1 application.js] "name-server-1" finish start
[2019-05-31T20:15:19.398] [INFO] pinus - [name-server-1 application.js] "name-server-1" startup in 121 ms
[2019-05-31T20:16:22.435] [INFO] pinus - [name-server-1 application.js] application inited: "name-server-1"
[2019-05-31T20:16:22.450] [INFO] pinus - [name-server-1 application.js] "name-server-1" enter before start...
[2019-05-31T20:16:22.450] [INFO] pinus - [name-server-1 application.js] "name-server-1" enter after start...
[2019-05-31T20:16:22.463] [INFO] pinus-admin - [name-server-1 consoleService.js] try to connect master: "name", "127.0.0.1", 3005
[2019-05-31T20:16:22.540] [INFO] game - [name-server-1 conn.js] "name-server-1"[1]mongoose db connected OK!
[2019-05-31T20:16:22.580] [INFO] pinus - [name-server-1 application.js] "name-server-1" enter after start...
[2019-05-31T20:16:22.580] [INFO] pinus - [name-server-1 application.js] "name-server-1" finish start
[2019-05-31T20:16:22.581] [INFO] pinus - [name-server-1 application.js] "name-server-1" startup in 134 ms
[2019-06-02T23:23:12.450] [INFO] pinus - [name-server-1 application.js] application inited: "name-server-1"
[2019-06-02T23:23:12.553] [INFO] pinus - [name-server-1 application.js] "name-server-1" enter before start...
[2019-06-02T23:23:12.554] [INFO] pinus - [name-server-1 application.js] "name-server-1" enter after start...
[2019-06-02T23:23:12.625] [INFO] pinus-admin - [name-server-1 consoleService.js] try to connect master: "name", "127.0.0.1", 3005
[2019-06-02T23:23:12.993] [INFO] pinus - [name-server-1 application.js] "name-server-1" enter after start...
[2019-06-02T23:23:13.006] [INFO] pinus - [name-server-1 application.js] "name-server-1" finish start
[2019-06-02T23:23:13.008] [INFO] pinus - [name-server-1 application.js] "name-server-1" startup in 460 ms
[2019-06-02T23:23:13.080] [INFO] game - [name-server-1 conn.js] "name-server-1"[1]mongoose db connected OK!
[2019-06-02T23:23:13.102] [DEBUG] pinus - [name-server-1 monitorwatcher.js] [name-server-1] receive addServer signal: {"action":"addServer","server":{"main":"/Users/macbookpro/Desktop/tyrannosaurus/game-server/dist/app","env":"development","id":"connector-server-1","host":"127.0.0.1","port":4050,"clientPort":3050,"frontend":"true","args":"--inspect=10001","serverType":"connector","remoterPaths":[{"namespace":"sys","serverType":"connector","path":"/Users/macbookpro/Desktop/tyrannosaurus/game-server/node_modules/pinus/dist/lib/common/remote/frontend"}],"handlerPaths":["/Users/macbookpro/Desktop/tyrannosaurus/game-server/dist/app/servers/connector/handler"],"pid":8060}}
[2019-06-02T23:23:13.211] [DEBUG] pinus - [name-server-1 monitorwatcher.js] [name-server-1] receive addServer signal: {"action":"addServer","server":{"main":"/Users/macbookpro/Desktop/tyrannosaurus/game-server/dist/app","env":"development","zone":"cn","id":"http-server-1","host":"127.0.0.1","port":6170,"auto-restart":"true","serverType":"http","remoterPaths":[{"namespace":"sys","serverType":"http","path":"/Users/macbookpro/Desktop/tyrannosaurus/game-server/node_modules/pinus/dist/lib/common/remote/backend"}],"handlerPaths":["/Users/macbookpro/Desktop/tyrannosaurus/game-server/dist/app/servers/http/handler"],"pid":8063}}
[2019-06-03T05:48:28.063] [ERROR] game - [name-server-1 conn.js] 断开数据库链接Error
    at Object.pLogger.(anonymous function) [as error] (/Users/macbookpro/Desktop/tyrannosaurus/game-server/node_modules/pinus-logger/lib/logger.ts:72:34)
    at DBConnection.OnDisconnected (/Users/macbookpro/Desktop/tyrannosaurus/game-server/app/dao/conn.ts:122:16)
    at NativeConnection.emit (events.js:182:13)
    at NativeConnection.set (/Users/macbookpro/Desktop/tyrannosaurus/game-server/node_modules/mongoose/lib/connection.js:121:12)
    at Db.<anonymous> (/Users/macbookpro/Desktop/tyrannosaurus/game-server/node_modules/mongoose/lib/connection.js:593:26)
    at Db.emit (events.js:182:13)
    at Server.listener (/Users/macbookpro/Desktop/tyrannosaurus/game-server/node_modules/mongodb/lib/operations/db_ops.js:340:14)
    at Server.emit (events.js:187:15)
    at Server.<anonymous> (/Users/macbookpro/Desktop/tyrannosaurus/game-server/node_modules/mongodb/lib/topologies/server.js:250:16)
    at Server.emit (events.js:182:13)
    at Pool.<anonymous> (/Users/macbookpro/Desktop/tyrannosaurus/game-server/node_modules/mongodb-core/lib/topologies/server.js:452:12)
    at Pool.emit (events.js:182:13)
    at connectionFailureHandler (/Users/macbookpro/Desktop/tyrannosaurus/game-server/node_modules/mongodb-core/lib/connection/pool.js:268:10)
    at Connection.Pool._connectionCloseHandler (/Users/macbookpro/Desktop/tyrannosaurus/game-server/node_modules/mongodb-core/lib/connection/pool.js:152:5)
    at Connection.emit (events.js:182:13)
    at Socket.<anonymous> (/Users/macbookpro/Desktop/tyrannosaurus/game-server/node_modules/mongodb-core/lib/connection/connection.js:350:12)
    at Object.onceWrapper (events.js:273:13)
    at Socket.emit (events.js:182:13)
    at TCP._handle.close (net.js:611:12) undefined
[2019-06-03T05:48:28.321] [ERROR] logger - [name-server-1 console] name-server-1Caught exception: Error: Redis connection to 127.0.0.1:6379 failed - connect ECONNREFUSED 127.0.0.1:6379
    at TCPConnectWrap.afterConnect [as oncomplete] (net.js:1117:14)Error
    at Object.pLogger.(anonymous function) [as error] (/Users/macbookpro/Desktop/tyrannosaurus/game-server/node_modules/pinus-logger/lib/logger.ts:72:34)
    at process.<anonymous> (/Users/macbookpro/Desktop/tyrannosaurus/game-server/preload.ts:33:17)
    at process.emit (events.js:182:13)
    at process._fatalException (internal/bootstrap/node.js:622:27)
[2019-06-03T05:48:28.666] [ERROR] logger - [name-server-1 console] name-server-1Caught exception: Error: Redis connection to 127.0.0.1:6379 failed - connect ECONNREFUSED 127.0.0.1:6379
    at TCPConnectWrap.afterConnect [as oncomplete] (net.js:1117:14)Error
    at Object.pLogger.(anonymous function) [as error] (/Users/macbookpro/Desktop/tyrannosaurus/game-server/node_modules/pinus-logger/lib/logger.ts:72:34)
    at process.<anonymous> (/Users/macbookpro/Desktop/tyrannosaurus/game-server/preload.ts:33:17)
    at process.emit (events.js:182:13)
    at process._fatalException (internal/bootstrap/node.js:622:27)
[2019-06-03T05:48:29.252] [ERROR] logger - [name-server-1 console] name-server-1Caught exception: Error: Redis connection to 127.0.0.1:6379 failed - connect ECONNREFUSED 127.0.0.1:6379
    at TCPConnectWrap.afterConnect [as oncomplete] (net.js:1117:14)Error
    at Object.pLogger.(anonymous function) [as error] (/Users/macbookpro/Desktop/tyrannosaurus/game-server/node_modules/pinus-logger/lib/logger.ts:72:34)
    at process.<anonymous> (/Users/macbookpro/Desktop/tyrannosaurus/game-server/preload.ts:33:17)
    at process.emit (events.js:182:13)
    at process._fatalException (internal/bootstrap/node.js:622:27)
[2019-06-03T05:48:30.243] [ERROR] logger - [name-server-1 console] name-server-1Caught exception: Error: Redis connection to 127.0.0.1:6379 failed - connect ECONNREFUSED 127.0.0.1:6379
    at TCPConnectWrap.afterConnect [as oncomplete] (net.js:1117:14)Error
    at Object.pLogger.(anonymous function) [as error] (/Users/macbookpro/Desktop/tyrannosaurus/game-server/node_modules/pinus-logger/lib/logger.ts:72:34)
    at process.<anonymous> (/Users/macbookpro/Desktop/tyrannosaurus/game-server/preload.ts:33:17)
    at process.emit (events.js:182:13)
    at process._fatalException (internal/bootstrap/node.js:622:27)
[2019-06-04T00:26:59.865] [INFO] pinus - [name-server-1 application.js] application inited: "name-server-1"
[2019-06-04T00:26:59.918] [INFO] pinus - [name-server-1 application.js] "name-server-1" enter before start...
[2019-06-04T00:26:59.922] [INFO] pinus - [name-server-1 application.js] "name-server-1" enter after start...
[2019-06-04T00:26:59.996] [INFO] pinus-admin - [name-server-1 consoleService.js] try to connect master: "name", "127.0.0.1", 3005
[2019-06-04T00:27:00.310] [INFO] game - [name-server-1 conn.js] "name-server-1"[1]mongoose db connected OK!
[2019-06-04T00:27:00.438] [INFO] pinus - [name-server-1 application.js] "name-server-1" enter after start...
[2019-06-04T00:27:00.459] [INFO] pinus - [name-server-1 application.js] "name-server-1" finish start
[2019-06-04T00:27:00.480] [INFO] pinus - [name-server-1 application.js] "name-server-1" startup in 574 ms
[2019-06-04T00:27:00.484] [DEBUG] pinus - [name-server-1 monitorwatcher.js] [name-server-1] receive addServer signal: {"action":"addServer","server":{"main":"/Users/macbookpro/Desktop/tyrannosaurus/game-server/dist/app","env":"development","zone":"cn","id":"http-server-1","host":"127.0.0.1","port":6170,"auto-restart":"true","args":"--inspect=10005","serverType":"http","remoterPaths":[{"namespace":"sys","serverType":"http","path":"/Users/macbookpro/Desktop/tyrannosaurus/game-server/node_modules/pinus/dist/lib/common/remote/backend"}],"handlerPaths":["/Users/macbookpro/Desktop/tyrannosaurus/game-server/dist/app/servers/http/handler"],"pid":659}}
[2019-06-07T00:21:29.648] [INFO] pinus - [name-server-1 application.js] application inited: "name-server-1"
[2019-06-07T00:21:29.746] [INFO] pinus - [name-server-1 application.js] "name-server-1" enter before start...
[2019-06-07T00:21:29.765] [INFO] pinus - [name-server-1 application.js] "name-server-1" enter after start...
[2019-06-07T00:21:29.834] [INFO] pinus-admin - [name-server-1 consoleService.js] try to connect master: "name", "127.0.0.1", 3005
[2019-06-07T00:21:30.143] [INFO] game - [name-server-1 conn.js] "name-server-1"[1]mongoose db connected OK!
[2019-06-07T00:21:30.227] [INFO] pinus - [name-server-1 application.js] "name-server-1" enter after start...
[2019-06-07T00:21:30.231] [INFO] pinus - [name-server-1 application.js] "name-server-1" finish start
[2019-06-07T00:21:30.234] [INFO] pinus - [name-server-1 application.js] "name-server-1" startup in 509 ms
[2019-06-07T03:18:02.234] [ERROR] game - [name-server-1 conn.js] 断开数据库链接Error
    at Object.pLogger.(anonymous function) [as error] (/Users/macbookpro/Desktop/tyrannosaurus/game-server/node_modules/pinus-logger/lib/logger.ts:72:34)
    at DBConnection.OnDisconnected (/Users/macbookpro/Desktop/tyrannosaurus/game-server/app/dao/conn.ts:122:16)
    at NativeConnection.emit (events.js:182:13)
    at NativeConnection.set (/Users/macbookpro/Desktop/tyrannosaurus/game-server/node_modules/mongoose/lib/connection.js:121:12)
    at Db.<anonymous> (/Users/macbookpro/Desktop/tyrannosaurus/game-server/node_modules/mongoose/lib/connection.js:593:26)
    at Db.emit (events.js:182:13)
    at Server.listener (/Users/macbookpro/Desktop/tyrannosaurus/game-server/node_modules/mongodb/lib/operations/db_ops.js:340:14)
    at Server.emit (events.js:187:15)
    at Server.<anonymous> (/Users/macbookpro/Desktop/tyrannosaurus/game-server/node_modules/mongodb/lib/topologies/server.js:250:16)
    at Server.emit (events.js:182:13)
    at Pool.<anonymous> (/Users/macbookpro/Desktop/tyrannosaurus/game-server/node_modules/mongodb-core/lib/topologies/server.js:452:12)
    at Pool.emit (events.js:182:13)
    at connectionFailureHandler (/Users/macbookpro/Desktop/tyrannosaurus/game-server/node_modules/mongodb-core/lib/connection/pool.js:268:10)
    at Connection.Pool._connectionCloseHandler (/Users/macbookpro/Desktop/tyrannosaurus/game-server/node_modules/mongodb-core/lib/connection/pool.js:152:5)
    at Connection.emit (events.js:182:13)
    at Socket.<anonymous> (/Users/macbookpro/Desktop/tyrannosaurus/game-server/node_modules/mongodb-core/lib/connection/connection.js:350:12)
    at Object.onceWrapper (events.js:273:13)
    at Socket.emit (events.js:182:13)
    at TCP._handle.close (net.js:611:12) undefined
[2019-06-07T03:18:02.489] [ERROR] logger - [name-server-1 console] name-server-1Caught exception: Error: Redis connection to 127.0.0.1:6379 failed - connect ECONNREFUSED 127.0.0.1:6379
    at TCPConnectWrap.afterConnect [as oncomplete] (net.js:1117:14)Error
    at Object.pLogger.(anonymous function) [as error] (/Users/macbookpro/Desktop/tyrannosaurus/game-server/node_modules/pinus-logger/lib/logger.ts:72:34)
    at process.<anonymous> (/Users/macbookpro/Desktop/tyrannosaurus/game-server/preload.ts:33:17)
    at process.emit (events.js:182:13)
    at process._fatalException (internal/bootstrap/node.js:622:27)
[2019-06-07T03:18:02.840] [ERROR] logger - [name-server-1 console] name-server-1Caught exception: Error: Redis connection to 127.0.0.1:6379 failed - connect ECONNREFUSED 127.0.0.1:6379
    at TCPConnectWrap.afterConnect [as oncomplete] (net.js:1117:14)Error
    at Object.pLogger.(anonymous function) [as error] (/Users/macbookpro/Desktop/tyrannosaurus/game-server/node_modules/pinus-logger/lib/logger.ts:72:34)
    at process.<anonymous> (/Users/macbookpro/Desktop/tyrannosaurus/game-server/preload.ts:33:17)
    at process.emit (events.js:182:13)
    at process._fatalException (internal/bootstrap/node.js:622:27)
[2019-06-07T03:18:03.425] [ERROR] logger - [name-server-1 console] name-server-1Caught exception: Error: Redis connection to 127.0.0.1:6379 failed - connect ECONNREFUSED 127.0.0.1:6379
    at TCPConnectWrap.afterConnect [as oncomplete] (net.js:1117:14)Error
    at Object.pLogger.(anonymous function) [as error] (/Users/macbookpro/Desktop/tyrannosaurus/game-server/node_modules/pinus-logger/lib/logger.ts:72:34)
    at process.<anonymous> (/Users/macbookpro/Desktop/tyrannosaurus/game-server/preload.ts:33:17)
    at process.emit (events.js:182:13)
    at process._fatalException (internal/bootstrap/node.js:622:27)
[2019-06-07T03:18:04.416] [ERROR] logger - [name-server-1 console] name-server-1Caught exception: Error: Redis connection to 127.0.0.1:6379 failed - connect ECONNREFUSED 127.0.0.1:6379
    at TCPConnectWrap.afterConnect [as oncomplete] (net.js:1117:14)Error
    at Object.pLogger.(anonymous function) [as error] (/Users/macbookpro/Desktop/tyrannosaurus/game-server/node_modules/pinus-logger/lib/logger.ts:72:34)
    at process.<anonymous> (/Users/macbookpro/Desktop/tyrannosaurus/game-server/preload.ts:33:17)
    at process.emit (events.js:182:13)
    at process._fatalException (internal/bootstrap/node.js:622:27)
[2019-06-08T00:02:38.844] [INFO] pinus - [name-server-1 application.js] application inited: "name-server-1"
[2019-06-08T00:02:39.052] [INFO] pinus - [name-server-1 application.js] "name-server-1" enter before start...
[2019-06-08T00:02:39.075] [INFO] pinus - [name-server-1 application.js] "name-server-1" enter after start...
[2019-06-08T00:02:39.209] [INFO] pinus-admin - [name-server-1 consoleService.js] try to connect master: "name", "127.0.0.1", 3005
[2019-06-08T00:02:39.911] [INFO] game - [name-server-1 conn.js] "name-server-1"[1]mongoose db connected OK!
[2019-06-08T00:02:40.188] [INFO] pinus - [name-server-1 application.js] "name-server-1" enter after start...
[2019-06-08T00:02:40.202] [INFO] pinus - [name-server-1 application.js] "name-server-1" finish start
[2019-06-08T00:02:40.211] [INFO] pinus - [name-server-1 application.js] "name-server-1" startup in 1294 ms
[2019-06-08T02:53:46.676] [ERROR] game - [name-server-1 conn.js] 断开数据库链接Error
    at Object.pLogger.(anonymous function) [as error] (/Users/macbookpro/Desktop/tyrannosaurus/game-server/node_modules/pinus-logger/lib/logger.ts:72:34)
    at DBConnection.OnDisconnected (/Users/macbookpro/Desktop/tyrannosaurus/game-server/app/dao/conn.ts:122:16)
    at NativeConnection.emit (events.js:182:13)
    at NativeConnection.set (/Users/macbookpro/Desktop/tyrannosaurus/game-server/node_modules/mongoose/lib/connection.js:121:12)
    at Db.<anonymous> (/Users/macbookpro/Desktop/tyrannosaurus/game-server/node_modules/mongoose/lib/connection.js:593:26)
    at Db.emit (events.js:182:13)
    at Server.listener (/Users/macbookpro/Desktop/tyrannosaurus/game-server/node_modules/mongodb/lib/operations/db_ops.js:340:14)
    at Server.emit (events.js:187:15)
    at Server.<anonymous> (/Users/macbookpro/Desktop/tyrannosaurus/game-server/node_modules/mongodb/lib/topologies/server.js:250:16)
    at Server.emit (events.js:182:13)
    at Pool.<anonymous> (/Users/macbookpro/Desktop/tyrannosaurus/game-server/node_modules/mongodb-core/lib/topologies/server.js:452:12)
    at Pool.emit (events.js:182:13)
    at connectionFailureHandler (/Users/macbookpro/Desktop/tyrannosaurus/game-server/node_modules/mongodb-core/lib/connection/pool.js:268:10)
    at Connection.Pool._connectionCloseHandler (/Users/macbookpro/Desktop/tyrannosaurus/game-server/node_modules/mongodb-core/lib/connection/pool.js:152:5)
    at Connection.emit (events.js:182:13)
    at Socket.<anonymous> (/Users/macbookpro/Desktop/tyrannosaurus/game-server/node_modules/mongodb-core/lib/connection/connection.js:350:12)
    at Object.onceWrapper (events.js:273:13)
    at Socket.emit (events.js:182:13)
    at TCP._handle.close (net.js:611:12) undefined
[2019-06-08T02:53:46.944] [ERROR] logger - [name-server-1 console] name-server-1Caught exception: Error: Redis connection to 127.0.0.1:6379 failed - connect ECONNREFUSED 127.0.0.1:6379
    at TCPConnectWrap.afterConnect [as oncomplete] (net.js:1117:14)Error
    at Object.pLogger.(anonymous function) [as error] (/Users/macbookpro/Desktop/tyrannosaurus/game-server/node_modules/pinus-logger/lib/logger.ts:72:34)
    at process.<anonymous> (/Users/macbookpro/Desktop/tyrannosaurus/game-server/preload.ts:33:17)
    at process.emit (events.js:182:13)
    at process._fatalException (internal/bootstrap/node.js:622:27)
[2019-06-08T02:53:47.295] [ERROR] logger - [name-server-1 console] name-server-1Caught exception: Error: Redis connection to 127.0.0.1:6379 failed - connect ECONNREFUSED 127.0.0.1:6379
    at TCPConnectWrap.afterConnect [as oncomplete] (net.js:1117:14)Error
    at Object.pLogger.(anonymous function) [as error] (/Users/macbookpro/Desktop/tyrannosaurus/game-server/node_modules/pinus-logger/lib/logger.ts:72:34)
    at process.<anonymous> (/Users/macbookpro/Desktop/tyrannosaurus/game-server/preload.ts:33:17)
    at process.emit (events.js:182:13)
    at process._fatalException (internal/bootstrap/node.js:622:27)
[2019-06-08T02:53:47.882] [ERROR] logger - [name-server-1 console] name-server-1Caught exception: Error: Redis connection to 127.0.0.1:6379 failed - connect ECONNREFUSED 127.0.0.1:6379
    at TCPConnectWrap.afterConnect [as oncomplete] (net.js:1117:14)Error
    at Object.pLogger.(anonymous function) [as error] (/Users/macbookpro/Desktop/tyrannosaurus/game-server/node_modules/pinus-logger/lib/logger.ts:72:34)
    at process.<anonymous> (/Users/macbookpro/Desktop/tyrannosaurus/game-server/preload.ts:33:17)
    at process.emit (events.js:182:13)
    at process._fatalException (internal/bootstrap/node.js:622:27)
[2019-06-08T02:53:48.873] [ERROR] logger - [name-server-1 console] name-server-1Caught exception: Error: Redis connection to 127.0.0.1:6379 failed - connect ECONNREFUSED 127.0.0.1:6379
    at TCPConnectWrap.afterConnect [as oncomplete] (net.js:1117:14)Error
    at Object.pLogger.(anonymous function) [as error] (/Users/macbookpro/Desktop/tyrannosaurus/game-server/node_modules/pinus-logger/lib/logger.ts:72:34)
    at process.<anonymous> (/Users/macbookpro/Desktop/tyrannosaurus/game-server/preload.ts:33:17)
    at process.emit (events.js:182:13)
    at process._fatalException (internal/bootstrap/node.js:622:27)
