[2019-06-04T01:51:59.118] [WARN] /Users/macbookpro/Desktop/tyrannosaurus/game-server/node_modules/pinus-scheduler/dist/job.js - run Job count 888 late :789811 lateCount 157
[2019-06-04T01:51:59.119] [WARN] /Users/macbookpro/Desktop/tyrannosaurus/game-server/node_modules/pinus-scheduler/dist/job.js - run Job count 889 late :784811 lateCount 158
[2019-06-04T01:51:59.119] [WARN] /Users/macbookpro/Desktop/tyrannosaurus/game-server/node_modules/pinus-scheduler/dist/job.js - run Job count 890 late :779812 lateCount 159
[2019-06-04T01:51:59.120] [WARN] /Users/macbookpro/Desktop/tyrannosaurus/game-server/node_modules/pinus-scheduler/dist/job.js - run Job count 891 late :774813 lateCount 160
[2019-06-04T01:51:59.120] [WARN] /Users/macbookpro/Desktop/tyrannosaurus/game-server/node_modules/pinus-scheduler/dist/job.js - run Job count 892 late :769813 lateCount 161
[2019-06-04T01:51:59.120] [WARN] /Users/macbookpro/Desktop/tyrannosaurus/game-server/node_modules/pinus-scheduler/dist/job.js - run Job count 893 late :764813 lateCount 162
[2019-06-04T01:51:59.121] [WARN] /Users/macbookpro/Desktop/tyrannosaurus/game-server/node_modules/pinus-scheduler/dist/job.js - run Job count 894 late :759814 lateCount 163
[2019-06-04T01:51:59.121] [WARN] /Users/macbookpro/Desktop/tyrannosaurus/game-server/node_modules/pinus-scheduler/dist/job.js - run Job count 895 late :754814 lateCount 164
[2019-06-04T01:51:59.121] [WARN] /Users/macbookpro/Desktop/tyrannosaurus/game-server/node_modules/pinus-scheduler/dist/job.js - run Job count 896 late :749814 lateCount 165
[2019-06-04T01:51:59.122] [WARN] /Users/macbookpro/Desktop/tyrannosaurus/game-server/node_modules/pinus-scheduler/dist/job.js - run Job count 897 late :744815 lateCount 166
[2019-06-04T01:51:59.122] [WARN] /Users/macbookpro/Desktop/tyrannosaurus/game-server/node_modules/pinus-scheduler/dist/job.js - run Job count 898 late :739815 lateCount 167
[2019-06-04T01:51:59.122] [WARN] /Users/macbookpro/Desktop/tyrannosaurus/game-server/node_modules/pinus-scheduler/dist/job.js - run Job count 899 late :734815 lateCount 168
[2019-06-04T01:51:59.123] [WARN] /Users/macbookpro/Desktop/tyrannosaurus/game-server/node_modules/pinus-scheduler/dist/job.js - run Job count 900 late :729816 lateCount 169
[2019-06-04T01:51:59.123] [WARN] /Users/macbookpro/Desktop/tyrannosaurus/game-server/node_modules/pinus-scheduler/dist/job.js - run Job count 901 late :724816 lateCount 170
[2019-06-04T01:51:59.123] [WARN] /Users/macbookpro/Desktop/tyrannosaurus/game-server/node_modules/pinus-scheduler/dist/job.js - run Job count 902 late :719816 lateCount 171
[2019-06-04T01:51:59.124] [WARN] /Users/macbookpro/Desktop/tyrannosaurus/game-server/node_modules/pinus-scheduler/dist/job.js - run Job count 903 late :714817 lateCount 172
[2019-06-04T01:51:59.124] [WARN] /Users/macbookpro/Desktop/tyrannosaurus/game-server/node_modules/pinus-scheduler/dist/job.js - run Job count 904 late :709817 lateCount 173
[2019-06-04T01:51:59.124] [WARN] /Users/macbookpro/Desktop/tyrannosaurus/game-server/node_modules/pinus-scheduler/dist/job.js - run Job count 905 late :704817 lateCount 174
[2019-06-04T01:51:59.125] [WARN] /Users/macbookpro/Desktop/tyrannosaurus/game-server/node_modules/pinus-scheduler/dist/job.js - run Job count 906 late :699818 lateCount 175
[2019-06-04T01:51:59.125] [WARN] /Users/macbookpro/Desktop/tyrannosaurus/game-server/node_modules/pinus-scheduler/dist/job.js - run Job count 907 late :694818 lateCount 176
[2019-06-04T01:51:59.125] [WARN] /Users/macbookpro/Desktop/tyrannosaurus/game-server/node_modules/pinus-scheduler/dist/job.js - run Job count 908 late :689818 lateCount 177
[2019-06-04T01:51:59.126] [WARN] /Users/macbookpro/Desktop/tyrannosaurus/game-server/node_modules/pinus-scheduler/dist/job.js - run Job count 909 late :684819 lateCount 178
[2019-06-04T01:51:59.128] [WARN] /Users/macbookpro/Desktop/tyrannosaurus/game-server/node_modules/pinus-scheduler/dist/job.js - run Job count 910 late :679821 lateCount 179
[2019-06-04T01:51:59.129] [WARN] /Users/macbookpro/Desktop/tyrannosaurus/game-server/node_modules/pinus-scheduler/dist/job.js - run Job count 911 late :674822 lateCount 180
[2019-06-04T01:51:59.129] [WARN] /Users/macbookpro/Desktop/tyrannosaurus/game-server/node_modules/pinus-scheduler/dist/job.js - run Job count 912 late :669822 lateCount 181
[2019-06-04T01:51:59.129] [WARN] /Users/macbookpro/Desktop/tyrannosaurus/game-server/node_modules/pinus-scheduler/dist/job.js - run Job count 913 late :664822 lateCount 182
[2019-06-04T01:51:59.130] [WARN] /Users/macbookpro/Desktop/tyrannosaurus/game-server/node_modules/pinus-scheduler/dist/job.js - run Job count 914 late :659823 lateCount 183
[2019-06-04T01:51:59.130] [WARN] /Users/macbookpro/Desktop/tyrannosaurus/game-server/node_modules/pinus-scheduler/dist/job.js - run Job count 915 late :654823 lateCount 184
[2019-06-04T01:51:59.130] [WARN] /Users/macbookpro/Desktop/tyrannosaurus/game-server/node_modules/pinus-scheduler/dist/job.js - run Job count 916 late :649823 lateCount 185
[2019-06-04T01:51:59.131] [WARN] /Users/macbookpro/Desktop/tyrannosaurus/game-server/node_modules/pinus-scheduler/dist/job.js - run Job count 917 late :644824 lateCount 186
[2019-06-04T01:51:59.131] [WARN] /Users/macbookpro/Desktop/tyrannosaurus/game-server/node_modules/pinus-scheduler/dist/job.js - run Job count 918 late :639824 lateCount 187
[2019-06-04T01:51:59.131] [WARN] /Users/macbookpro/Desktop/tyrannosaurus/game-server/node_modules/pinus-scheduler/dist/job.js - run Job count 919 late :634824 lateCount 188
[2019-06-04T01:51:59.132] [WARN] /Users/macbookpro/Desktop/tyrannosaurus/game-server/node_modules/pinus-scheduler/dist/job.js - run Job count 920 late :629825 lateCount 189
[2019-06-04T01:51:59.132] [WARN] /Users/macbookpro/Desktop/tyrannosaurus/game-server/node_modules/pinus-scheduler/dist/job.js - run Job count 921 late :624825 lateCount 190
[2019-06-04T01:51:59.132] [WARN] /Users/macbookpro/Desktop/tyrannosaurus/game-server/node_modules/pinus-scheduler/dist/job.js - run Job count 922 late :619825 lateCount 191
[2019-06-04T01:51:59.132] [WARN] /Users/macbookpro/Desktop/tyrannosaurus/game-server/node_modules/pinus-scheduler/dist/job.js - run Job count 923 late :614825 lateCount 192
[2019-06-04T01:51:59.132] [WARN] /Users/macbookpro/Desktop/tyrannosaurus/game-server/node_modules/pinus-scheduler/dist/job.js - run Job count 924 late :609825 lateCount 193
[2019-06-04T01:51:59.133] [WARN] /Users/macbookpro/Desktop/tyrannosaurus/game-server/node_modules/pinus-scheduler/dist/job.js - run Job count 925 late :604826 lateCount 194
[2019-06-04T01:51:59.133] [WARN] /Users/macbookpro/Desktop/tyrannosaurus/game-server/node_modules/pinus-scheduler/dist/job.js - run Job count 926 late :599826 lateCount 195
[2019-06-04T01:51:59.133] [WARN] /Users/macbookpro/Desktop/tyrannosaurus/game-server/node_modules/pinus-scheduler/dist/job.js - run Job count 927 late :594826 lateCount 196
[2019-06-04T01:51:59.134] [WARN] /Users/macbookpro/Desktop/tyrannosaurus/game-server/node_modules/pinus-scheduler/dist/job.js - run Job count 928 late :589827 lateCount 197
[2019-06-04T01:51:59.134] [WARN] /Users/macbookpro/Desktop/tyrannosaurus/game-server/node_modules/pinus-scheduler/dist/job.js - run Job count 929 late :584827 lateCount 198
[2019-06-04T01:51:59.135] [WARN] /Users/macbookpro/Desktop/tyrannosaurus/game-server/node_modules/pinus-scheduler/dist/job.js - run Job count 930 late :579828 lateCount 199
[2019-06-04T01:51:59.135] [WARN] /Users/macbookpro/Desktop/tyrannosaurus/game-server/node_modules/pinus-scheduler/dist/job.js - run Job count 931 late :574828 lateCount 200
[2019-06-04T01:51:59.135] [WARN] /Users/macbookpro/Desktop/tyrannosaurus/game-server/node_modules/pinus-scheduler/dist/job.js - run Job count 932 late :569828 lateCount 201
[2019-06-04T01:51:59.137] [WARN] /Users/macbookpro/Desktop/tyrannosaurus/game-server/node_modules/pinus-scheduler/dist/job.js - run Job count 933 late :564831 lateCount 202
[2019-06-04T01:51:59.137] [WARN] /Users/macbookpro/Desktop/tyrannosaurus/game-server/node_modules/pinus-scheduler/dist/job.js - run Job count 934 late :564831 lateCount 203
[2019-06-04T01:51:59.138] [WARN] /Users/macbookpro/Desktop/tyrannosaurus/game-server/node_modules/pinus-scheduler/dist/job.js - run Job count 935 late :564831 lateCount 204
[2019-06-04T01:51:59.139] [WARN] /Users/macbookpro/Desktop/tyrannosaurus/game-server/node_modules/pinus-scheduler/dist/job.js - run Job count 936 late :559832 lateCount 205
[2019-06-04T01:51:59.139] [WARN] /Users/macbookpro/Desktop/tyrannosaurus/game-server/node_modules/pinus-scheduler/dist/job.js - run Job count 937 late :554832 lateCount 206
[2019-06-04T01:51:59.141] [WARN] /Users/macbookpro/Desktop/tyrannosaurus/game-server/node_modules/pinus-scheduler/dist/job.js - run Job count 938 late :549833 lateCount 207
[2019-06-04T01:51:59.141] [WARN] /Users/macbookpro/Desktop/tyrannosaurus/game-server/node_modules/pinus-scheduler/dist/job.js - run Job count 939 late :544834 lateCount 208
[2019-06-04T01:51:59.142] [WARN] /Users/macbookpro/Desktop/tyrannosaurus/game-server/node_modules/pinus-scheduler/dist/job.js - run Job count 940 late :539834 lateCount 209
[2019-06-04T01:51:59.142] [WARN] /Users/macbookpro/Desktop/tyrannosaurus/game-server/node_modules/pinus-scheduler/dist/job.js - run Job count 941 late :534835 lateCount 210
[2019-06-04T01:51:59.142] [WARN] /Users/macbookpro/Desktop/tyrannosaurus/game-server/node_modules/pinus-scheduler/dist/job.js - run Job count 942 late :529835 lateCount 211
[2019-06-04T01:51:59.143] [WARN] /Users/macbookpro/Desktop/tyrannosaurus/game-server/node_modules/pinus-scheduler/dist/job.js - run Job count 943 late :524836 lateCount 212
[2019-06-04T01:51:59.144] [WARN] /Users/macbookpro/Desktop/tyrannosaurus/game-server/node_modules/pinus-scheduler/dist/job.js - run Job count 944 late :519837 lateCount 213
[2019-06-04T01:51:59.144] [WARN] /Users/macbookpro/Desktop/tyrannosaurus/game-server/node_modules/pinus-scheduler/dist/job.js - run Job count 945 late :514837 lateCount 214
[2019-06-04T01:51:59.145] [WARN] /Users/macbookpro/Desktop/tyrannosaurus/game-server/node_modules/pinus-scheduler/dist/job.js - run Job count 946 late :509838 lateCount 215
[2019-06-04T01:51:59.145] [WARN] /Users/macbookpro/Desktop/tyrannosaurus/game-server/node_modules/pinus-scheduler/dist/job.js - run Job count 947 late :504838 lateCount 216
[2019-06-04T01:51:59.145] [WARN] /Users/macbookpro/Desktop/tyrannosaurus/game-server/node_modules/pinus-scheduler/dist/job.js - run Job count 948 late :499838 lateCount 217
[2019-06-04T01:51:59.146] [WARN] /Users/macbookpro/Desktop/tyrannosaurus/game-server/node_modules/pinus-scheduler/dist/job.js - run Job count 949 late :494839 lateCount 218
[2019-06-04T01:51:59.146] [WARN] /Users/macbookpro/Desktop/tyrannosaurus/game-server/node_modules/pinus-scheduler/dist/job.js - run Job count 950 late :489839 lateCount 219
[2019-06-04T01:51:59.146] [WARN] /Users/macbookpro/Desktop/tyrannosaurus/game-server/node_modules/pinus-scheduler/dist/job.js - run Job count 951 late :484839 lateCount 220
[2019-06-04T01:51:59.147] [WARN] /Users/macbookpro/Desktop/tyrannosaurus/game-server/node_modules/pinus-scheduler/dist/job.js - run Job count 952 late :479840 lateCount 221
[2019-06-04T01:51:59.147] [WARN] /Users/macbookpro/Desktop/tyrannosaurus/game-server/node_modules/pinus-scheduler/dist/job.js - run Job count 953 late :474840 lateCount 222
[2019-06-04T01:51:59.147] [WARN] /Users/macbookpro/Desktop/tyrannosaurus/game-server/node_modules/pinus-scheduler/dist/job.js - run Job count 954 late :469840 lateCount 223
[2019-06-04T01:51:59.149] [WARN] /Users/macbookpro/Desktop/tyrannosaurus/game-server/node_modules/pinus-scheduler/dist/job.js - run Job count 955 late :464842 lateCount 224
[2019-06-04T01:51:59.149] [WARN] /Users/macbookpro/Desktop/tyrannosaurus/game-server/node_modules/pinus-scheduler/dist/job.js - run Job count 956 late :459842 lateCount 225
[2019-06-04T01:51:59.150] [WARN] /Users/macbookpro/Desktop/tyrannosaurus/game-server/node_modules/pinus-scheduler/dist/job.js - run Job count 957 late :454843 lateCount 226
[2019-06-04T01:51:59.150] [WARN] /Users/macbookpro/Desktop/tyrannosaurus/game-server/node_modules/pinus-scheduler/dist/job.js - run Job count 958 late :449843 lateCount 227
[2019-06-04T01:51:59.150] [WARN] /Users/macbookpro/Desktop/tyrannosaurus/game-server/node_modules/pinus-scheduler/dist/job.js - run Job count 959 late :444843 lateCount 228
[2019-06-04T01:51:59.151] [WARN] /Users/macbookpro/Desktop/tyrannosaurus/game-server/node_modules/pinus-scheduler/dist/job.js - run Job count 960 late :439844 lateCount 229
[2019-06-04T01:51:59.151] [WARN] /Users/macbookpro/Desktop/tyrannosaurus/game-server/node_modules/pinus-scheduler/dist/job.js - run Job count 961 late :434844 lateCount 230
[2019-06-04T01:51:59.151] [WARN] /Users/macbookpro/Desktop/tyrannosaurus/game-server/node_modules/pinus-scheduler/dist/job.js - run Job count 962 late :429844 lateCount 231
[2019-06-04T01:51:59.152] [WARN] /Users/macbookpro/Desktop/tyrannosaurus/game-server/node_modules/pinus-scheduler/dist/job.js - run Job count 963 late :424845 lateCount 232
[2019-06-04T01:51:59.152] [WARN] /Users/macbookpro/Desktop/tyrannosaurus/game-server/node_modules/pinus-scheduler/dist/job.js - run Job count 964 late :419845 lateCount 233
[2019-06-04T01:51:59.152] [WARN] /Users/macbookpro/Desktop/tyrannosaurus/game-server/node_modules/pinus-scheduler/dist/job.js - run Job count 965 late :414845 lateCount 234
[2019-06-04T01:51:59.152] [WARN] /Users/macbookpro/Desktop/tyrannosaurus/game-server/node_modules/pinus-scheduler/dist/job.js - run Job count 966 late :409845 lateCount 235
[2019-06-04T01:51:59.153] [WARN] /Users/macbookpro/Desktop/tyrannosaurus/game-server/node_modules/pinus-scheduler/dist/job.js - run Job count 967 late :404846 lateCount 236
[2019-06-04T01:51:59.153] [WARN] /Users/macbookpro/Desktop/tyrannosaurus/game-server/node_modules/pinus-scheduler/dist/job.js - run Job count 968 late :399846 lateCount 237
[2019-06-04T01:51:59.153] [WARN] /Users/macbookpro/Desktop/tyrannosaurus/game-server/node_modules/pinus-scheduler/dist/job.js - run Job count 969 late :394846 lateCount 238
[2019-06-04T01:51:59.154] [WARN] /Users/macbookpro/Desktop/tyrannosaurus/game-server/node_modules/pinus-scheduler/dist/job.js - run Job count 970 late :389847 lateCount 239
[2019-06-04T01:51:59.155] [WARN] /Users/macbookpro/Desktop/tyrannosaurus/game-server/node_modules/pinus-scheduler/dist/job.js - run Job count 971 late :384848 lateCount 240
[2019-06-04T01:51:59.155] [WARN] /Users/macbookpro/Desktop/tyrannosaurus/game-server/node_modules/pinus-scheduler/dist/job.js - run Job count 972 late :379848 lateCount 241
[2019-06-04T01:51:59.156] [WARN] /Users/macbookpro/Desktop/tyrannosaurus/game-server/node_modules/pinus-scheduler/dist/job.js - run Job count 973 late :374849 lateCount 242
[2019-06-04T01:51:59.156] [WARN] /Users/macbookpro/Desktop/tyrannosaurus/game-server/node_modules/pinus-scheduler/dist/job.js - run Job count 974 late :369849 lateCount 243
[2019-06-04T01:51:59.157] [WARN] /Users/macbookpro/Desktop/tyrannosaurus/game-server/node_modules/pinus-scheduler/dist/job.js - run Job count 975 late :364850 lateCount 244
[2019-06-04T01:51:59.157] [WARN] /Users/macbookpro/Desktop/tyrannosaurus/game-server/node_modules/pinus-scheduler/dist/job.js - run Job count 976 late :359850 lateCount 245
[2019-06-04T01:51:59.158] [WARN] /Users/macbookpro/Desktop/tyrannosaurus/game-server/node_modules/pinus-scheduler/dist/job.js - run Job count 977 late :354851 lateCount 246
[2019-06-04T01:51:59.159] [WARN] /Users/macbookpro/Desktop/tyrannosaurus/game-server/node_modules/pinus-scheduler/dist/job.js - run Job count 978 late :349852 lateCount 247
[2019-06-04T01:51:59.159] [WARN] /Users/macbookpro/Desktop/tyrannosaurus/game-server/node_modules/pinus-scheduler/dist/job.js - run Job count 979 late :344852 lateCount 248
[2019-06-04T01:51:59.160] [WARN] /Users/macbookpro/Desktop/tyrannosaurus/game-server/node_modules/pinus-scheduler/dist/job.js - run Job count 980 late :339853 lateCount 249
[2019-06-04T01:51:59.160] [WARN] /Users/macbookpro/Desktop/tyrannosaurus/game-server/node_modules/pinus-scheduler/dist/job.js - run Job count 981 late :334853 lateCount 250
[2019-06-04T01:51:59.161] [WARN] /Users/macbookpro/Desktop/tyrannosaurus/game-server/node_modules/pinus-scheduler/dist/job.js - run Job count 982 late :329854 lateCount 251
[2019-06-04T01:51:59.161] [WARN] /Users/macbookpro/Desktop/tyrannosaurus/game-server/node_modules/pinus-scheduler/dist/job.js - run Job count 983 late :324854 lateCount 252
[2019-06-04T01:51:59.161] [WARN] /Users/macbookpro/Desktop/tyrannosaurus/game-server/node_modules/pinus-scheduler/dist/job.js - run Job count 984 late :319854 lateCount 253
[2019-06-04T01:51:59.162] [WARN] /Users/macbookpro/Desktop/tyrannosaurus/game-server/node_modules/pinus-scheduler/dist/job.js - run Job count 985 late :314855 lateCount 254
[2019-06-04T01:51:59.162] [WARN] /Users/macbookpro/Desktop/tyrannosaurus/game-server/node_modules/pinus-scheduler/dist/job.js - run Job count 986 late :309855 lateCount 255
[2019-06-04T01:51:59.163] [WARN] /Users/macbookpro/Desktop/tyrannosaurus/game-server/node_modules/pinus-scheduler/dist/job.js - run Job count 987 late :304856 lateCount 256
[2019-06-04T01:51:59.163] [WARN] /Users/macbookpro/Desktop/tyrannosaurus/game-server/node_modules/pinus-scheduler/dist/job.js - run Job count 988 late :299856 lateCount 257
[2019-06-04T01:51:59.163] [WARN] /Users/macbookpro/Desktop/tyrannosaurus/game-server/node_modules/pinus-scheduler/dist/job.js - run Job count 989 late :294856 lateCount 258
[2019-06-04T01:51:59.164] [WARN] /Users/macbookpro/Desktop/tyrannosaurus/game-server/node_modules/pinus-scheduler/dist/job.js - run Job count 990 late :289857 lateCount 259
[2019-06-04T01:51:59.164] [WARN] /Users/macbookpro/Desktop/tyrannosaurus/game-server/node_modules/pinus-scheduler/dist/job.js - run Job count 991 late :284857 lateCount 260
[2019-06-04T01:51:59.165] [WARN] /Users/macbookpro/Desktop/tyrannosaurus/game-server/node_modules/pinus-scheduler/dist/job.js - run Job count 992 late :279857 lateCount 261
[2019-06-04T01:51:59.166] [WARN] /Users/macbookpro/Desktop/tyrannosaurus/game-server/node_modules/pinus-scheduler/dist/job.js - run Job count 993 late :274859 lateCount 262
[2019-06-04T01:51:59.166] [WARN] /Users/macbookpro/Desktop/tyrannosaurus/game-server/node_modules/pinus-scheduler/dist/job.js - run Job count 994 late :269859 lateCount 263
[2019-06-04T01:51:59.166] [WARN] /Users/macbookpro/Desktop/tyrannosaurus/game-server/node_modules/pinus-scheduler/dist/job.js - run Job count 995 late :264860 lateCount 264
[2019-06-04T01:51:59.166] [WARN] /Users/macbookpro/Desktop/tyrannosaurus/game-server/node_modules/pinus-scheduler/dist/job.js - run Job count 996 late :264860 lateCount 265
[2019-06-04T01:51:59.167] [WARN] /Users/macbookpro/Desktop/tyrannosaurus/game-server/node_modules/pinus-scheduler/dist/job.js - run Job count 997 late :264860 lateCount 266
[2019-06-04T01:51:59.168] [WARN] /Users/macbookpro/Desktop/tyrannosaurus/game-server/node_modules/pinus-scheduler/dist/job.js - run Job count 998 late :259861 lateCount 267
[2019-06-04T01:51:59.172] [WARN] /Users/macbookpro/Desktop/tyrannosaurus/game-server/node_modules/pinus-scheduler/dist/job.js - run Job count 999 late :254865 lateCount 268
[2019-06-04T01:51:59.172] [WARN] /Users/macbookpro/Desktop/tyrannosaurus/game-server/node_modules/pinus-scheduler/dist/job.js - run Job count 1000 late :249865 lateCount 269
[2019-06-04T01:51:59.172] [WARN] /Users/macbookpro/Desktop/tyrannosaurus/game-server/node_modules/pinus-scheduler/dist/job.js - run Job count 1001 late :244865 lateCount 270
[2019-06-04T01:51:59.173] [WARN] /Users/macbookpro/Desktop/tyrannosaurus/game-server/node_modules/pinus-scheduler/dist/job.js - run Job count 1002 late :239866 lateCount 271
[2019-06-04T01:51:59.174] [WARN] /Users/macbookpro/Desktop/tyrannosaurus/game-server/node_modules/pinus-scheduler/dist/job.js - run Job count 1003 late :234866 lateCount 272
[2019-06-04T01:51:59.174] [WARN] /Users/macbookpro/Desktop/tyrannosaurus/game-server/node_modules/pinus-scheduler/dist/job.js - run Job count 1004 late :229867 lateCount 273
[2019-06-04T01:51:59.174] [WARN] /Users/macbookpro/Desktop/tyrannosaurus/game-server/node_modules/pinus-scheduler/dist/job.js - run Job count 1005 late :224867 lateCount 274
[2019-06-04T01:51:59.175] [WARN] /Users/macbookpro/Desktop/tyrannosaurus/game-server/node_modules/pinus-scheduler/dist/job.js - run Job count 1006 late :219868 lateCount 275
[2019-06-04T01:51:59.176] [WARN] /Users/macbookpro/Desktop/tyrannosaurus/game-server/node_modules/pinus-scheduler/dist/job.js - run Job count 1007 late :214869 lateCount 276
[2019-06-04T01:51:59.176] [WARN] /Users/macbookpro/Desktop/tyrannosaurus/game-server/node_modules/pinus-scheduler/dist/job.js - run Job count 1008 late :209869 lateCount 277
[2019-06-04T01:51:59.176] [WARN] /Users/macbookpro/Desktop/tyrannosaurus/game-server/node_modules/pinus-scheduler/dist/job.js - run Job count 1009 late :204869 lateCount 278
[2019-06-04T01:51:59.177] [WARN] /Users/macbookpro/Desktop/tyrannosaurus/game-server/node_modules/pinus-scheduler/dist/job.js - run Job count 1010 late :199870 lateCount 279
[2019-06-04T01:51:59.177] [WARN] /Users/macbookpro/Desktop/tyrannosaurus/game-server/node_modules/pinus-scheduler/dist/job.js - run Job count 1011 late :194870 lateCount 280
[2019-06-04T01:51:59.178] [WARN] /Users/macbookpro/Desktop/tyrannosaurus/game-server/node_modules/pinus-scheduler/dist/job.js - run Job count 1012 late :189871 lateCount 281
[2019-06-04T01:51:59.178] [WARN] /Users/macbookpro/Desktop/tyrannosaurus/game-server/node_modules/pinus-scheduler/dist/job.js - run Job count 1013 late :184871 lateCount 282
[2019-06-04T01:51:59.179] [WARN] /Users/macbookpro/Desktop/tyrannosaurus/game-server/node_modules/pinus-scheduler/dist/job.js - run Job count 1014 late :179872 lateCount 283
[2019-06-04T01:51:59.179] [WARN] /Users/macbookpro/Desktop/tyrannosaurus/game-server/node_modules/pinus-scheduler/dist/job.js - run Job count 1015 late :174872 lateCount 284
[2019-06-04T01:51:59.180] [WARN] /Users/macbookpro/Desktop/tyrannosaurus/game-server/node_modules/pinus-scheduler/dist/job.js - run Job count 1016 late :169873 lateCount 285
[2019-06-04T01:51:59.182] [WARN] /Users/macbookpro/Desktop/tyrannosaurus/game-server/node_modules/pinus-scheduler/dist/job.js - run Job count 1017 late :164875 lateCount 286
[2019-06-04T01:51:59.185] [WARN] /Users/macbookpro/Desktop/tyrannosaurus/game-server/node_modules/pinus-scheduler/dist/job.js - run Job count 1018 late :159877 lateCount 287
[2019-06-04T01:51:59.185] [WARN] /Users/macbookpro/Desktop/tyrannosaurus/game-server/node_modules/pinus-scheduler/dist/job.js - run Job count 1019 late :154878 lateCount 288
[2019-06-04T01:51:59.188] [WARN] /Users/macbookpro/Desktop/tyrannosaurus/game-server/node_modules/pinus-scheduler/dist/job.js - run Job count 1020 late :149881 lateCount 289
[2019-06-04T01:51:59.188] [WARN] /Users/macbookpro/Desktop/tyrannosaurus/game-server/node_modules/pinus-scheduler/dist/job.js - run Job count 1021 late :144881 lateCount 290
[2019-06-04T01:51:59.191] [WARN] /Users/macbookpro/Desktop/tyrannosaurus/game-server/node_modules/pinus-scheduler/dist/job.js - run Job count 1022 late :139884 lateCount 291
[2019-06-04T01:51:59.192] [WARN] /Users/macbookpro/Desktop/tyrannosaurus/game-server/node_modules/pinus-scheduler/dist/job.js - run Job count 1023 late :134885 lateCount 292
[2019-06-04T01:51:59.192] [WARN] /Users/macbookpro/Desktop/tyrannosaurus/game-server/node_modules/pinus-scheduler/dist/job.js - run Job count 1024 late :129885 lateCount 293
[2019-06-04T01:51:59.193] [WARN] /Users/macbookpro/Desktop/tyrannosaurus/game-server/node_modules/pinus-scheduler/dist/job.js - run Job count 1025 late :124886 lateCount 294
[2019-06-04T01:51:59.193] [WARN] /Users/macbookpro/Desktop/tyrannosaurus/game-server/node_modules/pinus-scheduler/dist/job.js - run Job count 1026 late :119886 lateCount 295
[2019-06-04T01:51:59.194] [WARN] /Users/macbookpro/Desktop/tyrannosaurus/game-server/node_modules/pinus-scheduler/dist/job.js - run Job count 1027 late :114887 lateCount 296
[2019-06-04T01:51:59.195] [WARN] /Users/macbookpro/Desktop/tyrannosaurus/game-server/node_modules/pinus-scheduler/dist/job.js - run Job count 1028 late :109888 lateCount 297
[2019-06-04T01:51:59.198] [WARN] /Users/macbookpro/Desktop/tyrannosaurus/game-server/node_modules/pinus-scheduler/dist/job.js - run Job count 1029 late :104891 lateCount 298
[2019-06-04T01:51:59.198] [WARN] /Users/macbookpro/Desktop/tyrannosaurus/game-server/node_modules/pinus-scheduler/dist/job.js - run Job count 1030 late :99891 lateCount 299
[2019-06-04T01:51:59.198] [WARN] /Users/macbookpro/Desktop/tyrannosaurus/game-server/node_modules/pinus-scheduler/dist/job.js - run Job count 1031 late :94891 lateCount 300
[2019-06-04T01:51:59.199] [WARN] /Users/macbookpro/Desktop/tyrannosaurus/game-server/node_modules/pinus-scheduler/dist/job.js - run Job count 1032 late :89892 lateCount 301
[2019-06-04T01:51:59.199] [WARN] /Users/macbookpro/Desktop/tyrannosaurus/game-server/node_modules/pinus-scheduler/dist/job.js - run Job count 1033 late :84892 lateCount 302
[2019-06-04T01:51:59.199] [WARN] /Users/macbookpro/Desktop/tyrannosaurus/game-server/node_modules/pinus-scheduler/dist/job.js - run Job count 1034 late :79892 lateCount 303
[2019-06-04T01:51:59.199] [WARN] /Users/macbookpro/Desktop/tyrannosaurus/game-server/node_modules/pinus-scheduler/dist/job.js - run Job count 1035 late :74892 lateCount 304
[2019-06-04T01:51:59.200] [WARN] /Users/macbookpro/Desktop/tyrannosaurus/game-server/node_modules/pinus-scheduler/dist/job.js - run Job count 1036 late :69893 lateCount 305
[2019-06-04T01:51:59.200] [WARN] /Users/macbookpro/Desktop/tyrannosaurus/game-server/node_modules/pinus-scheduler/dist/job.js - run Job count 1037 late :64893 lateCount 306
[2019-06-04T01:51:59.200] [WARN] /Users/macbookpro/Desktop/tyrannosaurus/game-server/node_modules/pinus-scheduler/dist/job.js - run Job count 1038 late :59893 lateCount 307
[2019-06-04T01:51:59.201] [WARN] /Users/macbookpro/Desktop/tyrannosaurus/game-server/node_modules/pinus-scheduler/dist/job.js - run Job count 1039 late :54894 lateCount 308
[2019-06-04T01:51:59.201] [WARN] /Users/macbookpro/Desktop/tyrannosaurus/game-server/node_modules/pinus-scheduler/dist/job.js - run Job count 1040 late :49894 lateCount 309
[2019-06-04T01:51:59.202] [WARN] /Users/macbookpro/Desktop/tyrannosaurus/game-server/node_modules/pinus-scheduler/dist/job.js - run Job count 1041 late :44894 lateCount 310
[2019-06-04T01:51:59.202] [WARN] /Users/macbookpro/Desktop/tyrannosaurus/game-server/node_modules/pinus-scheduler/dist/job.js - run Job count 1042 late :39895 lateCount 311
[2019-06-04T01:51:59.202] [WARN] /Users/macbookpro/Desktop/tyrannosaurus/game-server/node_modules/pinus-scheduler/dist/job.js - run Job count 1043 late :34895 lateCount 312
[2019-06-04T01:51:59.203] [WARN] /Users/macbookpro/Desktop/tyrannosaurus/game-server/node_modules/pinus-scheduler/dist/job.js - run Job count 1044 late :29896 lateCount 313
[2019-06-04T01:51:59.204] [WARN] /Users/macbookpro/Desktop/tyrannosaurus/game-server/node_modules/pinus-scheduler/dist/job.js - run Job count 1045 late :24897 lateCount 314
[2019-06-04T01:51:59.210] [WARN] /Users/macbookpro/Desktop/tyrannosaurus/game-server/node_modules/pinus-scheduler/dist/job.js - run Job count 1046 late :19903 lateCount 315
[2019-06-04T01:51:59.211] [WARN] /Users/macbookpro/Desktop/tyrannosaurus/game-server/node_modules/pinus-scheduler/dist/job.js - run Job count 1047 late :14904 lateCount 316
[2019-06-04T01:51:59.211] [WARN] /Users/macbookpro/Desktop/tyrannosaurus/game-server/node_modules/pinus-scheduler/dist/job.js - run Job count 1048 late :9904 lateCount 317
[2019-06-04T01:51:59.212] [WARN] /Users/macbookpro/Desktop/tyrannosaurus/game-server/node_modules/pinus-scheduler/dist/job.js - run Job count 1049 late :4905 lateCount 318
[2019-06-04T01:51:59.825] [WARN] /Users/macbookpro/Desktop/tyrannosaurus/game-server/node_modules/pinus-scheduler/dist/job.js - run Job count 1050 late :517 lateCount 319
[2019-06-04T01:52:17.954] [ERROR] logger - [master-server-1 console] master-server-1Caught exception: Error: write EPIPE
    at WriteWrap.afterWrite (net.js:792:14)Error
    at Object.pLogger.(anonymous function) [as error] (/Users/macbookpro/Desktop/tyrannosaurus/game-server/node_modules/pinus-logger/lib/logger.ts:72:34)
    at process.<anonymous> (/Users/macbookpro/Desktop/tyrannosaurus/game-server/preload.ts:33:17)
    at process.emit (events.js:182:13)
    at process.emit (/Users/macbookpro/Desktop/tyrannosaurus/game-server/node_modules/source-map-support/source-map-support.js:461:21)
    at process._fatalException (internal/bootstrap/node.js:622:27)
[2019-06-04T01:52:17.963] [ERROR] logger - [master-server-1 console] master-server-1Caught exception: Error [ERR_STREAM_DESTROYED]: Cannot call write after a stream was destroyed
    at doWrite (_stream_writable.js:406:19)
    at writeOrBuffer (_stream_writable.js:394:5)
    at Socket.Writable.write (_stream_writable.js:294:11)
    at Socket.<anonymous> (/Users/macbookpro/Desktop/tyrannosaurus/game-server/node_modules/pinus/lib/master/starter.ts:203:28)
    at Socket.emit (events.js:182:13)
    at addChunk (_stream_readable.js:283:12)
    at readableAddChunk (_stream_readable.js:264:11)
    at Socket.Readable.push (_stream_readable.js:219:10)
    at Pipe.onStreamRead [as onread] (internal/stream_base_commons.js:94:17)Error
    at Object.pLogger.(anonymous function) [as error] (/Users/macbookpro/Desktop/tyrannosaurus/game-server/node_modules/pinus-logger/lib/logger.ts:72:34)
    at process.<anonymous> (/Users/macbookpro/Desktop/tyrannosaurus/game-server/preload.ts:33:17)
    at process.emit (events.js:182:13)
    at process.emit (/Users/macbookpro/Desktop/tyrannosaurus/game-server/node_modules/source-map-support/source-map-support.js:461:21)
    at process._fatalException (internal/bootstrap/node.js:622:27)
