[2019-06-01T15:13:34.463] [INFO] pinus - [game-server-1 application.js] application inited: "game-server-1"
[2019-06-01T15:13:34.488] [INFO] logger - [game-server-1 console] game-server-1 !!!before startup
[2019-06-01T15:13:34.489] [INFO] pinus - [game-server-1 application.js] "game-server-1" enter before start...
[2019-06-01T15:13:34.491] [INFO] pinus - [game-server-1 application.js] "game-server-1" enter after start...
[2019-06-01T15:13:34.508] [INFO] pinus-admin - [game-server-1 consoleService.js] try to connect master: "game", "127.0.0.1", 3005
[2019-06-01T15:13:34.552] [INFO] game - [game-server-1 componentsMgr.ts] 组件加载完成
[2019-06-01T15:13:37.127] [INFO] game - [game-server-1 conn.ts] "game-server-1"[game-server-1]mongoose db connected OK!
[2019-06-01T15:13:37.146] [WARN] logger - [game-server-1 console] path is empty, path:/Users/macbookpro/Desktop/tyrannosaurus/game-server/app/servers/http/remote
[2019-06-01T15:13:37.148] [INFO] pinus - [game-server-1 application.js] "game-server-1" enter after start...
[2019-06-01T15:13:37.149] [INFO] pinus - [game-server-1 application.js] "game-server-1" finish start
[2019-06-01T15:13:37.150] [INFO] logger - [game-server-1 console] game-server-1 !!afterStartup
[2019-06-01T15:13:37.150] [INFO] pinus - [game-server-1 application.js] "game-server-1" startup in 2670 ms
[2019-06-01T15:13:37.174] [DEBUG] pinus - [game-server-1 monitorwatcher.js] [game-server-1] receive addServer signal: {"action":"addServer","server":{"main":"/Users/macbookpro/Desktop/tyrannosaurus/game-server/tsrun","env":"development","zone":"cn","id":"name-server-1","host":"127.0.0.1","port":7170,"auto-restart":"true","serverType":"name","remoterPaths":[{"namespace":"sys","serverType":"name","path":"/Users/macbookpro/Desktop/tyrannosaurus/game-server/node_modules/pinus/dist/lib/common/remote/backend"},{"namespace":"user","serverType":"name","path":"/Users/macbookpro/Desktop/tyrannosaurus/game-server/app/servers/name/remote"}],"handlerPaths":[],"pid":4187}}
[2019-06-01T15:17:42.372] [INFO] pinus - [game-server-1 application.js] application inited: "game-server-1"
[2019-06-01T15:17:42.407] [INFO] logger - [game-server-1 console] game-server-1 !!!before startup
[2019-06-01T15:17:42.408] [INFO] pinus - [game-server-1 application.js] "game-server-1" enter before start...
[2019-06-01T15:17:42.409] [INFO] pinus - [game-server-1 application.js] "game-server-1" enter after start...
[2019-06-01T15:17:42.446] [INFO] pinus-admin - [game-server-1 consoleService.js] try to connect master: "game", "127.0.0.1", 3005
[2019-06-01T15:17:42.505] [INFO] game - [game-server-1 componentsMgr.ts] 组件加载完成
[2019-06-01T15:17:46.632] [INFO] game - [game-server-1 conn.ts] "game-server-1"[game-server-1]mongoose db connected OK!
[2019-06-01T15:17:46.663] [WARN] logger - [game-server-1 console] path is empty, path:/Users/macbookpro/Desktop/tyrannosaurus/game-server/app/servers/http/remote
[2019-06-01T15:17:47.079] [INFO] pinus - [game-server-1 application.js] "game-server-1" enter after start...
[2019-06-01T15:17:47.081] [INFO] pinus - [game-server-1 application.js] "game-server-1" finish start
[2019-06-01T15:17:47.082] [INFO] logger - [game-server-1 console] game-server-1 !!afterStartup
[2019-06-01T15:17:47.082] [INFO] pinus - [game-server-1 application.js] "game-server-1" startup in 4682 ms
[2019-06-01T15:17:47.722] [DEBUG] pinus - [game-server-1 monitorwatcher.js] [game-server-1] receive addServer signal: {"action":"addServer","server":{"main":"/Users/macbookpro/Desktop/tyrannosaurus/game-server/tsrun","env":"development","id":"connector-server-1","host":"127.0.0.1","port":4050,"clientPort":3050,"frontend":"true","args":"--inspect=10001","serverType":"connector","remoterPaths":[{"namespace":"sys","serverType":"connector","path":"/Users/macbookpro/Desktop/tyrannosaurus/game-server/node_modules/pinus/dist/lib/common/remote/frontend"}],"handlerPaths":["/Users/macbookpro/Desktop/tyrannosaurus/game-server/app/servers/connector/handler"],"pid":4300}}
[2019-06-01T15:17:48.745] [INFO] logger - [game-server-1 console] game-server-1 !!after start all
[2019-06-01T15:18:04.173] [INFO] logger - [game-server-1 console] connected
[2019-06-01T15:18:04.178] [DEBUG] forward-log - [game-server-1 msgRemote.js] session:[1,10000001,connector-server-1], handle message: {"id":3,"type":0,"compressRoute":1,"route":"game.p01_playerHandler.p01_loadPlayer","body":{"sign":"97385ec52154f35a"},"compressGzip":0}
[2019-06-01T15:18:05.821] [DEBUG] forward-log - [game-server-1 msgRemote.js] session:[1,10000001,connector-server-1], handle message result,err:null,msg:{"id":3,"type":0,"compressRoute":1,"route":"game.p01_playerHandler.p01_loadPlayer","body":{"sign":"97385ec52154f35a"},"compressGzip":0},resp:{"code":200,"itemData":{},"userData":{"item":[],"hero":["5cf226adabc47010ce749623"],"_id":"5cf226adabc47010ce749622","uid":10000001,"name":"艾尔女孩熊","avatar":"21401","level":1,"serverId":1,"exp":0,"gold":0,"gem":0,"totalRecharge":0,"__v":0,"createAt":"2019-06-01T07:18:05.816Z","updateAt":"2019-06-01T07:18:05.816Z","lastLoginTime":"2019-06-01T07:18:05.816Z"},"heroList":{"_id":"5cf226adabc47010ce749623","id":21401,"name":"21401","uid":10000001,"quality":4,"level":1,"activie_skill_lv":1,"passive_skill1_lv":0,"passive_skill2_lv":0,"passive_skill3_lv":0,"ctime":1,"__v":0,"createAt":"2019-06-01T07:18:05.815Z","updateAt":"2019-06-01T07:18:05.815Z","server_id":"5cf226adabc47010ce749623"}}
[2019-06-01T15:24:28.028] [DEBUG] forward-log - [game-server-1 msgRemote.js] session:[2,10000001,connector-server-1], handle message: {"id":3,"type":0,"compressRoute":1,"route":"game.p01_playerHandler.p01_loadPlayer","body":{"sign":"97385ec52154f35a"},"compressGzip":0}
[2019-06-01T15:24:28.121] [DEBUG] forward-log - [game-server-1 msgRemote.js] session:[2,10000001,connector-server-1], handle message result,err:null,msg:{"id":3,"type":0,"compressRoute":1,"route":"game.p01_playerHandler.p01_loadPlayer","body":{"sign":"97385ec52154f35a"},"compressGzip":0},resp:{"code":200,"itemData":[],"userData":{"item":[],"hero":["5cf226adabc47010ce749623"],"_id":"5cf226adabc47010ce749622","uid":10000001,"name":"艾尔女孩熊","avatar":"21401","level":1,"serverId":1,"exp":0,"gold":0,"gem":0,"totalRecharge":0,"__v":0,"createAt":"2019-06-01T07:24:28.022Z","lastLoginTime":"2019-06-01T07:24:28.022Z","updateAt":"2019-06-01T07:24:28.022Z"},"heroList":[{"_id":"5cf226adabc47010ce749623","id":21401,"name":"21401","uid":10000001,"quality":4,"level":1,"activie_skill_lv":1,"passive_skill1_lv":0,"passive_skill2_lv":0,"passive_skill3_lv":0,"ctime":1,"__v":0,"createAt":"2019-06-01T07:24:28.105Z","server_id":"5cf226adabc47010ce749623","updateAt":"2019-06-01T07:24:28.105Z"}]}
[2019-06-01T15:27:21.873] [INFO] pinus - [game-server-1 application.js] application inited: "game-server-1"
[2019-06-01T15:27:21.921] [INFO] logger - [game-server-1 console] game-server-1 !!!before startup
[2019-06-01T15:27:21.922] [INFO] pinus - [game-server-1 application.js] "game-server-1" enter before start...
[2019-06-01T15:27:21.923] [INFO] pinus - [game-server-1 application.js] "game-server-1" enter after start...
[2019-06-01T15:27:21.959] [INFO] pinus-admin - [game-server-1 consoleService.js] try to connect master: "game", "127.0.0.1", 3005
[2019-06-01T15:27:22.038] [INFO] game - [game-server-1 componentsMgr.ts] 组件加载完成
[2019-06-01T15:27:25.717] [INFO] game - [game-server-1 conn.ts] "game-server-1"[game-server-1]mongoose db connected OK!
[2019-06-01T15:27:25.737] [WARN] logger - [game-server-1 console] path is empty, path:/Users/macbookpro/Desktop/tyrannosaurus/game-server/app/servers/http/remote
[2019-06-01T15:27:25.739] [INFO] pinus - [game-server-1 application.js] "game-server-1" enter after start...
[2019-06-01T15:27:25.740] [INFO] pinus - [game-server-1 application.js] "game-server-1" finish start
[2019-06-01T15:27:25.740] [INFO] logger - [game-server-1 console] game-server-1 !!afterStartup
[2019-06-01T15:27:25.741] [INFO] pinus - [game-server-1 application.js] "game-server-1" startup in 3832 ms
[2019-06-01T15:27:25.830] [DEBUG] pinus - [game-server-1 monitorwatcher.js] [game-server-1] receive addServer signal: {"action":"addServer","server":{"main":"/Users/macbookpro/Desktop/tyrannosaurus/game-server/tsrun","env":"development","zone":"cn","id":"name-server-1","host":"127.0.0.1","port":7170,"auto-restart":"true","serverType":"name","remoterPaths":[{"namespace":"sys","serverType":"name","path":"/Users/macbookpro/Desktop/tyrannosaurus/game-server/node_modules/pinus/dist/lib/common/remote/backend"},{"namespace":"user","serverType":"name","path":"/Users/macbookpro/Desktop/tyrannosaurus/game-server/app/servers/name/remote"}],"handlerPaths":[],"pid":4542}}
[2019-06-01T16:07:38.360] [INFO] pinus - [game-server-1 application.js] application inited: "game-server-1"
[2019-06-01T16:07:38.385] [INFO] logger - [game-server-1 console] game-server-1 !!!before startup
[2019-06-01T16:07:38.395] [INFO] pinus - [game-server-1 application.js] "game-server-1" enter before start...
[2019-06-01T16:07:38.397] [INFO] pinus - [game-server-1 application.js] "game-server-1" enter after start...
[2019-06-01T16:07:38.421] [INFO] pinus-admin - [game-server-1 consoleService.js] try to connect master: "game", "127.0.0.1", 3005
[2019-06-01T16:07:38.475] [INFO] game - [game-server-1 componentsMgr.ts] 组件加载完成
[2019-06-01T16:07:41.961] [INFO] game - [game-server-1 conn.ts] "game-server-1"[game-server-1]mongoose db connected OK!
[2019-06-01T16:07:41.988] [WARN] logger - [game-server-1 console] path is empty, path:/Users/macbookpro/Desktop/tyrannosaurus/game-server/app/servers/http/remote
[2019-06-01T16:07:41.990] [INFO] pinus - [game-server-1 application.js] "game-server-1" enter after start...
[2019-06-01T16:07:41.992] [INFO] pinus - [game-server-1 application.js] "game-server-1" finish start
[2019-06-01T16:07:41.993] [INFO] logger - [game-server-1 console] game-server-1 !!afterStartup
[2019-06-01T16:07:41.993] [INFO] pinus - [game-server-1 application.js] "game-server-1" startup in 3616 ms
[2019-06-01T16:07:42.093] [DEBUG] pinus - [game-server-1 monitorwatcher.js] [game-server-1] receive addServer signal: {"action":"addServer","server":{"main":"/Users/macbookpro/Desktop/tyrannosaurus/game-server/tsrun","env":"development","zone":"cn","id":"name-server-1","host":"127.0.0.1","port":7170,"auto-restart":"true","serverType":"name","remoterPaths":[{"namespace":"sys","serverType":"name","path":"/Users/macbookpro/Desktop/tyrannosaurus/game-server/node_modules/pinus/dist/lib/common/remote/backend"},{"namespace":"user","serverType":"name","path":"/Users/macbookpro/Desktop/tyrannosaurus/game-server/app/servers/name/remote"}],"handlerPaths":[],"pid":5596}}
[2019-06-01T16:07:42.715] [DEBUG] pinus - [game-server-1 monitorwatcher.js] [game-server-1] receive addServer signal: {"action":"addServer","server":{"main":"/Users/macbookpro/Desktop/tyrannosaurus/game-server/tsrun","env":"development","id":"connector-server-1","host":"127.0.0.1","port":4050,"clientPort":3050,"frontend":"true","args":"--inspect=10001","serverType":"connector","remoterPaths":[{"namespace":"sys","serverType":"connector","path":"/Users/macbookpro/Desktop/tyrannosaurus/game-server/node_modules/pinus/dist/lib/common/remote/frontend"}],"handlerPaths":["/Users/macbookpro/Desktop/tyrannosaurus/game-server/app/servers/connector/handler"],"pid":5592}}
[2019-06-01T16:07:43.908] [INFO] logger - [game-server-1 console] game-server-1 !!after start all
[2019-06-01T16:19:46.241] [INFO] logger - [game-server-1 console] connected
[2019-06-01T16:19:46.250] [DEBUG] forward-log - [game-server-1 msgRemote.js] session:[1,10000001,connector-server-1], handle message: {"id":3,"type":0,"compressRoute":1,"route":"game.p01_playerHandler.p01_loadPlayer","body":{"sign":"97385ec52154f35a"},"compressGzip":0}
[2019-06-01T16:19:47.579] [DEBUG] forward-log - [game-server-1 msgRemote.js] session:[1,10000001,connector-server-1], handle message result,err:null,msg:{"id":3,"type":0,"compressRoute":1,"route":"game.p01_playerHandler.p01_loadPlayer","body":{"sign":"97385ec52154f35a"},"compressGzip":0},resp:{"code":200,"itemData":[],"userData":{"item":[],"hero":["5cf226adabc47010ce749623"],"_id":"5cf226adabc47010ce749622","uid":10000001,"name":"艾尔女孩熊","avatar":"21401","level":1,"serverId":1,"exp":0,"gold":0,"gem":0,"totalRecharge":0,"__v":0,"createAt":"2019-06-01T07:26:53.993Z","lastLoginTime":"2019-06-01T07:26:53.993Z","updateAt":"2019-06-01T07:26:53.993Z"},"heroList":[{"_id":"5cf226adabc47010ce749623","id":21401,"name":"21401","uid":10000001,"quality":4,"level":1,"activie_skill_lv":1,"passive_skill1_lv":0,"passive_skill2_lv":0,"passive_skill3_lv":0,"ctime":1,"__v":0,"createAt":"2019-06-01T07:26:53.995Z","server_id":"5cf226adabc47010ce749623","updateAt":"2019-06-01T07:26:53.995Z"}]}
[2019-06-01T19:31:52.869] [DEBUG] forward-log - [game-server-1 msgRemote.js] session:[2,10000001,connector-server-1], handle message: {"id":3,"type":0,"compressRoute":1,"route":"game.p01_playerHandler.p01_loadPlayer","body":{"sign":"97385ec52154f35a"},"compressGzip":0}
[2019-06-01T19:31:52.899] [DEBUG] forward-log - [game-server-1 msgRemote.js] session:[2,10000001,connector-server-1], handle message result,err:null,msg:{"id":3,"type":0,"compressRoute":1,"route":"game.p01_playerHandler.p01_loadPlayer","body":{"sign":"97385ec52154f35a"},"compressGzip":0},resp:{"code":200,"itemData":[],"userData":{"item":[],"hero":["5cf226adabc47010ce749623"],"_id":"5cf226adabc47010ce749622","uid":10000001,"name":"艾尔女孩熊","avatar":"21401","level":1,"serverId":1,"exp":0,"gold":0,"gem":0,"totalRecharge":0,"__v":0,"createAt":"2019-06-01T07:26:53.993Z","lastLoginTime":"2019-06-01T07:26:53.993Z","updateAt":"2019-06-01T07:26:53.993Z"},"heroList":[{"_id":"5cf226adabc47010ce749623","id":21401,"name":"21401","uid":10000001,"quality":4,"level":1,"activie_skill_lv":1,"passive_skill1_lv":0,"passive_skill2_lv":0,"passive_skill3_lv":0,"ctime":1,"__v":0,"createAt":"2019-06-01T07:26:53.995Z","server_id":"5cf226adabc47010ce749623","updateAt":"2019-06-01T07:26:53.995Z"}]}
[2019-06-01T22:59:32.786] [INFO] logger - [game-server-1 console] the content is null!
[2019-06-01T23:57:48.118] [INFO] logger - [game-server-1 console] the content is null!
[2019-06-02T00:00:15.513] [INFO] pinus - [game-server-1 application.js] application inited: "game-server-1"
[2019-06-02T00:00:15.534] [INFO] logger - [game-server-1 console] game-server-1 !!!before startup
[2019-06-02T00:00:15.536] [INFO] pinus - [game-server-1 application.js] "game-server-1" enter before start...
[2019-06-02T00:00:15.537] [INFO] pinus - [game-server-1 application.js] "game-server-1" enter after start...
[2019-06-02T00:00:15.549] [INFO] pinus-admin - [game-server-1 consoleService.js] try to connect master: "game", "127.0.0.1", 3005
[2019-06-02T00:00:15.622] [INFO] game - [game-server-1 componentsMgr.ts] 组件加载完成
[2019-06-02T00:00:19.386] [INFO] game - [game-server-1 conn.ts] "game-server-1"[game-server-1]mongoose db connected OK!
[2019-06-02T00:00:19.409] [INFO] pinus - [game-server-1 application.js] "game-server-1" enter after start...
[2019-06-02T00:00:19.411] [INFO] pinus - [game-server-1 application.js] "game-server-1" finish start
[2019-06-02T00:00:19.412] [INFO] logger - [game-server-1 console] game-server-1 !!afterStartup
[2019-06-02T00:00:19.412] [INFO] pinus - [game-server-1 application.js] "game-server-1" startup in 3888 ms
[2019-06-02T00:00:19.458] [DEBUG] pinus - [game-server-1 monitorwatcher.js] [game-server-1] receive addServer signal: {"action":"addServer","server":{"main":"/Users/macbookpro/Desktop/tyrannosaurus/game-server/tsrun","env":"development","zone":"cn","id":"name-server-1","host":"127.0.0.1","port":7170,"auto-restart":"true","serverType":"name","remoterPaths":[{"namespace":"sys","serverType":"name","path":"/Users/macbookpro/Desktop/tyrannosaurus/game-server/node_modules/pinus/dist/lib/common/remote/backend"},{"namespace":"user","serverType":"name","path":"/Users/macbookpro/Desktop/tyrannosaurus/game-server/app/servers/name/remote"}],"handlerPaths":[],"pid":10399}}
[2019-06-02T00:00:19.901] [DEBUG] pinus - [game-server-1 monitorwatcher.js] [game-server-1] receive addServer signal: {"action":"addServer","server":{"main":"/Users/macbookpro/Desktop/tyrannosaurus/game-server/tsrun","env":"development","zone":"cn","id":"http-server-1","host":"127.0.0.1","port":6170,"auto-restart":"true","serverType":"http","remoterPaths":[{"namespace":"sys","serverType":"http","path":"/Users/macbookpro/Desktop/tyrannosaurus/game-server/node_modules/pinus/dist/lib/common/remote/backend"},{"namespace":"user","serverType":"http","path":"/Users/macbookpro/Desktop/tyrannosaurus/game-server/app/servers/http/remote"}],"handlerPaths":["/Users/macbookpro/Desktop/tyrannosaurus/game-server/app/servers/http/handler"],"pid":10398}}
[2019-06-02T00:00:19.906] [WARN] logger - [game-server-1 console] path is empty, path:/Users/macbookpro/Desktop/tyrannosaurus/game-server/app/servers/http/remote
[2019-06-02T00:00:20.013] [DEBUG] pinus - [game-server-1 monitorwatcher.js] [game-server-1] receive addServer signal: {"action":"addServer","server":{"main":"/Users/macbookpro/Desktop/tyrannosaurus/game-server/tsrun","env":"development","id":"connector-server-1","host":"127.0.0.1","port":4050,"clientPort":3050,"frontend":"true","args":"--inspect=10001","serverType":"connector","remoterPaths":[{"namespace":"sys","serverType":"connector","path":"/Users/macbookpro/Desktop/tyrannosaurus/game-server/node_modules/pinus/dist/lib/common/remote/frontend"}],"handlerPaths":["/Users/macbookpro/Desktop/tyrannosaurus/game-server/app/servers/connector/handler"],"pid":10395}}
[2019-06-02T00:00:20.955] [INFO] logger - [game-server-1 console] game-server-1 !!after start all
[2019-06-02T00:01:24.100] [INFO] logger - [game-server-1 console] connected
[2019-06-02T00:01:24.108] [DEBUG] forward-log - [game-server-1 msgRemote.js] session:[1,10000001,connector-server-1], handle message: {"id":3,"type":0,"compressRoute":1,"route":"game.p01_playerHandler.p01_loadPlayer","body":{"sign":"97385ec52154f35a"},"compressGzip":0}
[2019-06-02T00:01:24.935] [DEBUG] forward-log - [game-server-1 msgRemote.js] session:[1,10000001,connector-server-1], handle message result,err:null,msg:{"id":3,"type":0,"compressRoute":1,"route":"game.p01_playerHandler.p01_loadPlayer","body":{"sign":"97385ec52154f35a"},"compressGzip":0},resp:{"code":200,"itemData":[],"userData":{"item":[],"hero":["5cf226adabc47010ce749623"],"_id":"5cf226adabc47010ce749622","uid":10000001,"name":"艾尔女孩熊","avatar":"21401","level":1,"serverId":1,"exp":0,"gold":0,"gem":0,"totalRecharge":0,"__v":0,"createAt":"2019-06-01T07:26:53.993Z","lastLoginTime":"2019-06-01T07:26:53.993Z","updateAt":"2019-06-01T07:26:53.993Z"},"heroList":[{"_id":"5cf226adabc47010ce749623","id":21401,"name":"21401","uid":10000001,"quality":4,"level":1,"activie_skill_lv":1,"passive_skill1_lv":0,"passive_skill2_lv":0,"passive_skill3_lv":0,"ctime":1,"__v":0,"createAt":"2019-06-01T07:26:53.995Z","server_id":"5cf226adabc47010ce749623","updateAt":"2019-06-01T07:26:53.995Z"}]}
[2019-06-02T00:48:44.348] [INFO] pinus - [game-server-1 application.js] application inited: "game-server-1"
[2019-06-02T00:48:44.386] [INFO] logger - [game-server-1 console] game-server-1 !!!before startup
[2019-06-02T00:48:44.387] [INFO] pinus - [game-server-1 application.js] "game-server-1" enter before start...
[2019-06-02T00:48:44.390] [INFO] pinus - [game-server-1 application.js] "game-server-1" enter after start...
[2019-06-02T00:48:44.407] [INFO] pinus-admin - [game-server-1 consoleService.js] try to connect master: "game", "127.0.0.1", 3005
[2019-06-02T00:48:44.469] [INFO] game - [game-server-1 componentsMgr.ts] 组件加载完成
[2019-06-02T00:48:48.849] [INFO] game - [game-server-1 conn.ts] "game-server-1"[game-server-1]mongoose db connected OK!
[2019-06-02T00:48:49.457] [INFO] pinus - [game-server-1 application.js] "game-server-1" enter after start...
[2019-06-02T00:48:49.460] [INFO] pinus - [game-server-1 application.js] "game-server-1" finish start
[2019-06-02T00:48:49.461] [INFO] logger - [game-server-1 console] game-server-1 !!afterStartup
[2019-06-02T00:48:49.461] [INFO] pinus - [game-server-1 application.js] "game-server-1" startup in 5082 ms
[2019-06-02T00:48:49.468] [DEBUG] pinus - [game-server-1 monitorwatcher.js] [game-server-1] receive addServer signal: {"action":"addServer","server":{"main":"/Users/macbookpro/Desktop/tyrannosaurus/game-server/tsrun","env":"development","zone":"cn","id":"http-server-1","host":"127.0.0.1","port":6170,"auto-restart":"true","serverType":"http","remoterPaths":[{"namespace":"sys","serverType":"http","path":"/Users/macbookpro/Desktop/tyrannosaurus/game-server/node_modules/pinus/dist/lib/common/remote/backend"},{"namespace":"user","serverType":"http","path":"/Users/macbookpro/Desktop/tyrannosaurus/game-server/app/servers/http/remote"}],"handlerPaths":["/Users/macbookpro/Desktop/tyrannosaurus/game-server/app/servers/http/handler"],"pid":11618}}
[2019-06-02T00:48:49.470] [WARN] logger - [game-server-1 console] path is empty, path:/Users/macbookpro/Desktop/tyrannosaurus/game-server/app/servers/http/remote
[2019-06-02T00:48:49.587] [DEBUG] pinus - [game-server-1 monitorwatcher.js] [game-server-1] receive addServer signal: {"action":"addServer","server":{"main":"/Users/macbookpro/Desktop/tyrannosaurus/game-server/tsrun","env":"development","id":"connector-server-1","host":"127.0.0.1","port":4050,"clientPort":3050,"frontend":"true","args":"--inspect=10001","serverType":"connector","remoterPaths":[{"namespace":"sys","serverType":"connector","path":"/Users/macbookpro/Desktop/tyrannosaurus/game-server/node_modules/pinus/dist/lib/common/remote/frontend"}],"handlerPaths":["/Users/macbookpro/Desktop/tyrannosaurus/game-server/app/servers/connector/handler"],"pid":11615}}
[2019-06-02T00:48:50.721] [INFO] logger - [game-server-1 console] game-server-1 !!after start all
[2019-06-02T02:05:18.826] [INFO] logger - [game-server-1 console] connected
[2019-06-02T02:05:18.828] [DEBUG] forward-log - [game-server-1 msgRemote.js] session:[1,10000001,connector-server-1], handle message: {"id":3,"type":0,"compressRoute":1,"route":"game.p01_playerHandler.p01_loadPlayer","body":{"sign":"97385ec52154f35a"},"compressGzip":0}
[2019-06-02T02:05:19.255] [DEBUG] forward-log - [game-server-1 msgRemote.js] session:[1,10000001,connector-server-1], handle message result,err:null,msg:{"id":3,"type":0,"compressRoute":1,"route":"game.p01_playerHandler.p01_loadPlayer","body":{"sign":"97385ec52154f35a"},"compressGzip":0},resp:{"code":200,"itemData":[],"userData":{"item":[],"hero":["5cf226adabc47010ce749623"],"_id":"5cf226adabc47010ce749622","uid":10000001,"name":"艾尔女孩熊","avatar":"21401","level":1,"serverId":1,"exp":0,"gold":0,"gem":0,"totalRecharge":0,"__v":0,"createAt":"2019-06-01T07:26:53.993Z","lastLoginTime":"2019-06-01T07:26:53.993Z","updateAt":"2019-06-01T07:26:53.993Z"},"heroList":[{"_id":"5cf226adabc47010ce749623","id":21401,"name":"21401","uid":10000001,"quality":4,"level":1,"activie_skill_lv":1,"passive_skill1_lv":0,"passive_skill2_lv":0,"passive_skill3_lv":0,"ctime":1,"__v":0,"createAt":"2019-06-01T07:26:53.995Z","server_id":"5cf226adabc47010ce749623","updateAt":"2019-06-01T07:26:53.995Z"}]}
[2019-06-02T04:34:49.822] [ERROR] pinus-admin - [game-server-1 mqttClient.js] mqtt socket is close, remote server host: 127.0.0.1, port: 3005Error
    at Object.pLogger.(anonymous function) [as error] (/Users/macbookpro/Desktop/tyrannosaurus/game-server/node_modules/pinus-logger/lib/logger.ts:72:34)
    at Connection.<anonymous> (/Users/macbookpro/Desktop/tyrannosaurus/game-server/node_modules/pinus-admin/lib/protocol/mqtt/mqttClient.ts:108:20)
    at Connection.emit (events.js:182:13)
    at Socket.emit (events.js:182:13)
    at TCP._handle.close (net.js:611:12)
[2019-06-02T04:34:50.824] [INFO] pinus-admin - [game-server-1 mqttClient.js] reconnect delay 1 s
[2019-06-02T04:34:50.829] [ERROR] pinus-admin - [game-server-1 mqttClient.js] mqtt socket is error, remote server host: 127.0.0.1, port: 3005Error
    at Object.pLogger.(anonymous function) [as error] (/Users/macbookpro/Desktop/tyrannosaurus/game-server/node_modules/pinus-logger/lib/logger.ts:72:34)
    at Connection.<anonymous> (/Users/macbookpro/Desktop/tyrannosaurus/game-server/node_modules/pinus-admin/lib/protocol/mqtt/mqttClient.ts:113:20)
    at Connection.emit (events.js:182:13)
    at Socket.emit (events.js:182:13)
    at emitErrorNT (internal/streams/destroy.js:82:8)
    at emitErrorAndCloseNT (internal/streams/destroy.js:50:3)
    at process.internalTickCallback (internal/process/next_tick.js:72:19)
[2019-06-02T04:34:50.832] [ERROR] pinus-admin - [game-server-1 mqttClient.js] mqtt socket is close, remote server host: 127.0.0.1, port: 3005Error
    at Object.pLogger.(anonymous function) [as error] (/Users/macbookpro/Desktop/tyrannosaurus/game-server/node_modules/pinus-logger/lib/logger.ts:72:34)
    at Connection.<anonymous> (/Users/macbookpro/Desktop/tyrannosaurus/game-server/node_modules/pinus-admin/lib/protocol/mqtt/mqttClient.ts:108:20)
    at Connection.emit (events.js:182:13)
    at Socket.emit (events.js:182:13)
    at TCP._handle.close (net.js:611:12)
[2019-06-02T04:34:51.390] [ERROR] game - [game-server-1 conn.ts] 断开数据库链接Error
    at Object.pLogger.(anonymous function) [as error] (/Users/macbookpro/Desktop/tyrannosaurus/game-server/node_modules/pinus-logger/lib/logger.ts:72:34)
    at DBConnection.OnDisconnected (/Users/macbookpro/Desktop/tyrannosaurus/game-server/app/dao/conn.ts:122:16)
    at NativeConnection.emit (events.js:182:13)
    at NativeConnection.set (/Users/macbookpro/Desktop/tyrannosaurus/game-server/node_modules/mongoose/lib/connection.js:121:12)
    at Db.<anonymous> (/Users/macbookpro/Desktop/tyrannosaurus/game-server/node_modules/mongoose/lib/connection.js:593:26)
    at Db.emit (events.js:182:13)
    at Server.listener (/Users/macbookpro/Desktop/tyrannosaurus/game-server/node_modules/mongodb/lib/operations/db_ops.js:340:14)
    at Server.emit (events.js:187:15)
    at Server.<anonymous> (/Users/macbookpro/Desktop/tyrannosaurus/game-server/node_modules/mongodb/lib/topologies/server.js:250:16)
    at Server.emit (events.js:182:13)
    at Pool.<anonymous> (/Users/macbookpro/Desktop/tyrannosaurus/game-server/node_modules/mongodb-core/lib/topologies/server.js:452:12)
    at Pool.emit (events.js:182:13)
    at connectionFailureHandler (/Users/macbookpro/Desktop/tyrannosaurus/game-server/node_modules/mongodb-core/lib/connection/pool.js:268:10)
    at Connection.Pool._connectionCloseHandler (/Users/macbookpro/Desktop/tyrannosaurus/game-server/node_modules/mongodb-core/lib/connection/pool.js:152:5)
    at Connection.emit (events.js:182:13)
    at Socket.<anonymous> (/Users/macbookpro/Desktop/tyrannosaurus/game-server/node_modules/mongodb-core/lib/connection/connection.js:350:12)
    at Object.onceWrapper (events.js:273:13)
    at Socket.emit (events.js:182:13)
    at TCP._handle.close (net.js:611:12) undefined
[2019-06-02T04:34:51.665] [ERROR] logger - [game-server-1 console] game-server-1Caught exception: Error: Redis connection to 127.0.0.1:6379 failed - connect ECONNREFUSED 127.0.0.1:6379
    at TCPConnectWrap.afterConnect [as oncomplete] (net.js:1117:14)Error
    at Object.pLogger.(anonymous function) [as error] (/Users/macbookpro/Desktop/tyrannosaurus/game-server/node_modules/pinus-logger/lib/logger.ts:72:34)
    at process.<anonymous> (/Users/macbookpro/Desktop/tyrannosaurus/game-server/preload.ts:33:17)
    at process.emit (events.js:182:13)
    at process.emit (/Users/macbookpro/Desktop/tyrannosaurus/game-server/node_modules/source-map-support/source-map-support.js:461:21)
    at process._fatalException (internal/bootstrap/node.js:622:27)
[2019-06-02T04:34:52.011] [ERROR] logger - [game-server-1 console] game-server-1Caught exception: Error: Redis connection to 127.0.0.1:6379 failed - connect ECONNREFUSED 127.0.0.1:6379
    at TCPConnectWrap.afterConnect [as oncomplete] (net.js:1117:14)Error
    at Object.pLogger.(anonymous function) [as error] (/Users/macbookpro/Desktop/tyrannosaurus/game-server/node_modules/pinus-logger/lib/logger.ts:72:34)
    at process.<anonymous> (/Users/macbookpro/Desktop/tyrannosaurus/game-server/preload.ts:33:17)
    at process.emit (events.js:182:13)
    at process.emit (/Users/macbookpro/Desktop/tyrannosaurus/game-server/node_modules/source-map-support/source-map-support.js:461:21)
    at process._fatalException (internal/bootstrap/node.js:622:27)
[2019-06-02T04:34:52.597] [ERROR] logger - [game-server-1 console] game-server-1Caught exception: Error: Redis connection to 127.0.0.1:6379 failed - connect ECONNREFUSED 127.0.0.1:6379
    at TCPConnectWrap.afterConnect [as oncomplete] (net.js:1117:14)Error
    at Object.pLogger.(anonymous function) [as error] (/Users/macbookpro/Desktop/tyrannosaurus/game-server/node_modules/pinus-logger/lib/logger.ts:72:34)
    at process.<anonymous> (/Users/macbookpro/Desktop/tyrannosaurus/game-server/preload.ts:33:17)
    at process.emit (events.js:182:13)
    at process.emit (/Users/macbookpro/Desktop/tyrannosaurus/game-server/node_modules/source-map-support/source-map-support.js:461:21)
    at process._fatalException (internal/bootstrap/node.js:622:27)
[2019-06-02T04:34:52.833] [INFO] pinus-admin - [game-server-1 mqttClient.js] reconnect delay 2 s
[2019-06-02T04:34:52.835] [ERROR] pinus-admin - [game-server-1 mqttClient.js] mqtt socket is error, remote server host: 127.0.0.1, port: 3005Error
    at Object.pLogger.(anonymous function) [as error] (/Users/macbookpro/Desktop/tyrannosaurus/game-server/node_modules/pinus-logger/lib/logger.ts:72:34)
    at Connection.<anonymous> (/Users/macbookpro/Desktop/tyrannosaurus/game-server/node_modules/pinus-admin/lib/protocol/mqtt/mqttClient.ts:113:20)
    at Connection.emit (events.js:182:13)
    at Socket.emit (events.js:182:13)
    at emitErrorNT (internal/streams/destroy.js:82:8)
    at emitErrorAndCloseNT (internal/streams/destroy.js:50:3)
    at process.internalTickCallback (internal/process/next_tick.js:72:19)
[2019-06-02T04:34:52.836] [ERROR] pinus-admin - [game-server-1 mqttClient.js] mqtt socket is close, remote server host: 127.0.0.1, port: 3005Error
    at Object.pLogger.(anonymous function) [as error] (/Users/macbookpro/Desktop/tyrannosaurus/game-server/node_modules/pinus-logger/lib/logger.ts:72:34)
    at Connection.<anonymous> (/Users/macbookpro/Desktop/tyrannosaurus/game-server/node_modules/pinus-admin/lib/protocol/mqtt/mqttClient.ts:108:20)
    at Connection.emit (events.js:182:13)
    at Socket.emit (events.js:182:13)
    at TCP._handle.close (net.js:611:12)
[2019-06-02T04:34:53.587] [ERROR] logger - [game-server-1 console] game-server-1Caught exception: Error: Redis connection to 127.0.0.1:6379 failed - connect ECONNREFUSED 127.0.0.1:6379
    at TCPConnectWrap.afterConnect [as oncomplete] (net.js:1117:14)Error
    at Object.pLogger.(anonymous function) [as error] (/Users/macbookpro/Desktop/tyrannosaurus/game-server/node_modules/pinus-logger/lib/logger.ts:72:34)
    at process.<anonymous> (/Users/macbookpro/Desktop/tyrannosaurus/game-server/preload.ts:33:17)
    at process.emit (events.js:182:13)
    at process.emit (/Users/macbookpro/Desktop/tyrannosaurus/game-server/node_modules/source-map-support/source-map-support.js:461:21)
    at process._fatalException (internal/bootstrap/node.js:622:27)
[2019-06-04T00:27:47.384] [INFO] pinus - [game-server-1 application.js] application inited: "game-server-1"
[2019-06-04T00:27:47.430] [INFO] logger - [game-server-1 console] game-server-1 !!!before startup
[2019-06-04T00:27:47.433] [INFO] pinus - [game-server-1 application.js] "game-server-1" enter before start...
[2019-06-04T00:27:47.437] [INFO] pinus - [game-server-1 application.js] "game-server-1" enter after start...
[2019-06-04T00:27:47.463] [INFO] pinus-admin - [game-server-1 consoleService.js] try to connect master: "game", "127.0.0.1", 3005
[2019-06-04T00:27:47.571] [INFO] game - [game-server-1 componentsMgr.ts] 组件加载完成
[2019-06-04T00:27:52.049] [INFO] game - [game-server-1 conn.ts] "game-server-1"[game-server-1]mongoose db connected OK!
[2019-06-04T00:27:52.106] [WARN] logger - [game-server-1 console] path is empty, path:/Users/macbookpro/Desktop/tyrannosaurus/game-server/app/servers/http/remote
[2019-06-04T00:27:52.121] [INFO] pinus - [game-server-1 application.js] "game-server-1" enter after start...
[2019-06-04T00:27:52.130] [INFO] pinus - [game-server-1 application.js] "game-server-1" finish start
[2019-06-04T00:27:52.138] [INFO] logger - [game-server-1 console] game-server-1 !!afterStartup
[2019-06-04T00:27:52.146] [INFO] pinus - [game-server-1 application.js] "game-server-1" startup in 4730 ms
[2019-06-04T00:27:52.168] [DEBUG] pinus - [game-server-1 monitorwatcher.js] [game-server-1] receive addServer signal: {"action":"addServer","server":{"main":"/Users/macbookpro/Desktop/tyrannosaurus/game-server/tsrun","env":"development","zone":"cn","id":"name-server-1","host":"127.0.0.1","port":7170,"auto-restart":"true","args":"--inspect=10006","serverType":"name","remoterPaths":[{"namespace":"sys","serverType":"name","path":"/Users/macbookpro/Desktop/tyrannosaurus/game-server/node_modules/pinus/dist/lib/common/remote/backend"},{"namespace":"user","serverType":"name","path":"/Users/macbookpro/Desktop/tyrannosaurus/game-server/app/servers/name/remote"}],"handlerPaths":[],"pid":713}}
[2019-06-04T00:27:52.864] [DEBUG] pinus - [game-server-1 monitorwatcher.js] [game-server-1] receive addServer signal: {"action":"addServer","server":{"main":"/Users/macbookpro/Desktop/tyrannosaurus/game-server/tsrun","env":"development","id":"connector-server-1","host":"127.0.0.1","port":4050,"clientPort":3050,"frontend":"true","args":"--inspect=10001","serverType":"connector","remoterPaths":[{"namespace":"sys","serverType":"connector","path":"/Users/macbookpro/Desktop/tyrannosaurus/game-server/node_modules/pinus/dist/lib/common/remote/frontend"}],"handlerPaths":["/Users/macbookpro/Desktop/tyrannosaurus/game-server/app/servers/connector/handler"],"pid":709}}
[2019-06-04T00:27:53.880] [INFO] logger - [game-server-1 console] game-server-1 !!after start all
[2019-06-04T01:02:34.375] [INFO] logger - [game-server-1 console] the content is null!
[2019-06-04T01:52:43.773] [ERROR] pinus-admin - [game-server-1 mqttClient.js] mqtt socket is close, remote server host: 127.0.0.1, port: 3005Error
    at Object.pLogger.(anonymous function) [as error] (/Users/macbookpro/Desktop/tyrannosaurus/game-server/node_modules/pinus-logger/lib/logger.ts:72:34)
    at Connection.<anonymous> (/Users/macbookpro/Desktop/tyrannosaurus/game-server/node_modules/pinus-admin/lib/protocol/mqtt/mqttClient.ts:108:20)
    at Connection.emit (events.js:182:13)
    at Socket.emit (events.js:182:13)
    at TCP._handle.close (net.js:611:12)
[2019-06-04T01:52:44.402] [ERROR] game - [game-server-1 conn.ts] 断开数据库链接Error
    at Object.pLogger.(anonymous function) [as error] (/Users/macbookpro/Desktop/tyrannosaurus/game-server/node_modules/pinus-logger/lib/logger.ts:72:34)
    at DBConnection.OnDisconnected (/Users/macbookpro/Desktop/tyrannosaurus/game-server/app/dao/conn.ts:122:16)
    at NativeConnection.emit (events.js:182:13)
    at NativeConnection.set (/Users/macbookpro/Desktop/tyrannosaurus/game-server/node_modules/mongoose/lib/connection.js:121:12)
    at Db.<anonymous> (/Users/macbookpro/Desktop/tyrannosaurus/game-server/node_modules/mongoose/lib/connection.js:593:26)
    at Db.emit (events.js:182:13)
    at Server.listener (/Users/macbookpro/Desktop/tyrannosaurus/game-server/node_modules/mongodb/lib/operations/db_ops.js:340:14)
    at Server.emit (events.js:187:15)
    at Server.<anonymous> (/Users/macbookpro/Desktop/tyrannosaurus/game-server/node_modules/mongodb/lib/topologies/server.js:250:16)
    at Server.emit (events.js:182:13)
    at Pool.<anonymous> (/Users/macbookpro/Desktop/tyrannosaurus/game-server/node_modules/mongodb-core/lib/topologies/server.js:452:12)
    at Pool.emit (events.js:182:13)
    at connectionFailureHandler (/Users/macbookpro/Desktop/tyrannosaurus/game-server/node_modules/mongodb-core/lib/connection/pool.js:268:10)
    at Connection.Pool._connectionCloseHandler (/Users/macbookpro/Desktop/tyrannosaurus/game-server/node_modules/mongodb-core/lib/connection/pool.js:152:5)
    at Connection.emit (events.js:182:13)
    at Socket.<anonymous> (/Users/macbookpro/Desktop/tyrannosaurus/game-server/node_modules/mongodb-core/lib/connection/connection.js:350:12)
    at Object.onceWrapper (events.js:273:13)
    at Socket.emit (events.js:182:13)
    at TCP._handle.close (net.js:611:12) undefined
[2019-06-04T01:52:44.666] [ERROR] logger - [game-server-1 console] game-server-1Caught exception: Error: Redis connection to 127.0.0.1:6379 failed - connect ECONNREFUSED 127.0.0.1:6379
    at TCPConnectWrap.afterConnect [as oncomplete] (net.js:1117:14)Error
    at Object.pLogger.(anonymous function) [as error] (/Users/macbookpro/Desktop/tyrannosaurus/game-server/node_modules/pinus-logger/lib/logger.ts:72:34)
    at process.<anonymous> (/Users/macbookpro/Desktop/tyrannosaurus/game-server/preload.ts:33:17)
    at process.emit (events.js:182:13)
    at process.emit (/Users/macbookpro/Desktop/tyrannosaurus/game-server/node_modules/source-map-support/source-map-support.js:461:21)
    at process._fatalException (internal/bootstrap/node.js:622:27)
[2019-06-04T01:52:44.776] [INFO] pinus-admin - [game-server-1 mqttClient.js] reconnect delay 1 s
[2019-06-04T01:52:44.781] [ERROR] pinus-admin - [game-server-1 mqttClient.js] mqtt socket is error, remote server host: 127.0.0.1, port: 3005Error
    at Object.pLogger.(anonymous function) [as error] (/Users/macbookpro/Desktop/tyrannosaurus/game-server/node_modules/pinus-logger/lib/logger.ts:72:34)
    at Connection.<anonymous> (/Users/macbookpro/Desktop/tyrannosaurus/game-server/node_modules/pinus-admin/lib/protocol/mqtt/mqttClient.ts:113:20)
    at Connection.emit (events.js:182:13)
    at Socket.emit (events.js:182:13)
    at emitErrorNT (internal/streams/destroy.js:82:8)
    at emitErrorAndCloseNT (internal/streams/destroy.js:50:3)
    at process.internalTickCallback (internal/process/next_tick.js:72:19)
[2019-06-04T01:52:44.783] [ERROR] pinus-admin - [game-server-1 mqttClient.js] mqtt socket is close, remote server host: 127.0.0.1, port: 3005Error
    at Object.pLogger.(anonymous function) [as error] (/Users/macbookpro/Desktop/tyrannosaurus/game-server/node_modules/pinus-logger/lib/logger.ts:72:34)
    at Connection.<anonymous> (/Users/macbookpro/Desktop/tyrannosaurus/game-server/node_modules/pinus-admin/lib/protocol/mqtt/mqttClient.ts:108:20)
    at Connection.emit (events.js:182:13)
    at Socket.emit (events.js:182:13)
    at TCP._handle.close (net.js:611:12)
[2019-06-04T01:52:45.010] [ERROR] logger - [game-server-1 console] game-server-1Caught exception: Error: Redis connection to 127.0.0.1:6379 failed - connect ECONNREFUSED 127.0.0.1:6379
    at TCPConnectWrap.afterConnect [as oncomplete] (net.js:1117:14)Error
    at Object.pLogger.(anonymous function) [as error] (/Users/macbookpro/Desktop/tyrannosaurus/game-server/node_modules/pinus-logger/lib/logger.ts:72:34)
    at process.<anonymous> (/Users/macbookpro/Desktop/tyrannosaurus/game-server/preload.ts:33:17)
    at process.emit (events.js:182:13)
    at process.emit (/Users/macbookpro/Desktop/tyrannosaurus/game-server/node_modules/source-map-support/source-map-support.js:461:21)
    at process._fatalException (internal/bootstrap/node.js:622:27)
[2019-06-04T01:52:45.593] [ERROR] logger - [game-server-1 console] game-server-1Caught exception: Error: Redis connection to 127.0.0.1:6379 failed - connect ECONNREFUSED 127.0.0.1:6379
    at TCPConnectWrap.afterConnect [as oncomplete] (net.js:1117:14)Error
    at Object.pLogger.(anonymous function) [as error] (/Users/macbookpro/Desktop/tyrannosaurus/game-server/node_modules/pinus-logger/lib/logger.ts:72:34)
    at process.<anonymous> (/Users/macbookpro/Desktop/tyrannosaurus/game-server/preload.ts:33:17)
    at process.emit (events.js:182:13)
    at process.emit (/Users/macbookpro/Desktop/tyrannosaurus/game-server/node_modules/source-map-support/source-map-support.js:461:21)
    at process._fatalException (internal/bootstrap/node.js:622:27)
