[2019-06-01T15:17:44.002] [INFO] pinus - [connector-server-1 application.js] application inited: "connector-server-1"
[2019-06-01T15:17:44.968] [INFO] logger - [connector-server-1 console] connector-server-1 !!!before startup
[2019-06-01T15:17:44.973] [INFO] pinus - [connector-server-1 application.js] "connector-server-1" enter before start...
[2019-06-01T15:17:44.975] [INFO] pinus - [connector-server-1 application.js] "connector-server-1" enter after start...
[2019-06-01T15:17:44.999] [INFO] pinus-admin - [connector-server-1 consoleService.js] try to connect master: "connector", "127.0.0.1", 3005
[2019-06-01T15:17:47.727] [INFO] game - [connector-server-1 conn.ts] "connector-server-1"[1]mongoose db connected OK!
[2019-06-01T15:17:47.748] [WARN] logger - [connector-server-1 console] path is empty, path:/Users/macbookpro/Desktop/tyrannosaurus/game-server/app/servers/http/remote
[2019-06-01T15:17:47.899] [INFO] pinus - [connector-server-1 application.js] "connector-server-1" enter after start...
[2019-06-01T15:17:47.903] [WARN] logger - [connector-server-1 console] path is empty, path:/Users/macbookpro/Desktop/tyrannosaurus/game-server/app/servers/http/handler
[2019-06-01T15:17:48.582] [WARN] logger - [connector-server-1 console] after start all server, use route dictionary :
 connector.entryHandler.enter
connector.entryHandler.onUserLeave
game.p01_playerHandler.onUserLeave
game.p01_playerHandler.p01_loadPlayer
game.p01_playerHandler.p02_ping
gate.gateHandler.queryEntry
[2019-06-01T15:17:48.725] [INFO] pinus - [connector-server-1 application.js] "connector-server-1" finish start
[2019-06-01T15:17:48.728] [INFO] logger - [connector-server-1 console] connector-server-1 !!afterStartup
[2019-06-01T15:17:48.732] [INFO] pinus - [connector-server-1 application.js] "connector-server-1" startup in 4716 ms
[2019-06-01T15:17:48.746] [INFO] logger - [connector-server-1 console] connector-server-1 !!after start all
[2019-06-01T15:18:03.856] [DEBUG] pinus - [connector-server-1 connector.js] [connector-server-1] getSession session is created with session id: 1
[2019-06-01T15:18:04.110] [DEBUG] pinus - [connector-server-1 connector.js] session on [connector-server-1] bind with uid: 10000001
[2019-06-01T15:18:04.131] [DEBUG] pinus - [connector-server-1 connector.js] [connector-server-1] send message reqId: 2, route: connector.entryHandler.enter, msg: {"code":200,"desc":"登录成功","key":"LOGIN_SUCCESS"}, receivers: [1], opts: {"type":"response"}
[2019-06-01T15:18:05.849] [DEBUG] pinus - [connector-server-1 connector.js] [connector-server-1] send message reqId: 3, route: game.p01_playerHandler.p01_loadPlayer, msg: {"code":200,"itemData":{},"userData":{"item":[],"hero":["5cf226adabc47010ce749623"],"_id":"5cf226adabc47010ce749622","uid":10000001,"name":"艾尔女孩熊","avatar":"21401","level":1,"serverId":1,"exp":0,"gold":0,"gem":0,"totalRecharge":0,"__v":0,"createAt":"2019-06-01T07:18:05.816Z","updateAt":"2019-06-01T07:18:05.816Z","lastLoginTime":"2019-06-01T07:18:05.816Z"},"heroList":{"_id":"5cf226adabc47010ce749623","id":21401,"name":"21401","uid":10000001,"quality":4,"level":1,"activie_skill_lv":1,"passive_skill1_lv":0,"passive_skill2_lv":0,"passive_skill3_lv":0,"ctime":1,"__v":0,"createAt":"2019-06-01T07:18:05.837Z","updateAt":"2019-06-01T07:18:05.837Z","server_id":"5cf226adabc47010ce749623"}}, receivers: [1], opts: {"type":"response"}
[2019-06-01T15:23:52.668] [DEBUG] pinus - [connector-server-1 switcher.js] connection error:read ECONNRESET, the remote ip is ::ffff:127.0.0.1 && port is 52713
[2019-06-01T15:23:52.672] [DEBUG] pinus - [connector-server-1 sessionService.js] session on [connector-server-1] is closed with session id: 1,uid:10000001,reason:{}
[2019-06-01T15:24:27.970] [DEBUG] pinus - [connector-server-1 connector.js] [connector-server-1] getSession session is created with session id: 2
[2019-06-01T15:24:28.005] [DEBUG] pinus - [connector-server-1 connector.js] session on [connector-server-1] bind with uid: 10000001
[2019-06-01T15:24:28.010] [DEBUG] pinus - [connector-server-1 connector.js] [connector-server-1] send message reqId: 2, route: connector.entryHandler.enter, msg: {"code":200,"desc":"登录成功","key":"LOGIN_SUCCESS"}, receivers: [2], opts: {"type":"response"}
[2019-06-01T15:24:28.133] [DEBUG] pinus - [connector-server-1 connector.js] [connector-server-1] send message reqId: 3, route: game.p01_playerHandler.p01_loadPlayer, msg: {"code":200,"itemData":[],"userData":{"item":[],"hero":["5cf226adabc47010ce749623"],"_id":"5cf226adabc47010ce749622","uid":10000001,"name":"艾尔女孩熊","avatar":"21401","level":1,"serverId":1,"exp":0,"gold":0,"gem":0,"totalRecharge":0,"__v":0,"createAt":"2019-06-01T07:24:28.022Z","lastLoginTime":"2019-06-01T07:24:28.022Z","updateAt":"2019-06-01T07:24:28.022Z"},"heroList":[{"_id":"5cf226adabc47010ce749623","id":21401,"name":"21401","uid":10000001,"quality":4,"level":1,"activie_skill_lv":1,"passive_skill1_lv":0,"passive_skill2_lv":0,"passive_skill3_lv":0,"ctime":1,"__v":0,"createAt":"2019-06-01T07:24:28.105Z","server_id":"5cf226adabc47010ce749623","updateAt":"2019-06-01T07:24:28.105Z"}]}, receivers: [2], opts: {"type":"response"}
[2019-06-01T16:07:38.512] [INFO] pinus - [connector-server-1 application.js] application inited: "connector-server-1"
[2019-06-01T16:07:39.505] [INFO] logger - [connector-server-1 console] connector-server-1 !!!before startup
[2019-06-01T16:07:39.507] [INFO] pinus - [connector-server-1 application.js] "connector-server-1" enter before start...
[2019-06-01T16:07:39.508] [INFO] pinus - [connector-server-1 application.js] "connector-server-1" enter after start...
[2019-06-01T16:07:39.524] [INFO] pinus-admin - [connector-server-1 consoleService.js] try to connect master: "connector", "127.0.0.1", 3005
[2019-06-01T16:07:42.725] [INFO] game - [connector-server-1 conn.ts] "connector-server-1"[1]mongoose db connected OK!
[2019-06-01T16:07:42.742] [WARN] logger - [connector-server-1 console] path is empty, path:/Users/macbookpro/Desktop/tyrannosaurus/game-server/app/servers/http/remote
[2019-06-01T16:07:42.914] [INFO] pinus - [connector-server-1 application.js] "connector-server-1" enter after start...
[2019-06-01T16:07:42.915] [WARN] logger - [connector-server-1 console] path is empty, path:/Users/macbookpro/Desktop/tyrannosaurus/game-server/app/servers/http/handler
[2019-06-01T16:07:43.740] [WARN] logger - [connector-server-1 console] after start all server, use route dictionary :
 connector.entryHandler.enter
connector.entryHandler.onUserLeave
game.p01_playerHandler.onUserLeave
game.p01_playerHandler.p01_loadPlayer
game.p01_playerHandler.p02_ping
gate.gateHandler.queryEntry
[2019-06-01T16:07:43.902] [INFO] pinus - [connector-server-1 application.js] "connector-server-1" finish start
[2019-06-01T16:07:43.903] [INFO] logger - [connector-server-1 console] connector-server-1 !!afterStartup
[2019-06-01T16:07:43.903] [INFO] pinus - [connector-server-1 application.js] "connector-server-1" startup in 5371 ms
[2019-06-01T16:07:43.911] [INFO] logger - [connector-server-1 console] connector-server-1 !!after start all
[2019-06-01T16:19:46.155] [DEBUG] pinus - [connector-server-1 connector.js] [connector-server-1] getSession session is created with session id: 1
[2019-06-01T16:19:46.205] [DEBUG] pinus - [connector-server-1 connector.js] session on [connector-server-1] bind with uid: 10000001
[2019-06-01T16:19:46.216] [DEBUG] pinus - [connector-server-1 connector.js] [connector-server-1] send message reqId: 2, route: connector.entryHandler.enter, msg: {"code":200,"desc":"登录成功","key":"LOGIN_SUCCESS"}, receivers: [1], opts: {"type":"response"}
[2019-06-01T16:19:47.596] [DEBUG] pinus - [connector-server-1 connector.js] [connector-server-1] send message reqId: 3, route: game.p01_playerHandler.p01_loadPlayer, msg: {"code":200,"itemData":[],"userData":{"item":[],"hero":["5cf226adabc47010ce749623"],"_id":"5cf226adabc47010ce749622","uid":10000001,"name":"艾尔女孩熊","avatar":"21401","level":1,"serverId":1,"exp":0,"gold":0,"gem":0,"totalRecharge":0,"__v":0,"createAt":"2019-06-01T07:26:53.993Z","lastLoginTime":"2019-06-01T07:26:53.993Z","updateAt":"2019-06-01T07:26:53.993Z"},"heroList":[{"_id":"5cf226adabc47010ce749623","id":21401,"name":"21401","uid":10000001,"quality":4,"level":1,"activie_skill_lv":1,"passive_skill1_lv":0,"passive_skill2_lv":0,"passive_skill3_lv":0,"ctime":1,"__v":0,"createAt":"2019-06-01T07:26:53.995Z","server_id":"5cf226adabc47010ce749623","updateAt":"2019-06-01T07:26:53.995Z"}]}, receivers: [1], opts: {"type":"response"}
[2019-06-01T16:24:36.563] [DEBUG] pinus - [connector-server-1 switcher.js] connection error:read ECONNRESET, the remote ip is ::ffff:127.0.0.1 && port is 55338
[2019-06-01T16:24:36.566] [DEBUG] pinus - [connector-server-1 sessionService.js] session on [connector-server-1] is closed with session id: 1,uid:10000001,reason:{}
[2019-06-01T17:12:46.992] [INFO] logger - [connector-server-1 console] the content is null!
[2019-06-01T19:31:52.830] [DEBUG] pinus - [connector-server-1 connector.js] [connector-server-1] getSession session is created with session id: 2
[2019-06-01T19:31:52.853] [DEBUG] pinus - [connector-server-1 connector.js] session on [connector-server-1] bind with uid: 10000001
[2019-06-01T19:31:52.858] [DEBUG] pinus - [connector-server-1 connector.js] [connector-server-1] send message reqId: 2, route: connector.entryHandler.enter, msg: {"code":200,"desc":"登录成功","key":"LOGIN_SUCCESS"}, receivers: [2], opts: {"type":"response"}
[2019-06-01T19:31:52.907] [DEBUG] pinus - [connector-server-1 connector.js] [connector-server-1] send message reqId: 3, route: game.p01_playerHandler.p01_loadPlayer, msg: {"code":200,"itemData":[],"userData":{"item":[],"hero":["5cf226adabc47010ce749623"],"_id":"5cf226adabc47010ce749622","uid":10000001,"name":"艾尔女孩熊","avatar":"21401","level":1,"serverId":1,"exp":0,"gold":0,"gem":0,"totalRecharge":0,"__v":0,"createAt":"2019-06-01T07:26:53.993Z","lastLoginTime":"2019-06-01T07:26:53.993Z","updateAt":"2019-06-01T07:26:53.993Z"},"heroList":[{"_id":"5cf226adabc47010ce749623","id":21401,"name":"21401","uid":10000001,"quality":4,"level":1,"activie_skill_lv":1,"passive_skill1_lv":0,"passive_skill2_lv":0,"passive_skill3_lv":0,"ctime":1,"__v":0,"createAt":"2019-06-01T07:26:53.995Z","server_id":"5cf226adabc47010ce749623","updateAt":"2019-06-01T07:26:53.995Z"}]}, receivers: [2], opts: {"type":"response"}
[2019-06-01T22:59:32.982] [INFO] logger - [connector-server-1 console] the content is null!
[2019-06-02T00:00:15.529] [INFO] pinus - [connector-server-1 application.js] application inited: "connector-server-1"
[2019-06-02T00:00:16.519] [INFO] logger - [connector-server-1 console] connector-server-1 !!!before startup
[2019-06-02T00:00:16.523] [INFO] pinus - [connector-server-1 application.js] "connector-server-1" enter before start...
[2019-06-02T00:00:16.528] [INFO] pinus - [connector-server-1 application.js] "connector-server-1" enter after start...
[2019-06-02T00:00:16.546] [INFO] pinus-admin - [connector-server-1 consoleService.js] try to connect master: "connector", "127.0.0.1", 3005
[2019-06-02T00:00:20.019] [INFO] game - [connector-server-1 conn.ts] "connector-server-1"[1]mongoose db connected OK!
[2019-06-02T00:00:20.237] [WARN] logger - [connector-server-1 console] path is empty, path:/Users/macbookpro/Desktop/tyrannosaurus/game-server/app/servers/http/remote
[2019-06-02T00:00:20.238] [INFO] pinus - [connector-server-1 application.js] "connector-server-1" enter after start...
[2019-06-02T00:00:20.640] [WARN] logger - [connector-server-1 console] path is empty, path:/Users/macbookpro/Desktop/tyrannosaurus/game-server/app/servers/http/handler
[2019-06-02T00:00:20.789] [WARN] logger - [connector-server-1 console] after start all server, use route dictionary :
 connector.entryHandler.enter
connector.entryHandler.onUserLeave
game.p01_playerHandler.onUserLeave
game.p01_playerHandler.p01_loadPlayer
game.p01_playerHandler.p02_ping
gate.gateHandler.queryEntry
[2019-06-02T00:00:20.946] [INFO] pinus - [connector-server-1 application.js] "connector-server-1" finish start
[2019-06-02T00:00:20.947] [INFO] logger - [connector-server-1 console] connector-server-1 !!afterStartup
[2019-06-02T00:00:20.947] [INFO] pinus - [connector-server-1 application.js] "connector-server-1" startup in 5396 ms
[2019-06-02T00:00:20.958] [INFO] logger - [connector-server-1 console] connector-server-1 !!after start all
[2019-06-02T00:01:24.015] [DEBUG] pinus - [connector-server-1 connector.js] [connector-server-1] getSession session is created with session id: 1
[2019-06-02T00:01:24.069] [DEBUG] pinus - [connector-server-1 connector.js] session on [connector-server-1] bind with uid: 10000001
[2019-06-02T00:01:24.080] [DEBUG] pinus - [connector-server-1 connector.js] [connector-server-1] send message reqId: 2, route: connector.entryHandler.enter, msg: {"code":200,"desc":"登录成功","key":"LOGIN_SUCCESS"}, receivers: [1], opts: {"type":"response"}
[2019-06-02T00:01:24.946] [DEBUG] pinus - [connector-server-1 connector.js] [connector-server-1] send message reqId: 3, route: game.p01_playerHandler.p01_loadPlayer, msg: {"code":200,"itemData":[],"userData":{"item":[],"hero":["5cf226adabc47010ce749623"],"_id":"5cf226adabc47010ce749622","uid":10000001,"name":"艾尔女孩熊","avatar":"21401","level":1,"serverId":1,"exp":0,"gold":0,"gem":0,"totalRecharge":0,"__v":0,"createAt":"2019-06-01T07:26:53.993Z","lastLoginTime":"2019-06-01T07:26:53.993Z","updateAt":"2019-06-01T07:26:53.993Z"},"heroList":[{"_id":"5cf226adabc47010ce749623","id":21401,"name":"21401","uid":10000001,"quality":4,"level":1,"activie_skill_lv":1,"passive_skill1_lv":0,"passive_skill2_lv":0,"passive_skill3_lv":0,"ctime":1,"__v":0,"createAt":"2019-06-01T07:26:53.995Z","server_id":"5cf226adabc47010ce749623","updateAt":"2019-06-01T07:26:53.995Z"}]}, receivers: [1], opts: {"type":"response"}
[2019-06-02T00:48:44.335] [INFO] pinus - [connector-server-1 application.js] application inited: "connector-server-1"
[2019-06-02T00:48:45.436] [INFO] logger - [connector-server-1 console] connector-server-1 !!!before startup
[2019-06-02T00:48:45.439] [INFO] pinus - [connector-server-1 application.js] "connector-server-1" enter before start...
[2019-06-02T00:48:45.441] [INFO] pinus - [connector-server-1 application.js] "connector-server-1" enter after start...
[2019-06-02T00:48:45.462] [INFO] pinus-admin - [connector-server-1 consoleService.js] try to connect master: "connector", "127.0.0.1", 3005
[2019-06-02T00:48:49.595] [INFO] game - [connector-server-1 conn.ts] "connector-server-1"[1]mongoose db connected OK!
[2019-06-02T00:48:49.834] [WARN] logger - [connector-server-1 console] path is empty, path:/Users/macbookpro/Desktop/tyrannosaurus/game-server/app/servers/http/remote
[2019-06-02T00:48:49.835] [INFO] pinus - [connector-server-1 application.js] "connector-server-1" enter after start...
[2019-06-02T00:48:50.315] [WARN] logger - [connector-server-1 console] path is empty, path:/Users/macbookpro/Desktop/tyrannosaurus/game-server/app/servers/http/handler
[2019-06-02T00:48:50.487] [WARN] logger - [connector-server-1 console] after start all server, use route dictionary :
 connector.entryHandler.enter
connector.entryHandler.onUserLeave
game.p01_playerHandler.onUserLeave
game.p01_playerHandler.p01_loadPlayer
game.p01_playerHandler.p02_ping
gate.gateHandler.queryEntry
[2019-06-02T00:48:50.711] [INFO] pinus - [connector-server-1 application.js] "connector-server-1" finish start
[2019-06-02T00:48:50.712] [INFO] logger - [connector-server-1 console] connector-server-1 !!afterStartup
[2019-06-02T00:48:50.712] [INFO] pinus - [connector-server-1 application.js] "connector-server-1" startup in 6364 ms
[2019-06-02T00:48:50.722] [INFO] logger - [connector-server-1 console] connector-server-1 !!after start all
[2019-06-02T02:05:18.787] [DEBUG] pinus - [connector-server-1 connector.js] [connector-server-1] getSession session is created with session id: 1
[2019-06-02T02:05:18.812] [DEBUG] pinus - [connector-server-1 connector.js] session on [connector-server-1] bind with uid: 10000001
[2019-06-02T02:05:18.817] [DEBUG] pinus - [connector-server-1 connector.js] [connector-server-1] send message reqId: 2, route: connector.entryHandler.enter, msg: {"code":200,"desc":"登录成功","key":"LOGIN_SUCCESS"}, receivers: [1], opts: {"type":"response"}
[2019-06-02T02:05:19.261] [DEBUG] pinus - [connector-server-1 connector.js] [connector-server-1] send message reqId: 3, route: game.p01_playerHandler.p01_loadPlayer, msg: {"code":200,"itemData":[],"userData":{"item":[],"hero":["5cf226adabc47010ce749623"],"_id":"5cf226adabc47010ce749622","uid":10000001,"name":"艾尔女孩熊","avatar":"21401","level":1,"serverId":1,"exp":0,"gold":0,"gem":0,"totalRecharge":0,"__v":0,"createAt":"2019-06-01T07:26:53.993Z","lastLoginTime":"2019-06-01T07:26:53.993Z","updateAt":"2019-06-01T07:26:53.993Z"},"heroList":[{"_id":"5cf226adabc47010ce749623","id":21401,"name":"21401","uid":10000001,"quality":4,"level":1,"activie_skill_lv":1,"passive_skill1_lv":0,"passive_skill2_lv":0,"passive_skill3_lv":0,"ctime":1,"__v":0,"createAt":"2019-06-01T07:26:53.995Z","server_id":"5cf226adabc47010ce749623","updateAt":"2019-06-01T07:26:53.995Z"}]}, receivers: [1], opts: {"type":"response"}
[2019-06-02T02:12:43.746] [DEBUG] pinus - [connector-server-1 sessionService.js] session on [connector-server-1] is closed with session id: 1,uid:10000001,reason:1001
[2019-06-02T04:34:49.813] [ERROR] pinus-admin - [connector-server-1 mqttClient.js] mqtt socket is close, remote server host: 127.0.0.1, port: 3005Error
    at Object.pLogger.(anonymous function) [as error] (/Users/macbookpro/Desktop/tyrannosaurus/game-server/node_modules/pinus-logger/lib/logger.ts:72:34)
    at Connection.<anonymous> (/Users/macbookpro/Desktop/tyrannosaurus/game-server/node_modules/pinus-admin/lib/protocol/mqtt/mqttClient.ts:108:20)
    at Connection.emit (events.js:182:13)
    at Socket.emit (events.js:182:13)
    at TCP._handle.close (net.js:611:12)
[2019-06-02T04:34:50.815] [INFO] pinus-admin - [connector-server-1 mqttClient.js] reconnect delay 1 s
[2019-06-02T04:34:50.826] [ERROR] pinus-admin - [connector-server-1 mqttClient.js] mqtt socket is error, remote server host: 127.0.0.1, port: 3005Error
    at Object.pLogger.(anonymous function) [as error] (/Users/macbookpro/Desktop/tyrannosaurus/game-server/node_modules/pinus-logger/lib/logger.ts:72:34)
    at Connection.<anonymous> (/Users/macbookpro/Desktop/tyrannosaurus/game-server/node_modules/pinus-admin/lib/protocol/mqtt/mqttClient.ts:113:20)
    at Connection.emit (events.js:182:13)
    at Socket.emit (events.js:182:13)
    at emitErrorNT (internal/streams/destroy.js:82:8)
    at emitErrorAndCloseNT (internal/streams/destroy.js:50:3)
    at process.internalTickCallback (internal/process/next_tick.js:72:19)
[2019-06-02T04:34:50.829] [ERROR] pinus-admin - [connector-server-1 mqttClient.js] mqtt socket is close, remote server host: 127.0.0.1, port: 3005Error
    at Object.pLogger.(anonymous function) [as error] (/Users/macbookpro/Desktop/tyrannosaurus/game-server/node_modules/pinus-logger/lib/logger.ts:72:34)
    at Connection.<anonymous> (/Users/macbookpro/Desktop/tyrannosaurus/game-server/node_modules/pinus-admin/lib/protocol/mqtt/mqttClient.ts:108:20)
    at Connection.emit (events.js:182:13)
    at Socket.emit (events.js:182:13)
    at TCP._handle.close (net.js:611:12)
[2019-06-02T04:34:51.390] [ERROR] game - [connector-server-1 conn.ts] 断开数据库链接Error
    at Object.pLogger.(anonymous function) [as error] (/Users/macbookpro/Desktop/tyrannosaurus/game-server/node_modules/pinus-logger/lib/logger.ts:72:34)
    at DBConnection.OnDisconnected (/Users/macbookpro/Desktop/tyrannosaurus/game-server/app/dao/conn.ts:122:16)
    at NativeConnection.emit (events.js:182:13)
    at NativeConnection.set (/Users/macbookpro/Desktop/tyrannosaurus/game-server/node_modules/mongoose/lib/connection.js:121:12)
    at Db.<anonymous> (/Users/macbookpro/Desktop/tyrannosaurus/game-server/node_modules/mongoose/lib/connection.js:593:26)
    at Db.emit (events.js:182:13)
    at Server.listener (/Users/macbookpro/Desktop/tyrannosaurus/game-server/node_modules/mongodb/lib/operations/db_ops.js:340:14)
    at Server.emit (events.js:187:15)
    at Server.<anonymous> (/Users/macbookpro/Desktop/tyrannosaurus/game-server/node_modules/mongodb/lib/topologies/server.js:250:16)
    at Server.emit (events.js:182:13)
    at Pool.<anonymous> (/Users/macbookpro/Desktop/tyrannosaurus/game-server/node_modules/mongodb-core/lib/topologies/server.js:452:12)
    at Pool.emit (events.js:182:13)
    at connectionFailureHandler (/Users/macbookpro/Desktop/tyrannosaurus/game-server/node_modules/mongodb-core/lib/connection/pool.js:268:10)
    at Connection.Pool._connectionCloseHandler (/Users/macbookpro/Desktop/tyrannosaurus/game-server/node_modules/mongodb-core/lib/connection/pool.js:152:5)
    at Connection.emit (events.js:182:13)
    at Socket.<anonymous> (/Users/macbookpro/Desktop/tyrannosaurus/game-server/node_modules/mongodb-core/lib/connection/connection.js:350:12)
    at Object.onceWrapper (events.js:273:13)
    at Socket.emit (events.js:182:13)
    at TCP._handle.close (net.js:611:12) undefined
[2019-06-02T04:34:51.662] [ERROR] logger - [connector-server-1 console] connector-server-1Caught exception: Error: Redis connection to 127.0.0.1:6379 failed - connect ECONNREFUSED 127.0.0.1:6379
    at TCPConnectWrap.afterConnect [as oncomplete] (net.js:1117:14)Error
    at Object.pLogger.(anonymous function) [as error] (/Users/macbookpro/Desktop/tyrannosaurus/game-server/node_modules/pinus-logger/lib/logger.ts:72:34)
    at process.<anonymous> (/Users/macbookpro/Desktop/tyrannosaurus/game-server/preload.ts:33:17)
    at process.emit (events.js:182:13)
    at process.emit (/Users/macbookpro/Desktop/tyrannosaurus/game-server/node_modules/source-map-support/source-map-support.js:461:21)
    at process._fatalException (internal/bootstrap/node.js:622:27)
[2019-06-02T04:34:52.011] [ERROR] logger - [connector-server-1 console] connector-server-1Caught exception: Error: Redis connection to 127.0.0.1:6379 failed - connect ECONNREFUSED 127.0.0.1:6379
    at TCPConnectWrap.afterConnect [as oncomplete] (net.js:1117:14)Error
    at Object.pLogger.(anonymous function) [as error] (/Users/macbookpro/Desktop/tyrannosaurus/game-server/node_modules/pinus-logger/lib/logger.ts:72:34)
    at process.<anonymous> (/Users/macbookpro/Desktop/tyrannosaurus/game-server/preload.ts:33:17)
    at process.emit (events.js:182:13)
    at process.emit (/Users/macbookpro/Desktop/tyrannosaurus/game-server/node_modules/source-map-support/source-map-support.js:461:21)
    at process._fatalException (internal/bootstrap/node.js:622:27)
[2019-06-02T04:34:52.597] [ERROR] logger - [connector-server-1 console] connector-server-1Caught exception: Error: Redis connection to 127.0.0.1:6379 failed - connect ECONNREFUSED 127.0.0.1:6379
    at TCPConnectWrap.afterConnect [as oncomplete] (net.js:1117:14)Error
    at Object.pLogger.(anonymous function) [as error] (/Users/macbookpro/Desktop/tyrannosaurus/game-server/node_modules/pinus-logger/lib/logger.ts:72:34)
    at process.<anonymous> (/Users/macbookpro/Desktop/tyrannosaurus/game-server/preload.ts:33:17)
    at process.emit (events.js:182:13)
    at process.emit (/Users/macbookpro/Desktop/tyrannosaurus/game-server/node_modules/source-map-support/source-map-support.js:461:21)
    at process._fatalException (internal/bootstrap/node.js:622:27)
[2019-06-02T04:34:52.830] [INFO] pinus-admin - [connector-server-1 mqttClient.js] reconnect delay 2 s
[2019-06-02T04:34:52.832] [ERROR] pinus-admin - [connector-server-1 mqttClient.js] mqtt socket is error, remote server host: 127.0.0.1, port: 3005Error
    at Object.pLogger.(anonymous function) [as error] (/Users/macbookpro/Desktop/tyrannosaurus/game-server/node_modules/pinus-logger/lib/logger.ts:72:34)
    at Connection.<anonymous> (/Users/macbookpro/Desktop/tyrannosaurus/game-server/node_modules/pinus-admin/lib/protocol/mqtt/mqttClient.ts:113:20)
    at Connection.emit (events.js:182:13)
    at Socket.emit (events.js:182:13)
    at emitErrorNT (internal/streams/destroy.js:82:8)
    at emitErrorAndCloseNT (internal/streams/destroy.js:50:3)
    at process.internalTickCallback (internal/process/next_tick.js:72:19)
[2019-06-02T04:34:52.833] [ERROR] pinus-admin - [connector-server-1 mqttClient.js] mqtt socket is close, remote server host: 127.0.0.1, port: 3005Error
    at Object.pLogger.(anonymous function) [as error] (/Users/macbookpro/Desktop/tyrannosaurus/game-server/node_modules/pinus-logger/lib/logger.ts:72:34)
    at Connection.<anonymous> (/Users/macbookpro/Desktop/tyrannosaurus/game-server/node_modules/pinus-admin/lib/protocol/mqtt/mqttClient.ts:108:20)
    at Connection.emit (events.js:182:13)
    at Socket.emit (events.js:182:13)
    at TCP._handle.close (net.js:611:12)
[2019-06-02T04:34:53.591] [ERROR] logger - [connector-server-1 console] connector-server-1Caught exception: Error: Redis connection to 127.0.0.1:6379 failed - connect ECONNREFUSED 127.0.0.1:6379
    at TCPConnectWrap.afterConnect [as oncomplete] (net.js:1117:14)Error
    at Object.pLogger.(anonymous function) [as error] (/Users/macbookpro/Desktop/tyrannosaurus/game-server/node_modules/pinus-logger/lib/logger.ts:72:34)
    at process.<anonymous> (/Users/macbookpro/Desktop/tyrannosaurus/game-server/preload.ts:33:17)
    at process.emit (events.js:182:13)
    at process.emit (/Users/macbookpro/Desktop/tyrannosaurus/game-server/node_modules/source-map-support/source-map-support.js:461:21)
    at process._fatalException (internal/bootstrap/node.js:622:27)
[2019-06-04T00:27:47.265] [INFO] pinus - [connector-server-1 application.js] application inited: "connector-server-1"
[2019-06-04T00:27:48.418] [INFO] logger - [connector-server-1 console] connector-server-1 !!!before startup
[2019-06-04T00:27:48.421] [INFO] pinus - [connector-server-1 application.js] "connector-server-1" enter before start...
[2019-06-04T00:27:48.424] [INFO] pinus - [connector-server-1 application.js] "connector-server-1" enter after start...
[2019-06-04T00:27:48.476] [INFO] pinus-admin - [connector-server-1 consoleService.js] try to connect master: "connector", "127.0.0.1", 3005
[2019-06-04T00:27:52.883] [INFO] game - [connector-server-1 conn.ts] "connector-server-1"[1]mongoose db connected OK!
[2019-06-04T00:27:52.907] [WARN] logger - [connector-server-1 console] path is empty, path:/Users/macbookpro/Desktop/tyrannosaurus/game-server/app/servers/http/remote
[2019-06-04T00:27:53.065] [INFO] pinus - [connector-server-1 application.js] "connector-server-1" enter after start...
[2019-06-04T00:27:53.269] [WARN] logger - [connector-server-1 console] path is empty, path:/Users/macbookpro/Desktop/tyrannosaurus/game-server/app/servers/http/handler
[2019-06-04T00:27:53.724] [WARN] logger - [connector-server-1 console] after start all server, use route dictionary :
 connector.entryHandler.enter
connector.entryHandler.onUserLeave
game.p01_playerHandler.onUserLeave
game.p01_playerHandler.p01_loadPlayer
game.p01_playerHandler.p02_ping
gate.gateHandler.queryEntry
[2019-06-04T00:27:53.862] [INFO] pinus - [connector-server-1 application.js] "connector-server-1" finish start
[2019-06-04T00:27:53.866] [INFO] logger - [connector-server-1 console] connector-server-1 !!afterStartup
[2019-06-04T00:27:53.869] [INFO] pinus - [connector-server-1 application.js] "connector-server-1" startup in 6580 ms
[2019-06-04T00:27:53.879] [INFO] logger - [connector-server-1 console] connector-server-1 !!after start all
[2019-06-04T01:52:43.782] [ERROR] pinus-admin - [connector-server-1 mqttClient.js] mqtt socket is close, remote server host: 127.0.0.1, port: 3005Error
    at Object.pLogger.(anonymous function) [as error] (/Users/macbookpro/Desktop/tyrannosaurus/game-server/node_modules/pinus-logger/lib/logger.ts:72:34)
    at Connection.<anonymous> (/Users/macbookpro/Desktop/tyrannosaurus/game-server/node_modules/pinus-admin/lib/protocol/mqtt/mqttClient.ts:108:20)
    at Connection.emit (events.js:182:13)
    at Socket.emit (events.js:182:13)
    at TCP._handle.close (net.js:611:12)
[2019-06-04T01:52:44.406] [ERROR] game - [connector-server-1 conn.ts] 断开数据库链接Error
    at Object.pLogger.(anonymous function) [as error] (/Users/macbookpro/Desktop/tyrannosaurus/game-server/node_modules/pinus-logger/lib/logger.ts:72:34)
    at DBConnection.OnDisconnected (/Users/macbookpro/Desktop/tyrannosaurus/game-server/app/dao/conn.ts:122:16)
    at NativeConnection.emit (events.js:182:13)
    at NativeConnection.set (/Users/macbookpro/Desktop/tyrannosaurus/game-server/node_modules/mongoose/lib/connection.js:121:12)
    at Db.<anonymous> (/Users/macbookpro/Desktop/tyrannosaurus/game-server/node_modules/mongoose/lib/connection.js:593:26)
    at Db.emit (events.js:182:13)
    at Server.listener (/Users/macbookpro/Desktop/tyrannosaurus/game-server/node_modules/mongodb/lib/operations/db_ops.js:340:14)
    at Server.emit (events.js:187:15)
    at Server.<anonymous> (/Users/macbookpro/Desktop/tyrannosaurus/game-server/node_modules/mongodb/lib/topologies/server.js:250:16)
    at Server.emit (events.js:182:13)
    at Pool.<anonymous> (/Users/macbookpro/Desktop/tyrannosaurus/game-server/node_modules/mongodb-core/lib/topologies/server.js:452:12)
    at Pool.emit (events.js:182:13)
    at connectionFailureHandler (/Users/macbookpro/Desktop/tyrannosaurus/game-server/node_modules/mongodb-core/lib/connection/pool.js:268:10)
    at Connection.Pool._connectionCloseHandler (/Users/macbookpro/Desktop/tyrannosaurus/game-server/node_modules/mongodb-core/lib/connection/pool.js:152:5)
    at Connection.emit (events.js:182:13)
    at Socket.<anonymous> (/Users/macbookpro/Desktop/tyrannosaurus/game-server/node_modules/mongodb-core/lib/connection/connection.js:350:12)
    at Object.onceWrapper (events.js:273:13)
    at Socket.emit (events.js:182:13)
    at TCP._handle.close (net.js:611:12) undefined
[2019-06-04T01:52:44.662] [ERROR] logger - [connector-server-1 console] connector-server-1Caught exception: Error: Redis connection to 127.0.0.1:6379 failed - connect ECONNREFUSED 127.0.0.1:6379
    at TCPConnectWrap.afterConnect [as oncomplete] (net.js:1117:14)Error
    at Object.pLogger.(anonymous function) [as error] (/Users/macbookpro/Desktop/tyrannosaurus/game-server/node_modules/pinus-logger/lib/logger.ts:72:34)
    at process.<anonymous> (/Users/macbookpro/Desktop/tyrannosaurus/game-server/preload.ts:33:17)
    at process.emit (events.js:182:13)
    at process.emit (/Users/macbookpro/Desktop/tyrannosaurus/game-server/node_modules/source-map-support/source-map-support.js:461:21)
    at process._fatalException (internal/bootstrap/node.js:622:27)
[2019-06-04T01:52:44.787] [INFO] pinus-admin - [connector-server-1 mqttClient.js] reconnect delay 1 s
[2019-06-04T01:52:44.790] [ERROR] pinus-admin - [connector-server-1 mqttClient.js] mqtt socket is error, remote server host: 127.0.0.1, port: 3005Error
    at Object.pLogger.(anonymous function) [as error] (/Users/macbookpro/Desktop/tyrannosaurus/game-server/node_modules/pinus-logger/lib/logger.ts:72:34)
    at Connection.<anonymous> (/Users/macbookpro/Desktop/tyrannosaurus/game-server/node_modules/pinus-admin/lib/protocol/mqtt/mqttClient.ts:113:20)
    at Connection.emit (events.js:182:13)
    at Socket.emit (events.js:182:13)
    at emitErrorNT (internal/streams/destroy.js:82:8)
    at emitErrorAndCloseNT (internal/streams/destroy.js:50:3)
    at process.internalTickCallback (internal/process/next_tick.js:72:19)
[2019-06-04T01:52:44.792] [ERROR] pinus-admin - [connector-server-1 mqttClient.js] mqtt socket is close, remote server host: 127.0.0.1, port: 3005Error
    at Object.pLogger.(anonymous function) [as error] (/Users/macbookpro/Desktop/tyrannosaurus/game-server/node_modules/pinus-logger/lib/logger.ts:72:34)
    at Connection.<anonymous> (/Users/macbookpro/Desktop/tyrannosaurus/game-server/node_modules/pinus-admin/lib/protocol/mqtt/mqttClient.ts:108:20)
    at Connection.emit (events.js:182:13)
    at Socket.emit (events.js:182:13)
    at TCP._handle.close (net.js:611:12)
[2019-06-04T01:52:45.012] [ERROR] logger - [connector-server-1 console] connector-server-1Caught exception: Error: Redis connection to 127.0.0.1:6379 failed - connect ECONNREFUSED 127.0.0.1:6379
    at TCPConnectWrap.afterConnect [as oncomplete] (net.js:1117:14)Error
    at Object.pLogger.(anonymous function) [as error] (/Users/macbookpro/Desktop/tyrannosaurus/game-server/node_modules/pinus-logger/lib/logger.ts:72:34)
    at process.<anonymous> (/Users/macbookpro/Desktop/tyrannosaurus/game-server/preload.ts:33:17)
    at process.emit (events.js:182:13)
    at process.emit (/Users/macbookpro/Desktop/tyrannosaurus/game-server/node_modules/source-map-support/source-map-support.js:461:21)
    at process._fatalException (internal/bootstrap/node.js:622:27)
[2019-06-04T01:52:45.593] [ERROR] logger - [connector-server-1 console] connector-server-1Caught exception: Error: Redis connection to 127.0.0.1:6379 failed - connect ECONNREFUSED 127.0.0.1:6379
    at TCPConnectWrap.afterConnect [as oncomplete] (net.js:1117:14)Error
    at Object.pLogger.(anonymous function) [as error] (/Users/macbookpro/Desktop/tyrannosaurus/game-server/node_modules/pinus-logger/lib/logger.ts:72:34)
    at process.<anonymous> (/Users/macbookpro/Desktop/tyrannosaurus/game-server/preload.ts:33:17)
    at process.emit (events.js:182:13)
    at process.emit (/Users/macbookpro/Desktop/tyrannosaurus/game-server/node_modules/source-map-support/source-map-support.js:461:21)
    at process._fatalException (internal/bootstrap/node.js:622:27)
