[2019-06-01T15:13:34.106] [INFO] pinus - [name-server-1 application.js] application inited: "name-server-1"
[2019-06-01T15:13:34.139] [INFO] pinus - [name-server-1 application.js] "name-server-1" enter before start...
[2019-06-01T15:13:34.141] [INFO] pinus - [name-server-1 application.js] "name-server-1" enter after start...
[2019-06-01T15:13:34.571] [INFO] pinus-admin - [name-server-1 consoleService.js] try to connect master: "name", "127.0.0.1", 3005
[2019-06-01T15:13:37.187] [INFO] game - [name-server-1 conn.ts] "name-server-1"[1]mongoose db connected OK!
[2019-06-01T15:13:37.218] [WARN] logger - [name-server-1 console] path is empty, path:/Users/macbookpro/Desktop/tyrannosaurus/game-server/app/servers/http/remote
[2019-06-01T15:13:37.221] [INFO] pinus - [name-server-1 application.js] "name-server-1" enter after start...
[2019-06-01T15:13:37.223] [INFO] pinus - [name-server-1 application.js] "name-server-1" finish start
[2019-06-01T15:13:37.224] [INFO] pinus - [name-server-1 application.js] "name-server-1" startup in 3094 ms
[2019-06-01T15:17:41.728] [INFO] pinus - [name-server-1 application.js] application inited: "name-server-1"
[2019-06-01T15:17:41.745] [INFO] pinus - [name-server-1 application.js] "name-server-1" enter before start...
[2019-06-01T15:17:41.746] [INFO] pinus - [name-server-1 application.js] "name-server-1" enter after start...
[2019-06-01T15:17:42.611] [INFO] pinus-admin - [name-server-1 consoleService.js] try to connect master: "name", "127.0.0.1", 3005
[2019-06-01T15:17:46.532] [INFO] game - [name-server-1 conn.ts] "name-server-1"[1]mongoose db connected OK!
[2019-06-01T15:17:46.583] [WARN] logger - [name-server-1 console] path is empty, path:/Users/macbookpro/Desktop/tyrannosaurus/game-server/app/servers/http/remote
[2019-06-01T15:17:46.590] [INFO] pinus - [name-server-1 application.js] "name-server-1" enter after start...
[2019-06-01T15:17:46.592] [INFO] pinus - [name-server-1 application.js] "name-server-1" finish start
[2019-06-01T15:17:46.593] [INFO] pinus - [name-server-1 application.js] "name-server-1" startup in 4852 ms
[2019-06-01T15:17:46.621] [DEBUG] pinus - [name-server-1 monitorwatcher.js] [name-server-1] receive addServer signal: {"action":"addServer","server":{"main":"/Users/macbookpro/Desktop/tyrannosaurus/game-server/tsrun","env":"development","zone":"cn","id":"game-server-1","host":"127.0.0.1","port":5170,"auto-restart":"true","serverType":"game","remoterPaths":[{"namespace":"sys","serverType":"game","path":"/Users/macbookpro/Desktop/tyrannosaurus/game-server/node_modules/pinus/dist/lib/common/remote/backend"}],"handlerPaths":["/Users/macbookpro/Desktop/tyrannosaurus/game-server/app/servers/game/handler"],"pid":4302}}
[2019-06-01T15:17:47.716] [DEBUG] pinus - [name-server-1 monitorwatcher.js] [name-server-1] receive addServer signal: {"action":"addServer","server":{"main":"/Users/macbookpro/Desktop/tyrannosaurus/game-server/tsrun","env":"development","id":"connector-server-1","host":"127.0.0.1","port":4050,"clientPort":3050,"frontend":"true","args":"--inspect=10001","serverType":"connector","remoterPaths":[{"namespace":"sys","serverType":"connector","path":"/Users/macbookpro/Desktop/tyrannosaurus/game-server/node_modules/pinus/dist/lib/common/remote/frontend"}],"handlerPaths":["/Users/macbookpro/Desktop/tyrannosaurus/game-server/app/servers/connector/handler"],"pid":4300}}
[2019-06-01T15:18:05.272] [INFO] logger - [name-server-1 console] connected
[2019-06-01T15:27:21.312] [INFO] pinus - [name-server-1 application.js] application inited: "name-server-1"
[2019-06-01T15:27:21.346] [INFO] pinus - [name-server-1 application.js] "name-server-1" enter before start...
[2019-06-01T15:27:21.347] [INFO] pinus - [name-server-1 application.js] "name-server-1" enter after start...
[2019-06-01T15:27:22.203] [INFO] pinus-admin - [name-server-1 consoleService.js] try to connect master: "name", "127.0.0.1", 3005
[2019-06-01T15:27:25.799] [INFO] game - [name-server-1 conn.ts] "name-server-1"[1]mongoose db connected OK!
[2019-06-01T15:27:25.838] [WARN] logger - [name-server-1 console] path is empty, path:/Users/macbookpro/Desktop/tyrannosaurus/game-server/app/servers/http/remote
[2019-06-01T15:27:25.852] [INFO] pinus - [name-server-1 application.js] "name-server-1" enter after start...
[2019-06-01T15:27:25.854] [INFO] pinus - [name-server-1 application.js] "name-server-1" finish start
[2019-06-01T15:27:25.855] [INFO] pinus - [name-server-1 application.js] "name-server-1" startup in 4515 ms
[2019-06-01T16:07:37.841] [INFO] pinus - [name-server-1 application.js] application inited: "name-server-1"
[2019-06-01T16:07:37.898] [INFO] pinus - [name-server-1 application.js] "name-server-1" enter before start...
[2019-06-01T16:07:37.899] [INFO] pinus - [name-server-1 application.js] "name-server-1" enter after start...
[2019-06-01T16:07:38.698] [INFO] pinus-admin - [name-server-1 consoleService.js] try to connect master: "name", "127.0.0.1", 3005
[2019-06-01T16:07:42.098] [INFO] game - [name-server-1 conn.ts] "name-server-1"[1]mongoose db connected OK!
[2019-06-01T16:07:42.149] [WARN] logger - [name-server-1 console] path is empty, path:/Users/macbookpro/Desktop/tyrannosaurus/game-server/app/servers/http/remote
[2019-06-01T16:07:42.173] [INFO] pinus - [name-server-1 application.js] "name-server-1" enter after start...
[2019-06-01T16:07:42.193] [INFO] pinus - [name-server-1 application.js] "name-server-1" finish start
[2019-06-01T16:07:42.196] [INFO] pinus - [name-server-1 application.js] "name-server-1" startup in 4313 ms
[2019-06-01T16:07:42.714] [DEBUG] pinus - [name-server-1 monitorwatcher.js] [name-server-1] receive addServer signal: {"action":"addServer","server":{"main":"/Users/macbookpro/Desktop/tyrannosaurus/game-server/tsrun","env":"development","id":"connector-server-1","host":"127.0.0.1","port":4050,"clientPort":3050,"frontend":"true","args":"--inspect=10001","serverType":"connector","remoterPaths":[{"namespace":"sys","serverType":"connector","path":"/Users/macbookpro/Desktop/tyrannosaurus/game-server/node_modules/pinus/dist/lib/common/remote/frontend"}],"handlerPaths":["/Users/macbookpro/Desktop/tyrannosaurus/game-server/app/servers/connector/handler"],"pid":5592}}
[2019-06-02T00:00:15.096] [INFO] pinus - [name-server-1 application.js] application inited: "name-server-1"
[2019-06-02T00:00:15.115] [INFO] pinus - [name-server-1 application.js] "name-server-1" enter before start...
[2019-06-02T00:00:15.116] [INFO] pinus - [name-server-1 application.js] "name-server-1" enter after start...
[2019-06-02T00:00:15.678] [INFO] pinus-admin - [name-server-1 consoleService.js] try to connect master: "name", "127.0.0.1", 3005
[2019-06-02T00:00:19.469] [INFO] game - [name-server-1 conn.ts] "name-server-1"[1]mongoose db connected OK!
[2019-06-02T00:00:19.605] [INFO] pinus - [name-server-1 application.js] "name-server-1" enter after start...
[2019-06-02T00:00:19.629] [DEBUG] pinus - [name-server-1 monitorwatcher.js] [name-server-1] receive addServer signal: {"action":"addServer","server":{"main":"/Users/macbookpro/Desktop/tyrannosaurus/game-server/tsrun","env":"development","zone":"cn","id":"http-server-1","host":"127.0.0.1","port":6170,"auto-restart":"true","serverType":"http","remoterPaths":[{"namespace":"sys","serverType":"http","path":"/Users/macbookpro/Desktop/tyrannosaurus/game-server/node_modules/pinus/dist/lib/common/remote/backend"},{"namespace":"user","serverType":"http","path":"/Users/macbookpro/Desktop/tyrannosaurus/game-server/app/servers/http/remote"}],"handlerPaths":["/Users/macbookpro/Desktop/tyrannosaurus/game-server/app/servers/http/handler"],"pid":10398}}
[2019-06-02T00:00:19.631] [WARN] logger - [name-server-1 console] path is empty, path:/Users/macbookpro/Desktop/tyrannosaurus/game-server/app/servers/http/remote
[2019-06-02T00:00:19.633] [INFO] pinus - [name-server-1 application.js] "name-server-1" finish start
[2019-06-02T00:00:19.634] [INFO] pinus - [name-server-1 application.js] "name-server-1" startup in 4524 ms
[2019-06-02T00:00:20.012] [DEBUG] pinus - [name-server-1 monitorwatcher.js] [name-server-1] receive addServer signal: {"action":"addServer","server":{"main":"/Users/macbookpro/Desktop/tyrannosaurus/game-server/tsrun","env":"development","id":"connector-server-1","host":"127.0.0.1","port":4050,"clientPort":3050,"frontend":"true","args":"--inspect=10001","serverType":"connector","remoterPaths":[{"namespace":"sys","serverType":"connector","path":"/Users/macbookpro/Desktop/tyrannosaurus/game-server/node_modules/pinus/dist/lib/common/remote/frontend"}],"handlerPaths":["/Users/macbookpro/Desktop/tyrannosaurus/game-server/app/servers/connector/handler"],"pid":10395}}
[2019-06-02T00:48:43.665] [INFO] pinus - [name-server-1 application.js] application inited: "name-server-1"
[2019-06-02T00:48:43.683] [INFO] pinus - [name-server-1 application.js] "name-server-1" enter before start...
[2019-06-02T00:48:43.684] [INFO] pinus - [name-server-1 application.js] "name-server-1" enter after start...
[2019-06-02T00:48:44.346] [INFO] pinus-admin - [name-server-1 consoleService.js] try to connect master: "name", "127.0.0.1", 3005
[2019-06-02T00:48:48.714] [INFO] game - [name-server-1 conn.ts] "name-server-1"[1]mongoose db connected OK!
[2019-06-02T00:48:48.787] [INFO] pinus - [name-server-1 application.js] "name-server-1" enter after start...
[2019-06-02T00:48:48.795] [INFO] pinus - [name-server-1 application.js] "name-server-1" finish start
[2019-06-02T00:48:48.796] [INFO] pinus - [name-server-1 application.js] "name-server-1" startup in 5120 ms
[2019-06-02T00:48:48.836] [DEBUG] pinus - [name-server-1 monitorwatcher.js] [name-server-1] receive addServer signal: {"action":"addServer","server":{"main":"/Users/macbookpro/Desktop/tyrannosaurus/game-server/tsrun","env":"development","zone":"cn","id":"game-server-1","host":"127.0.0.1","port":5170,"auto-restart":"true","serverType":"game","remoterPaths":[{"namespace":"sys","serverType":"game","path":"/Users/macbookpro/Desktop/tyrannosaurus/game-server/node_modules/pinus/dist/lib/common/remote/backend"}],"handlerPaths":["/Users/macbookpro/Desktop/tyrannosaurus/game-server/app/servers/game/handler"],"pid":11617}}
[2019-06-02T00:48:49.044] [DEBUG] pinus - [name-server-1 monitorwatcher.js] [name-server-1] receive addServer signal: {"action":"addServer","server":{"main":"/Users/macbookpro/Desktop/tyrannosaurus/game-server/tsrun","env":"development","zone":"cn","id":"http-server-1","host":"127.0.0.1","port":6170,"auto-restart":"true","serverType":"http","remoterPaths":[{"namespace":"sys","serverType":"http","path":"/Users/macbookpro/Desktop/tyrannosaurus/game-server/node_modules/pinus/dist/lib/common/remote/backend"},{"namespace":"user","serverType":"http","path":"/Users/macbookpro/Desktop/tyrannosaurus/game-server/app/servers/http/remote"}],"handlerPaths":["/Users/macbookpro/Desktop/tyrannosaurus/game-server/app/servers/http/handler"],"pid":11618}}
[2019-06-02T00:48:49.047] [WARN] logger - [name-server-1 console] path is empty, path:/Users/macbookpro/Desktop/tyrannosaurus/game-server/app/servers/http/remote
[2019-06-02T00:48:49.585] [DEBUG] pinus - [name-server-1 monitorwatcher.js] [name-server-1] receive addServer signal: {"action":"addServer","server":{"main":"/Users/macbookpro/Desktop/tyrannosaurus/game-server/tsrun","env":"development","id":"connector-server-1","host":"127.0.0.1","port":4050,"clientPort":3050,"frontend":"true","args":"--inspect=10001","serverType":"connector","remoterPaths":[{"namespace":"sys","serverType":"connector","path":"/Users/macbookpro/Desktop/tyrannosaurus/game-server/node_modules/pinus/dist/lib/common/remote/frontend"}],"handlerPaths":["/Users/macbookpro/Desktop/tyrannosaurus/game-server/app/servers/connector/handler"],"pid":11615}}
[2019-06-02T04:34:49.807] [ERROR] pinus-admin - [name-server-1 mqttClient.js] mqtt socket is close, remote server host: 127.0.0.1, port: 3005Error
    at Object.pLogger.(anonymous function) [as error] (/Users/macbookpro/Desktop/tyrannosaurus/game-server/node_modules/pinus-logger/lib/logger.ts:72:34)
    at Connection.<anonymous> (/Users/macbookpro/Desktop/tyrannosaurus/game-server/node_modules/pinus-admin/lib/protocol/mqtt/mqttClient.ts:108:20)
    at Connection.emit (events.js:182:13)
    at Socket.emit (events.js:182:13)
    at TCP._handle.close (net.js:611:12)
[2019-06-02T04:34:50.810] [INFO] pinus-admin - [name-server-1 mqttClient.js] reconnect delay 1 s
[2019-06-02T04:34:50.818] [ERROR] pinus-admin - [name-server-1 mqttClient.js] mqtt socket is error, remote server host: 127.0.0.1, port: 3005Error
    at Object.pLogger.(anonymous function) [as error] (/Users/macbookpro/Desktop/tyrannosaurus/game-server/node_modules/pinus-logger/lib/logger.ts:72:34)
    at Connection.<anonymous> (/Users/macbookpro/Desktop/tyrannosaurus/game-server/node_modules/pinus-admin/lib/protocol/mqtt/mqttClient.ts:113:20)
    at Connection.emit (events.js:182:13)
    at Socket.emit (events.js:182:13)
    at emitErrorNT (internal/streams/destroy.js:82:8)
    at emitErrorAndCloseNT (internal/streams/destroy.js:50:3)
    at process.internalTickCallback (internal/process/next_tick.js:72:19)
[2019-06-02T04:34:50.821] [ERROR] pinus-admin - [name-server-1 mqttClient.js] mqtt socket is close, remote server host: 127.0.0.1, port: 3005Error
    at Object.pLogger.(anonymous function) [as error] (/Users/macbookpro/Desktop/tyrannosaurus/game-server/node_modules/pinus-logger/lib/logger.ts:72:34)
    at Connection.<anonymous> (/Users/macbookpro/Desktop/tyrannosaurus/game-server/node_modules/pinus-admin/lib/protocol/mqtt/mqttClient.ts:108:20)
    at Connection.emit (events.js:182:13)
    at Socket.emit (events.js:182:13)
    at TCP._handle.close (net.js:611:12)
[2019-06-02T04:34:51.398] [ERROR] game - [name-server-1 conn.ts] 断开数据库链接Error
    at Object.pLogger.(anonymous function) [as error] (/Users/macbookpro/Desktop/tyrannosaurus/game-server/node_modules/pinus-logger/lib/logger.ts:72:34)
    at DBConnection.OnDisconnected (/Users/macbookpro/Desktop/tyrannosaurus/game-server/app/dao/conn.ts:122:16)
    at NativeConnection.emit (events.js:182:13)
    at NativeConnection.set (/Users/macbookpro/Desktop/tyrannosaurus/game-server/node_modules/mongoose/lib/connection.js:121:12)
    at Db.<anonymous> (/Users/macbookpro/Desktop/tyrannosaurus/game-server/node_modules/mongoose/lib/connection.js:593:26)
    at Db.emit (events.js:182:13)
    at Server.listener (/Users/macbookpro/Desktop/tyrannosaurus/game-server/node_modules/mongodb/lib/operations/db_ops.js:340:14)
    at Server.emit (events.js:187:15)
    at Server.<anonymous> (/Users/macbookpro/Desktop/tyrannosaurus/game-server/node_modules/mongodb/lib/topologies/server.js:250:16)
    at Server.emit (events.js:182:13)
    at Pool.<anonymous> (/Users/macbookpro/Desktop/tyrannosaurus/game-server/node_modules/mongodb-core/lib/topologies/server.js:452:12)
    at Pool.emit (events.js:182:13)
    at connectionFailureHandler (/Users/macbookpro/Desktop/tyrannosaurus/game-server/node_modules/mongodb-core/lib/connection/pool.js:268:10)
    at Connection.Pool._connectionCloseHandler (/Users/macbookpro/Desktop/tyrannosaurus/game-server/node_modules/mongodb-core/lib/connection/pool.js:152:5)
    at Connection.emit (events.js:182:13)
    at Socket.<anonymous> (/Users/macbookpro/Desktop/tyrannosaurus/game-server/node_modules/mongodb-core/lib/connection/connection.js:350:12)
    at Object.onceWrapper (events.js:273:13)
    at Socket.emit (events.js:182:13)
    at TCP._handle.close (net.js:611:12) undefined
[2019-06-02T04:34:51.664] [ERROR] logger - [name-server-1 console] name-server-1Caught exception: Error: Redis connection to 127.0.0.1:6379 failed - connect ECONNREFUSED 127.0.0.1:6379
    at TCPConnectWrap.afterConnect [as oncomplete] (net.js:1117:14)Error
    at Object.pLogger.(anonymous function) [as error] (/Users/macbookpro/Desktop/tyrannosaurus/game-server/node_modules/pinus-logger/lib/logger.ts:72:34)
    at process.<anonymous> (/Users/macbookpro/Desktop/tyrannosaurus/game-server/preload.ts:33:17)
    at process.emit (events.js:182:13)
    at process.emit (/Users/macbookpro/Desktop/tyrannosaurus/game-server/node_modules/source-map-support/source-map-support.js:461:21)
    at process._fatalException (internal/bootstrap/node.js:622:27)
[2019-06-02T04:34:52.013] [ERROR] logger - [name-server-1 console] name-server-1Caught exception: Error: Redis connection to 127.0.0.1:6379 failed - connect ECONNREFUSED 127.0.0.1:6379
    at TCPConnectWrap.afterConnect [as oncomplete] (net.js:1117:14)Error
    at Object.pLogger.(anonymous function) [as error] (/Users/macbookpro/Desktop/tyrannosaurus/game-server/node_modules/pinus-logger/lib/logger.ts:72:34)
    at process.<anonymous> (/Users/macbookpro/Desktop/tyrannosaurus/game-server/preload.ts:33:17)
    at process.emit (events.js:182:13)
    at process.emit (/Users/macbookpro/Desktop/tyrannosaurus/game-server/node_modules/source-map-support/source-map-support.js:461:21)
    at process._fatalException (internal/bootstrap/node.js:622:27)
[2019-06-02T04:34:52.599] [ERROR] logger - [name-server-1 console] name-server-1Caught exception: Error: Redis connection to 127.0.0.1:6379 failed - connect ECONNREFUSED 127.0.0.1:6379
    at TCPConnectWrap.afterConnect [as oncomplete] (net.js:1117:14)Error
    at Object.pLogger.(anonymous function) [as error] (/Users/macbookpro/Desktop/tyrannosaurus/game-server/node_modules/pinus-logger/lib/logger.ts:72:34)
    at process.<anonymous> (/Users/macbookpro/Desktop/tyrannosaurus/game-server/preload.ts:33:17)
    at process.emit (events.js:182:13)
    at process.emit (/Users/macbookpro/Desktop/tyrannosaurus/game-server/node_modules/source-map-support/source-map-support.js:461:21)
    at process._fatalException (internal/bootstrap/node.js:622:27)
[2019-06-02T04:34:52.826] [INFO] pinus-admin - [name-server-1 mqttClient.js] reconnect delay 2 s
[2019-06-02T04:34:52.830] [ERROR] pinus-admin - [name-server-1 mqttClient.js] mqtt socket is error, remote server host: 127.0.0.1, port: 3005Error
    at Object.pLogger.(anonymous function) [as error] (/Users/macbookpro/Desktop/tyrannosaurus/game-server/node_modules/pinus-logger/lib/logger.ts:72:34)
    at Connection.<anonymous> (/Users/macbookpro/Desktop/tyrannosaurus/game-server/node_modules/pinus-admin/lib/protocol/mqtt/mqttClient.ts:113:20)
    at Connection.emit (events.js:182:13)
    at Socket.emit (events.js:182:13)
    at emitErrorNT (internal/streams/destroy.js:82:8)
    at emitErrorAndCloseNT (internal/streams/destroy.js:50:3)
    at process.internalTickCallback (internal/process/next_tick.js:72:19)
[2019-06-02T04:34:52.832] [ERROR] pinus-admin - [name-server-1 mqttClient.js] mqtt socket is close, remote server host: 127.0.0.1, port: 3005Error
    at Object.pLogger.(anonymous function) [as error] (/Users/macbookpro/Desktop/tyrannosaurus/game-server/node_modules/pinus-logger/lib/logger.ts:72:34)
    at Connection.<anonymous> (/Users/macbookpro/Desktop/tyrannosaurus/game-server/node_modules/pinus-admin/lib/protocol/mqtt/mqttClient.ts:108:20)
    at Connection.emit (events.js:182:13)
    at Socket.emit (events.js:182:13)
    at TCP._handle.close (net.js:611:12)
[2019-06-02T04:34:53.588] [ERROR] logger - [name-server-1 console] name-server-1Caught exception: Error: Redis connection to 127.0.0.1:6379 failed - connect ECONNREFUSED 127.0.0.1:6379
    at TCPConnectWrap.afterConnect [as oncomplete] (net.js:1117:14)Error
    at Object.pLogger.(anonymous function) [as error] (/Users/macbookpro/Desktop/tyrannosaurus/game-server/node_modules/pinus-logger/lib/logger.ts:72:34)
    at process.<anonymous> (/Users/macbookpro/Desktop/tyrannosaurus/game-server/preload.ts:33:17)
    at process.emit (events.js:182:13)
    at process.emit (/Users/macbookpro/Desktop/tyrannosaurus/game-server/node_modules/source-map-support/source-map-support.js:461:21)
    at process._fatalException (internal/bootstrap/node.js:622:27)
[2019-06-04T00:27:46.707] [INFO] pinus - [name-server-1 application.js] application inited: "name-server-1"
[2019-06-04T00:27:46.762] [INFO] pinus - [name-server-1 application.js] "name-server-1" enter before start...
[2019-06-04T00:27:46.766] [INFO] pinus - [name-server-1 application.js] "name-server-1" enter after start...
[2019-06-04T00:27:47.405] [INFO] pinus-admin - [name-server-1 consoleService.js] try to connect master: "name", "127.0.0.1", 3005
[2019-06-04T00:27:52.128] [INFO] game - [name-server-1 conn.ts] "name-server-1"[1]mongoose db connected OK!
[2019-06-04T00:27:52.169] [WARN] logger - [name-server-1 console] path is empty, path:/Users/macbookpro/Desktop/tyrannosaurus/game-server/app/servers/http/remote
[2019-06-04T00:27:52.252] [INFO] pinus - [name-server-1 application.js] "name-server-1" enter after start...
[2019-06-04T00:27:52.295] [INFO] pinus - [name-server-1 application.js] "name-server-1" finish start
[2019-06-04T00:27:52.309] [INFO] pinus - [name-server-1 application.js] "name-server-1" startup in 5565 ms
[2019-06-04T00:27:52.862] [DEBUG] pinus - [name-server-1 monitorwatcher.js] [name-server-1] receive addServer signal: {"action":"addServer","server":{"main":"/Users/macbookpro/Desktop/tyrannosaurus/game-server/tsrun","env":"development","id":"connector-server-1","host":"127.0.0.1","port":4050,"clientPort":3050,"frontend":"true","args":"--inspect=10001","serverType":"connector","remoterPaths":[{"namespace":"sys","serverType":"connector","path":"/Users/macbookpro/Desktop/tyrannosaurus/game-server/node_modules/pinus/dist/lib/common/remote/frontend"}],"handlerPaths":["/Users/macbookpro/Desktop/tyrannosaurus/game-server/app/servers/connector/handler"],"pid":709}}
[2019-06-04T01:52:43.767] [ERROR] pinus-admin - [name-server-1 mqttClient.js] mqtt socket is close, remote server host: 127.0.0.1, port: 3005Error
    at Object.pLogger.(anonymous function) [as error] (/Users/macbookpro/Desktop/tyrannosaurus/game-server/node_modules/pinus-logger/lib/logger.ts:72:34)
    at Connection.<anonymous> (/Users/macbookpro/Desktop/tyrannosaurus/game-server/node_modules/pinus-admin/lib/protocol/mqtt/mqttClient.ts:108:20)
    at Connection.emit (events.js:182:13)
    at Socket.emit (events.js:182:13)
    at TCP._handle.close (net.js:611:12)
[2019-06-04T01:52:44.401] [ERROR] game - [name-server-1 conn.ts] 断开数据库链接Error
    at Object.pLogger.(anonymous function) [as error] (/Users/macbookpro/Desktop/tyrannosaurus/game-server/node_modules/pinus-logger/lib/logger.ts:72:34)
    at DBConnection.OnDisconnected (/Users/macbookpro/Desktop/tyrannosaurus/game-server/app/dao/conn.ts:122:16)
    at NativeConnection.emit (events.js:182:13)
    at NativeConnection.set (/Users/macbookpro/Desktop/tyrannosaurus/game-server/node_modules/mongoose/lib/connection.js:121:12)
    at Db.<anonymous> (/Users/macbookpro/Desktop/tyrannosaurus/game-server/node_modules/mongoose/lib/connection.js:593:26)
    at Db.emit (events.js:182:13)
    at Server.listener (/Users/macbookpro/Desktop/tyrannosaurus/game-server/node_modules/mongodb/lib/operations/db_ops.js:340:14)
    at Server.emit (events.js:187:15)
    at Server.<anonymous> (/Users/macbookpro/Desktop/tyrannosaurus/game-server/node_modules/mongodb/lib/topologies/server.js:250:16)
    at Server.emit (events.js:182:13)
    at Pool.<anonymous> (/Users/macbookpro/Desktop/tyrannosaurus/game-server/node_modules/mongodb-core/lib/topologies/server.js:452:12)
    at Pool.emit (events.js:182:13)
    at connectionFailureHandler (/Users/macbookpro/Desktop/tyrannosaurus/game-server/node_modules/mongodb-core/lib/connection/pool.js:268:10)
    at Connection.Pool._connectionCloseHandler (/Users/macbookpro/Desktop/tyrannosaurus/game-server/node_modules/mongodb-core/lib/connection/pool.js:152:5)
    at Connection.emit (events.js:182:13)
    at Socket.<anonymous> (/Users/macbookpro/Desktop/tyrannosaurus/game-server/node_modules/mongodb-core/lib/connection/connection.js:350:12)
    at Object.onceWrapper (events.js:273:13)
    at Socket.emit (events.js:182:13)
    at TCP._handle.close (net.js:611:12) undefined
[2019-06-04T01:52:44.668] [ERROR] logger - [name-server-1 console] name-server-1Caught exception: Error: Redis connection to 127.0.0.1:6379 failed - connect ECONNREFUSED 127.0.0.1:6379
    at TCPConnectWrap.afterConnect [as oncomplete] (net.js:1117:14)Error
    at Object.pLogger.(anonymous function) [as error] (/Users/macbookpro/Desktop/tyrannosaurus/game-server/node_modules/pinus-logger/lib/logger.ts:72:34)
    at process.<anonymous> (/Users/macbookpro/Desktop/tyrannosaurus/game-server/preload.ts:33:17)
    at process.emit (events.js:182:13)
    at process.emit (/Users/macbookpro/Desktop/tyrannosaurus/game-server/node_modules/source-map-support/source-map-support.js:461:21)
    at process._fatalException (internal/bootstrap/node.js:622:27)
[2019-06-04T01:52:44.777] [INFO] pinus-admin - [name-server-1 mqttClient.js] reconnect delay 1 s
[2019-06-04T01:52:44.781] [ERROR] pinus-admin - [name-server-1 mqttClient.js] mqtt socket is error, remote server host: 127.0.0.1, port: 3005Error
    at Object.pLogger.(anonymous function) [as error] (/Users/macbookpro/Desktop/tyrannosaurus/game-server/node_modules/pinus-logger/lib/logger.ts:72:34)
    at Connection.<anonymous> (/Users/macbookpro/Desktop/tyrannosaurus/game-server/node_modules/pinus-admin/lib/protocol/mqtt/mqttClient.ts:113:20)
    at Connection.emit (events.js:182:13)
    at Socket.emit (events.js:182:13)
    at emitErrorNT (internal/streams/destroy.js:82:8)
    at emitErrorAndCloseNT (internal/streams/destroy.js:50:3)
    at process.internalTickCallback (internal/process/next_tick.js:72:19)
[2019-06-04T01:52:44.782] [ERROR] pinus-admin - [name-server-1 mqttClient.js] mqtt socket is close, remote server host: 127.0.0.1, port: 3005Error
    at Object.pLogger.(anonymous function) [as error] (/Users/macbookpro/Desktop/tyrannosaurus/game-server/node_modules/pinus-logger/lib/logger.ts:72:34)
    at Connection.<anonymous> (/Users/macbookpro/Desktop/tyrannosaurus/game-server/node_modules/pinus-admin/lib/protocol/mqtt/mqttClient.ts:108:20)
    at Connection.emit (events.js:182:13)
    at Socket.emit (events.js:182:13)
    at TCP._handle.close (net.js:611:12)
[2019-06-04T01:52:45.013] [ERROR] logger - [name-server-1 console] name-server-1Caught exception: Error: Redis connection to 127.0.0.1:6379 failed - connect ECONNREFUSED 127.0.0.1:6379
    at TCPConnectWrap.afterConnect [as oncomplete] (net.js:1117:14)Error
    at Object.pLogger.(anonymous function) [as error] (/Users/macbookpro/Desktop/tyrannosaurus/game-server/node_modules/pinus-logger/lib/logger.ts:72:34)
    at process.<anonymous> (/Users/macbookpro/Desktop/tyrannosaurus/game-server/preload.ts:33:17)
    at process.emit (events.js:182:13)
    at process.emit (/Users/macbookpro/Desktop/tyrannosaurus/game-server/node_modules/source-map-support/source-map-support.js:461:21)
    at process._fatalException (internal/bootstrap/node.js:622:27)
[2019-06-04T01:52:45.596] [ERROR] logger - [name-server-1 console] name-server-1Caught exception: Error: Redis connection to 127.0.0.1:6379 failed - connect ECONNREFUSED 127.0.0.1:6379
    at TCPConnectWrap.afterConnect [as oncomplete] (net.js:1117:14)Error
    at Object.pLogger.(anonymous function) [as error] (/Users/macbookpro/Desktop/tyrannosaurus/game-server/node_modules/pinus-logger/lib/logger.ts:72:34)
    at process.<anonymous> (/Users/macbookpro/Desktop/tyrannosaurus/game-server/preload.ts:33:17)
    at process.emit (events.js:182:13)
    at process.emit (/Users/macbookpro/Desktop/tyrannosaurus/game-server/node_modules/source-map-support/source-map-support.js:461:21)
    at process._fatalException (internal/bootstrap/node.js:622:27)
